2024-12-04 16:42:13,759 - INFO - libssl detected, it will be used for encryption
2024-12-04 16:42:13,877 - INFO - ==================================================
2024-12-04 16:42:13,877 - INFO - Starting Token Finder Script
2024-12-04 16:42:13,877 - INFO - Current Directory: /home/ubuntu/Birdeye_Dashboard/Bots/Fib/Execution_Algo
2024-12-04 16:42:13,877 - INFO - Root Directory: /home/ubuntu/Birdeye_Dashboard
2024-12-04 16:42:13,877 - INFO - Environment File Path: /home/ubuntu/Birdeye_Dashboard/APIs/Telegram_PirbView/.env
2024-12-04 16:42:13,877 - INFO - ==================================================
2024-12-04 16:42:13,877 - INFO - Starting main loop with credentials:
2024-12-04 16:42:13,877 - INFO - API_ID exists: True
2024-12-04 16:42:13,877 - INFO - API_HASH exists: True
2024-12-04 16:42:13,877 - INFO - Starting new analysis cycle
2024-12-04 16:42:13,878 - INFO - Running Dataset Generator...
2024-12-04 16:42:13,878 - INFO - Dataset Generator path: /home/ubuntu/Birdeye_Dashboard/Bots/Fib/Dataset_Generator_Rugcheck_Automated.py
2024-12-04 16:42:13,878 - INFO - File exists: True
2024-12-04 16:42:13,878 - INFO - PYTHONPATH set to: /home/ubuntu/Birdeye_Dashboard:/home/ubuntu/Birdeye_Dashboard/Bots/Fib
2024-12-04 16:42:13,878 - INFO - Changed directory to: /home/ubuntu/Birdeye_Dashboard/Bots/Fib
2024-12-04 16:42:15,197 - INFO - Dataset Generator: {"success":true,"data":["solana","ethereum","arbitrum","avalanche","bsc","optimism","polygon","base","zksync"]}
2024-12-04 16:42:15,201 - INFO - Dataset Generator: Current Directory: /home/ubuntu/Birdeye_Dashboard/Bots/Fib
2024-12-04 16:42:15,201 - INFO - Dataset Generator: Root Directory: /home/ubuntu/Birdeye_Dashboard
2024-12-04 16:42:15,201 - INFO - Dataset Generator: Python Path: ['/home/ubuntu/Birdeye_Dashboard/Bots/Fib', '/home/ubuntu/Birdeye_Dashboard', '/home/ubuntu/Birdeye_Dashboard/Bots/Fib', '/home/ubuntu/miniconda3/lib/python312.zip', '/home/ubuntu/miniconda3/lib/python3.12', '/home/ubuntu/miniconda3/lib/python3.12/lib-dynload', '/home/ubuntu/miniconda3/lib/python3.12/site-packages', '/home/ubuntu/Birdeye_Dashboard', '/home/ubuntu', '/home/ubuntu/Birdeye_Dashboard/APIs/Rugcheck']
2024-12-04 16:42:15,201 - INFO - Dataset Generator: 
2024-12-04 16:42:15,201 - INFO - Dataset Generator: --------------------------------
2024-12-04 16:42:15,201 - INFO - Dataset Generator: 
2024-12-04 16:42:15,201 - INFO - Dataset Generator: Running on: solana
2024-12-04 16:42:15,201 - INFO - Dataset Generator: 
2024-12-04 16:42:15,202 - INFO - Dataset Generator: --------------------------------
2024-12-04 16:42:15,202 - INFO - Dataset Generator: 
2024-12-04 16:42:15,202 - INFO - Dataset Generator: NEW TOKEN FILTERS:
2024-12-04 16:42:15,202 - INFO - Dataset Generator: 
2024-12-04 16:42:15,202 - INFO - Dataset Generator: Min Liquidity: 4K
2024-12-04 16:42:15,202 - INFO - Dataset Generator: Max Liquidity: 400K
2024-12-04 16:42:15,202 - INFO - Dataset Generator: Min Market Cap: 200K
2024-12-04 16:42:15,202 - INFO - Dataset Generator: Max Market Cap: 3.00Mil
2024-12-04 16:42:15,202 - INFO - Dataset Generator: Filtering New Tokens for: 0 days, 18 hours, 0 minutes back
2024-12-04 16:42:15,202 - INFO - Dataset Generator: Token Launch Liquidity Filter: 4K
2024-12-04 16:42:15,202 - INFO - Dataset Generator: RugCheck Risk Score Threshold: 10000
2024-12-04 16:42:15,202 - INFO - Dataset Generator: 
2024-12-04 16:42:15,202 - INFO - Dataset Generator: --------------------------------
2024-12-04 16:42:15,202 - INFO - Dataset Generator: 
2024-12-04 16:42:15,202 - INFO - Dataset Generator: Collecting New Token Listings...
2024-12-04 16:42:15,202 - INFO - Dataset Generator: 
2024-12-04 16:42:15,202 - INFO - Dataset Generator: --------------------------------
2024-12-04 16:42:15,202 - INFO - Dataset Generator: 
