2024-12-08 19:26:08,246 - INFO - Sending command: /s DiyYPrXyKjiD1xTFsZRppEmYmkrmEpQrVqDJYUL3pump
2024-12-08 19:26:41,974 - INFO - Disconnected from Telegram
2024-12-08 19:26:44,013 - INFO - Sending command: /s 5c3PdTbM5NTgUsApv2GpYch5bgxvfUJudWEbsCsKpump
2024-12-08 19:26:44,013 - INFO - Sending command: /s 5c3PdTbM5NTgUsApv2GpYch5bgxvfUJudWEbsCsKpump
2024-12-08 19:27:54,355 - INFO - Disconnected from Telegram
2024-12-08 19:27:54,355 - INFO - Disconnected from Telegram
2024-12-12 03:29:16,142 - INFO - Sending command: /s CEyqpXcqxSYxJEZY91HurPKErPZsKK9ggJQrNmWLpump
2024-12-12 03:51:29,318 - INFO - Sending command: /s GEpKxmMkeXycPkBV7AnTozVhoSvAha8XggRrPnzppump
2024-12-12 04:39:54,135 - INFO - Sending command: /s 7rJp1KhptfCXd6K46bQzaGRYYUboyPE1u6fzEYBKffZB
2024-12-12 04:40:11,468 - INFO - Disconnected from Telegram
2024-12-12 04:40:11,994 - INFO - Sending command: /s 3KCDgWw1C6PdjUsUXonYm6TGaDWKsLxmEjdBP7s8pump
2024-12-12 04:40:11,994 - INFO - Sending command: /s 3KCDgWw1C6PdjUsUXonYm6TGaDWKsLxmEjdBP7s8pump
2024-12-12 04:51:28,528 - INFO - Sending command: /s 7rJp1KhptfCXd6K46bQzaGRYYUboyPE1u6fzEYBKffZB
2024-12-12 16:33:54,962 - INFO - Sending command: /s 6f41LGHuU2HVV67ao9GwJ6kv2jNUz9HL6FJPVYcJpump
2024-12-12 16:34:29,063 - INFO - Disconnected from Telegram
2024-12-12 16:34:29,764 - INFO - Sending command: /s tqrRt3AsuGa3aYYSvABMDrPJEWVzpAnh3p6LxXGpump
2024-12-12 16:34:29,764 - INFO - Sending command: /s tqrRt3AsuGa3aYYSvABMDrPJEWVzpAnh3p6LxXGpump
2024-12-12 16:34:51,960 - INFO - Disconnected from Telegram
2024-12-12 16:34:51,960 - INFO - Disconnected from Telegram
2024-12-12 16:34:52,724 - INFO - Sending command: /s KnrmAHo1wW2fGqVXcSZSpo6kmiKam5vNbDByrURpump
2024-12-12 16:34:52,724 - INFO - Sending command: /s KnrmAHo1wW2fGqVXcSZSpo6kmiKam5vNbDByrURpump
2024-12-12 16:34:52,724 - INFO - Sending command: /s KnrmAHo1wW2fGqVXcSZSpo6kmiKam5vNbDByrURpump
2024-12-12 16:35:30,252 - INFO - Disconnected from Telegram
2024-12-12 16:35:30,252 - INFO - Disconnected from Telegram
2024-12-12 16:35:30,252 - INFO - Disconnected from Telegram
2024-12-12 16:35:31,285 - INFO - Sending command: /s 3KCDgWw1C6PdjUsUXonYm6TGaDWKsLxmEjdBP7s8pump
2024-12-12 16:35:31,285 - INFO - Sending command: /s 3KCDgWw1C6PdjUsUXonYm6TGaDWKsLxmEjdBP7s8pump
2024-12-12 16:35:31,285 - INFO - Sending command: /s 3KCDgWw1C6PdjUsUXonYm6TGaDWKsLxmEjdBP7s8pump
2024-12-12 16:35:31,285 - INFO - Sending command: /s 3KCDgWw1C6PdjUsUXonYm6TGaDWKsLxmEjdBP7s8pump
2024-12-12 16:36:11,053 - INFO - Disconnected from Telegram
2024-12-12 16:36:11,053 - INFO - Disconnected from Telegram
2024-12-12 16:36:11,053 - INFO - Disconnected from Telegram
2024-12-12 16:36:11,053 - INFO - Disconnected from Telegram
2024-12-12 16:36:12,740 - INFO - Sending command: /s 68YY6KjfnmPuQubYkFTsmXGaF2FuwcxumWLFxb6cpump
2024-12-12 16:36:12,740 - INFO - Sending command: /s 68YY6KjfnmPuQubYkFTsmXGaF2FuwcxumWLFxb6cpump
2024-12-12 16:36:12,740 - INFO - Sending command: /s 68YY6KjfnmPuQubYkFTsmXGaF2FuwcxumWLFxb6cpump
2024-12-12 16:36:12,740 - INFO - Sending command: /s 68YY6KjfnmPuQubYkFTsmXGaF2FuwcxumWLFxb6cpump
2024-12-12 16:36:12,740 - INFO - Sending command: /s 68YY6KjfnmPuQubYkFTsmXGaF2FuwcxumWLFxb6cpump
2024-12-12 17:51:20,558 - INFO - Sending command: /s 6f41LGHuU2HVV67ao9GwJ6kv2jNUz9HL6FJPVYcJpump
2024-12-12 17:51:48,367 - INFO - Disconnected from Telegram
2024-12-12 17:51:49,163 - INFO - Sending command: /s 3KCDgWw1C6PdjUsUXonYm6TGaDWKsLxmEjdBP7s8pump
2024-12-12 17:51:49,163 - INFO - Sending command: /s 3KCDgWw1C6PdjUsUXonYm6TGaDWKsLxmEjdBP7s8pump
2024-12-12 17:52:16,544 - INFO - Disconnected from Telegram
2024-12-12 17:52:16,544 - INFO - Disconnected from Telegram
2024-12-12 17:52:17,487 - INFO - Sending command: /s tqrRt3AsuGa3aYYSvABMDrPJEWVzpAnh3p6LxXGpump
2024-12-12 17:52:17,487 - INFO - Sending command: /s tqrRt3AsuGa3aYYSvABMDrPJEWVzpAnh3p6LxXGpump
2024-12-12 17:52:17,487 - INFO - Sending command: /s tqrRt3AsuGa3aYYSvABMDrPJEWVzpAnh3p6LxXGpump
2024-12-12 17:52:43,318 - INFO - Disconnected from Telegram
2024-12-12 17:52:43,318 - INFO - Disconnected from Telegram
2024-12-12 17:52:43,318 - INFO - Disconnected from Telegram
2024-12-12 17:52:44,287 - INFO - Sending command: /s 68YY6KjfnmPuQubYkFTsmXGaF2FuwcxumWLFxb6cpump
2024-12-12 17:52:44,287 - INFO - Sending command: /s 68YY6KjfnmPuQubYkFTsmXGaF2FuwcxumWLFxb6cpump
2024-12-12 17:52:44,287 - INFO - Sending command: /s 68YY6KjfnmPuQubYkFTsmXGaF2FuwcxumWLFxb6cpump
2024-12-12 17:52:44,287 - INFO - Sending command: /s 68YY6KjfnmPuQubYkFTsmXGaF2FuwcxumWLFxb6cpump
2024-12-12 17:53:19,605 - INFO - Sending command: /s KnrmAHo1wW2fGqVXcSZSpo6kmiKam5vNbDByrURpump
2024-12-12 17:53:19,605 - INFO - Sending command: /s KnrmAHo1wW2fGqVXcSZSpo6kmiKam5vNbDByrURpump
2024-12-12 17:53:19,605 - INFO - Sending command: /s KnrmAHo1wW2fGqVXcSZSpo6kmiKam5vNbDByrURpump
2024-12-12 17:53:19,605 - INFO - Sending command: /s KnrmAHo1wW2fGqVXcSZSpo6kmiKam5vNbDByrURpump
2024-12-12 17:53:19,605 - INFO - Sending command: /s KnrmAHo1wW2fGqVXcSZSpo6kmiKam5vNbDByrURpump
2024-12-12 17:53:51,716 - INFO - Disconnected from Telegram
2024-12-12 17:53:51,716 - INFO - Disconnected from Telegram
2024-12-12 17:53:51,716 - INFO - Disconnected from Telegram
2024-12-12 17:53:51,716 - INFO - Disconnected from Telegram
2024-12-12 17:53:51,716 - INFO - Disconnected from Telegram
2024-12-12 18:01:28,176 - INFO - Sending command: /s 6f41LGHuU2HVV67ao9GwJ6kv2jNUz9HL6FJPVYcJpump
2024-12-12 18:01:28,176 - INFO - Sending command: /s 6f41LGHuU2HVV67ao9GwJ6kv2jNUz9HL6FJPVYcJpump
2024-12-12 18:01:28,176 - INFO - Sending command: /s 6f41LGHuU2HVV67ao9GwJ6kv2jNUz9HL6FJPVYcJpump
2024-12-12 18:01:28,176 - INFO - Sending command: /s 6f41LGHuU2HVV67ao9GwJ6kv2jNUz9HL6FJPVYcJpump
2024-12-12 18:01:28,176 - INFO - Sending command: /s 6f41LGHuU2HVV67ao9GwJ6kv2jNUz9HL6FJPVYcJpump
2024-12-12 18:01:28,176 - INFO - Sending command: /s 6f41LGHuU2HVV67ao9GwJ6kv2jNUz9HL6FJPVYcJpump
2024-12-12 18:03:28,423 - WARNING - Timeout waiting for initial response, retrying...
2024-12-12 18:03:28,423 - WARNING - Timeout waiting for initial response, retrying...
2024-12-12 18:03:28,423 - WARNING - Timeout waiting for initial response, retrying...
2024-12-12 18:03:28,423 - WARNING - Timeout waiting for initial response, retrying...
2024-12-12 18:03:28,423 - WARNING - Timeout waiting for initial response, retrying...
2024-12-12 18:03:28,423 - WARNING - Timeout waiting for initial response, retrying...
2024-12-12 18:03:28,426 - INFO - Sending command: /s 6f41LGHuU2HVV67ao9GwJ6kv2jNUz9HL6FJPVYcJpump
2024-12-12 18:03:28,426 - INFO - Sending command: /s 6f41LGHuU2HVV67ao9GwJ6kv2jNUz9HL6FJPVYcJpump
2024-12-12 18:03:28,426 - INFO - Sending command: /s 6f41LGHuU2HVV67ao9GwJ6kv2jNUz9HL6FJPVYcJpump
2024-12-12 18:03:28,426 - INFO - Sending command: /s 6f41LGHuU2HVV67ao9GwJ6kv2jNUz9HL6FJPVYcJpump
2024-12-12 18:03:28,426 - INFO - Sending command: /s 6f41LGHuU2HVV67ao9GwJ6kv2jNUz9HL6FJPVYcJpump
2024-12-12 18:03:28,426 - INFO - Sending command: /s 6f41LGHuU2HVV67ao9GwJ6kv2jNUz9HL6FJPVYcJpump
2024-12-12 18:03:58,398 - INFO - Disconnected from Telegram
2024-12-12 18:03:58,398 - INFO - Disconnected from Telegram
2024-12-12 18:03:58,398 - INFO - Disconnected from Telegram
2024-12-12 18:03:58,398 - INFO - Disconnected from Telegram
2024-12-12 18:03:58,398 - INFO - Disconnected from Telegram
2024-12-12 18:03:58,398 - INFO - Disconnected from Telegram
2024-12-12 18:03:59,409 - INFO - Sending command: /s 3KCDgWw1C6PdjUsUXonYm6TGaDWKsLxmEjdBP7s8pump
2024-12-12 18:03:59,409 - INFO - Sending command: /s 3KCDgWw1C6PdjUsUXonYm6TGaDWKsLxmEjdBP7s8pump
2024-12-12 18:03:59,409 - INFO - Sending command: /s 3KCDgWw1C6PdjUsUXonYm6TGaDWKsLxmEjdBP7s8pump
2024-12-12 18:03:59,409 - INFO - Sending command: /s 3KCDgWw1C6PdjUsUXonYm6TGaDWKsLxmEjdBP7s8pump
2024-12-12 18:03:59,409 - INFO - Sending command: /s 3KCDgWw1C6PdjUsUXonYm6TGaDWKsLxmEjdBP7s8pump
2024-12-12 18:03:59,409 - INFO - Sending command: /s 3KCDgWw1C6PdjUsUXonYm6TGaDWKsLxmEjdBP7s8pump
2024-12-12 18:03:59,409 - INFO - Sending command: /s 3KCDgWw1C6PdjUsUXonYm6TGaDWKsLxmEjdBP7s8pump
2024-12-12 18:04:33,960 - INFO - Disconnected from Telegram
2024-12-12 18:04:33,960 - INFO - Disconnected from Telegram
2024-12-12 18:04:33,960 - INFO - Disconnected from Telegram
2024-12-12 18:04:33,960 - INFO - Disconnected from Telegram
2024-12-12 18:04:33,960 - INFO - Disconnected from Telegram
2024-12-12 18:04:33,960 - INFO - Disconnected from Telegram
2024-12-12 18:04:33,960 - INFO - Disconnected from Telegram
2024-12-12 18:04:34,575 - INFO - Sending command: /s tqrRt3AsuGa3aYYSvABMDrPJEWVzpAnh3p6LxXGpump
2024-12-12 18:04:34,575 - INFO - Sending command: /s tqrRt3AsuGa3aYYSvABMDrPJEWVzpAnh3p6LxXGpump
2024-12-12 18:04:34,575 - INFO - Sending command: /s tqrRt3AsuGa3aYYSvABMDrPJEWVzpAnh3p6LxXGpump
2024-12-12 18:04:34,575 - INFO - Sending command: /s tqrRt3AsuGa3aYYSvABMDrPJEWVzpAnh3p6LxXGpump
2024-12-12 18:04:34,575 - INFO - Sending command: /s tqrRt3AsuGa3aYYSvABMDrPJEWVzpAnh3p6LxXGpump
2024-12-12 18:04:34,575 - INFO - Sending command: /s tqrRt3AsuGa3aYYSvABMDrPJEWVzpAnh3p6LxXGpump
2024-12-12 18:04:34,575 - INFO - Sending command: /s tqrRt3AsuGa3aYYSvABMDrPJEWVzpAnh3p6LxXGpump
2024-12-12 18:04:34,575 - INFO - Sending command: /s tqrRt3AsuGa3aYYSvABMDrPJEWVzpAnh3p6LxXGpump
2024-12-12 18:05:09,219 - INFO - Disconnected from Telegram
2024-12-12 18:05:09,219 - INFO - Disconnected from Telegram
2024-12-12 18:05:09,219 - INFO - Disconnected from Telegram
2024-12-12 18:05:09,219 - INFO - Disconnected from Telegram
2024-12-12 18:05:09,219 - INFO - Disconnected from Telegram
2024-12-12 18:05:09,219 - INFO - Disconnected from Telegram
2024-12-12 18:05:09,219 - INFO - Disconnected from Telegram
2024-12-12 18:05:09,219 - INFO - Disconnected from Telegram
2024-12-12 18:05:09,938 - INFO - Sending command: /s KnrmAHo1wW2fGqVXcSZSpo6kmiKam5vNbDByrURpump
2024-12-12 18:05:09,938 - INFO - Sending command: /s KnrmAHo1wW2fGqVXcSZSpo6kmiKam5vNbDByrURpump
2024-12-12 18:05:09,938 - INFO - Sending command: /s KnrmAHo1wW2fGqVXcSZSpo6kmiKam5vNbDByrURpump
2024-12-12 18:05:09,938 - INFO - Sending command: /s KnrmAHo1wW2fGqVXcSZSpo6kmiKam5vNbDByrURpump
2024-12-12 18:05:09,938 - INFO - Sending command: /s KnrmAHo1wW2fGqVXcSZSpo6kmiKam5vNbDByrURpump
2024-12-12 18:05:09,938 - INFO - Sending command: /s KnrmAHo1wW2fGqVXcSZSpo6kmiKam5vNbDByrURpump
2024-12-12 18:05:09,938 - INFO - Sending command: /s KnrmAHo1wW2fGqVXcSZSpo6kmiKam5vNbDByrURpump
2024-12-12 18:05:09,938 - INFO - Sending command: /s KnrmAHo1wW2fGqVXcSZSpo6kmiKam5vNbDByrURpump
2024-12-12 18:05:09,938 - INFO - Sending command: /s KnrmAHo1wW2fGqVXcSZSpo6kmiKam5vNbDByrURpump
2024-12-12 18:05:42,450 - INFO - Disconnected from Telegram
2024-12-12 18:05:42,450 - INFO - Disconnected from Telegram
2024-12-12 18:05:42,450 - INFO - Disconnected from Telegram
2024-12-12 18:05:42,450 - INFO - Disconnected from Telegram
2024-12-12 18:05:42,450 - INFO - Disconnected from Telegram
2024-12-12 18:05:42,450 - INFO - Disconnected from Telegram
2024-12-12 18:05:42,450 - INFO - Disconnected from Telegram
2024-12-12 18:05:42,450 - INFO - Disconnected from Telegram
2024-12-12 18:05:42,450 - INFO - Disconnected from Telegram
2024-12-12 18:05:43,355 - INFO - Sending command: /s 68YY6KjfnmPuQubYkFTsmXGaF2FuwcxumWLFxb6cpump
2024-12-12 18:05:43,355 - INFO - Sending command: /s 68YY6KjfnmPuQubYkFTsmXGaF2FuwcxumWLFxb6cpump
2024-12-12 18:05:43,355 - INFO - Sending command: /s 68YY6KjfnmPuQubYkFTsmXGaF2FuwcxumWLFxb6cpump
2024-12-12 18:05:43,355 - INFO - Sending command: /s 68YY6KjfnmPuQubYkFTsmXGaF2FuwcxumWLFxb6cpump
2024-12-12 18:05:43,355 - INFO - Sending command: /s 68YY6KjfnmPuQubYkFTsmXGaF2FuwcxumWLFxb6cpump
2024-12-12 18:05:43,355 - INFO - Sending command: /s 68YY6KjfnmPuQubYkFTsmXGaF2FuwcxumWLFxb6cpump
2024-12-12 18:05:43,355 - INFO - Sending command: /s 68YY6KjfnmPuQubYkFTsmXGaF2FuwcxumWLFxb6cpump
2024-12-12 18:05:43,355 - INFO - Sending command: /s 68YY6KjfnmPuQubYkFTsmXGaF2FuwcxumWLFxb6cpump
2024-12-12 18:05:43,355 - INFO - Sending command: /s 68YY6KjfnmPuQubYkFTsmXGaF2FuwcxumWLFxb6cpump
2024-12-12 18:05:43,355 - INFO - Sending command: /s 68YY6KjfnmPuQubYkFTsmXGaF2FuwcxumWLFxb6cpump
2024-12-12 18:06:18,457 - INFO - Sending command: /s FA9jJDQzBEeV4qunJpt7XY7wC4smNYLsBNtMCTPsj3pp
2024-12-12 18:06:18,457 - INFO - Sending command: /s FA9jJDQzBEeV4qunJpt7XY7wC4smNYLsBNtMCTPsj3pp
2024-12-12 18:06:18,457 - INFO - Sending command: /s FA9jJDQzBEeV4qunJpt7XY7wC4smNYLsBNtMCTPsj3pp
2024-12-12 18:06:18,457 - INFO - Sending command: /s FA9jJDQzBEeV4qunJpt7XY7wC4smNYLsBNtMCTPsj3pp
2024-12-12 18:06:18,457 - INFO - Sending command: /s FA9jJDQzBEeV4qunJpt7XY7wC4smNYLsBNtMCTPsj3pp
2024-12-12 18:06:18,457 - INFO - Sending command: /s FA9jJDQzBEeV4qunJpt7XY7wC4smNYLsBNtMCTPsj3pp
2024-12-12 18:06:18,457 - INFO - Sending command: /s FA9jJDQzBEeV4qunJpt7XY7wC4smNYLsBNtMCTPsj3pp
2024-12-12 18:06:18,457 - INFO - Sending command: /s FA9jJDQzBEeV4qunJpt7XY7wC4smNYLsBNtMCTPsj3pp
2024-12-12 18:06:18,457 - INFO - Sending command: /s FA9jJDQzBEeV4qunJpt7XY7wC4smNYLsBNtMCTPsj3pp
2024-12-12 18:06:18,457 - INFO - Sending command: /s FA9jJDQzBEeV4qunJpt7XY7wC4smNYLsBNtMCTPsj3pp
2024-12-12 18:06:18,457 - INFO - Sending command: /s FA9jJDQzBEeV4qunJpt7XY7wC4smNYLsBNtMCTPsj3pp
2024-12-12 18:06:46,037 - INFO - Disconnected from Telegram
2024-12-12 18:06:46,037 - INFO - Disconnected from Telegram
2024-12-12 18:06:46,037 - INFO - Disconnected from Telegram
2024-12-12 18:06:46,037 - INFO - Disconnected from Telegram
2024-12-12 18:06:46,037 - INFO - Disconnected from Telegram
2024-12-12 18:06:46,037 - INFO - Disconnected from Telegram
2024-12-12 18:06:46,037 - INFO - Disconnected from Telegram
2024-12-12 18:06:46,037 - INFO - Disconnected from Telegram
2024-12-12 18:06:46,037 - INFO - Disconnected from Telegram
2024-12-12 18:06:46,037 - INFO - Disconnected from Telegram
2024-12-12 18:06:46,037 - INFO - Disconnected from Telegram
2024-12-12 18:14:07,648 - INFO - Sending command: /s 3KCDgWw1C6PdjUsUXonYm6TGaDWKsLxmEjdBP7s8pump
2024-12-12 18:14:07,648 - INFO - Sending command: /s 3KCDgWw1C6PdjUsUXonYm6TGaDWKsLxmEjdBP7s8pump
2024-12-12 18:14:07,648 - INFO - Sending command: /s 3KCDgWw1C6PdjUsUXonYm6TGaDWKsLxmEjdBP7s8pump
2024-12-12 18:14:07,648 - INFO - Sending command: /s 3KCDgWw1C6PdjUsUXonYm6TGaDWKsLxmEjdBP7s8pump
2024-12-12 18:14:07,648 - INFO - Sending command: /s 3KCDgWw1C6PdjUsUXonYm6TGaDWKsLxmEjdBP7s8pump
2024-12-12 18:14:07,648 - INFO - Sending command: /s 3KCDgWw1C6PdjUsUXonYm6TGaDWKsLxmEjdBP7s8pump
2024-12-12 18:14:07,648 - INFO - Sending command: /s 3KCDgWw1C6PdjUsUXonYm6TGaDWKsLxmEjdBP7s8pump
2024-12-12 18:14:07,648 - INFO - Sending command: /s 3KCDgWw1C6PdjUsUXonYm6TGaDWKsLxmEjdBP7s8pump
2024-12-12 18:14:07,648 - INFO - Sending command: /s 3KCDgWw1C6PdjUsUXonYm6TGaDWKsLxmEjdBP7s8pump
2024-12-12 18:14:07,648 - INFO - Sending command: /s 3KCDgWw1C6PdjUsUXonYm6TGaDWKsLxmEjdBP7s8pump
2024-12-12 18:14:07,648 - INFO - Sending command: /s 3KCDgWw1C6PdjUsUXonYm6TGaDWKsLxmEjdBP7s8pump
2024-12-12 18:14:07,648 - INFO - Sending command: /s 3KCDgWw1C6PdjUsUXonYm6TGaDWKsLxmEjdBP7s8pump
2024-12-12 18:14:40,911 - INFO - Disconnected from Telegram
2024-12-12 18:14:40,911 - INFO - Disconnected from Telegram
2024-12-12 18:14:40,911 - INFO - Disconnected from Telegram
2024-12-12 18:14:40,911 - INFO - Disconnected from Telegram
2024-12-12 18:14:40,911 - INFO - Disconnected from Telegram
2024-12-12 18:14:40,911 - INFO - Disconnected from Telegram
2024-12-12 18:14:40,911 - INFO - Disconnected from Telegram
2024-12-12 18:14:40,911 - INFO - Disconnected from Telegram
2024-12-12 18:14:40,911 - INFO - Disconnected from Telegram
2024-12-12 18:14:40,911 - INFO - Disconnected from Telegram
2024-12-12 18:14:40,911 - INFO - Disconnected from Telegram
2024-12-12 18:14:40,911 - INFO - Disconnected from Telegram
2024-12-12 18:14:41,493 - INFO - Sending command: /s tqrRt3AsuGa3aYYSvABMDrPJEWVzpAnh3p6LxXGpump
2024-12-12 18:14:41,493 - INFO - Sending command: /s tqrRt3AsuGa3aYYSvABMDrPJEWVzpAnh3p6LxXGpump
2024-12-12 18:14:41,493 - INFO - Sending command: /s tqrRt3AsuGa3aYYSvABMDrPJEWVzpAnh3p6LxXGpump
2024-12-12 18:14:41,493 - INFO - Sending command: /s tqrRt3AsuGa3aYYSvABMDrPJEWVzpAnh3p6LxXGpump
2024-12-12 18:14:41,493 - INFO - Sending command: /s tqrRt3AsuGa3aYYSvABMDrPJEWVzpAnh3p6LxXGpump
2024-12-12 18:14:41,493 - INFO - Sending command: /s tqrRt3AsuGa3aYYSvABMDrPJEWVzpAnh3p6LxXGpump
2024-12-12 18:14:41,493 - INFO - Sending command: /s tqrRt3AsuGa3aYYSvABMDrPJEWVzpAnh3p6LxXGpump
2024-12-12 18:14:41,493 - INFO - Sending command: /s tqrRt3AsuGa3aYYSvABMDrPJEWVzpAnh3p6LxXGpump
2024-12-12 18:14:41,493 - INFO - Sending command: /s tqrRt3AsuGa3aYYSvABMDrPJEWVzpAnh3p6LxXGpump
2024-12-12 18:14:41,493 - INFO - Sending command: /s tqrRt3AsuGa3aYYSvABMDrPJEWVzpAnh3p6LxXGpump
2024-12-12 18:14:41,493 - INFO - Sending command: /s tqrRt3AsuGa3aYYSvABMDrPJEWVzpAnh3p6LxXGpump
2024-12-12 18:14:41,493 - INFO - Sending command: /s tqrRt3AsuGa3aYYSvABMDrPJEWVzpAnh3p6LxXGpump
2024-12-12 18:14:41,493 - INFO - Sending command: /s tqrRt3AsuGa3aYYSvABMDrPJEWVzpAnh3p6LxXGpump
2024-12-12 18:15:29,059 - INFO - Disconnected from Telegram
2024-12-12 18:15:29,059 - INFO - Disconnected from Telegram
2024-12-12 18:15:29,059 - INFO - Disconnected from Telegram
2024-12-12 18:15:29,059 - INFO - Disconnected from Telegram
2024-12-12 18:15:29,059 - INFO - Disconnected from Telegram
2024-12-12 18:15:29,059 - INFO - Disconnected from Telegram
2024-12-12 18:15:29,059 - INFO - Disconnected from Telegram
2024-12-12 18:15:29,059 - INFO - Disconnected from Telegram
2024-12-12 18:15:29,059 - INFO - Disconnected from Telegram
2024-12-12 18:15:29,059 - INFO - Disconnected from Telegram
2024-12-12 18:15:29,059 - INFO - Disconnected from Telegram
2024-12-12 18:15:29,059 - INFO - Disconnected from Telegram
2024-12-12 18:15:29,059 - INFO - Disconnected from Telegram
2024-12-12 18:15:29,833 - INFO - Sending command: /s 68YY6KjfnmPuQubYkFTsmXGaF2FuwcxumWLFxb6cpump
2024-12-12 18:15:29,833 - INFO - Sending command: /s 68YY6KjfnmPuQubYkFTsmXGaF2FuwcxumWLFxb6cpump
2024-12-12 18:15:29,833 - INFO - Sending command: /s 68YY6KjfnmPuQubYkFTsmXGaF2FuwcxumWLFxb6cpump
2024-12-12 18:15:29,833 - INFO - Sending command: /s 68YY6KjfnmPuQubYkFTsmXGaF2FuwcxumWLFxb6cpump
2024-12-12 18:15:29,833 - INFO - Sending command: /s 68YY6KjfnmPuQubYkFTsmXGaF2FuwcxumWLFxb6cpump
2024-12-12 18:15:29,833 - INFO - Sending command: /s 68YY6KjfnmPuQubYkFTsmXGaF2FuwcxumWLFxb6cpump
2024-12-12 18:15:29,833 - INFO - Sending command: /s 68YY6KjfnmPuQubYkFTsmXGaF2FuwcxumWLFxb6cpump
2024-12-12 18:15:29,833 - INFO - Sending command: /s 68YY6KjfnmPuQubYkFTsmXGaF2FuwcxumWLFxb6cpump
2024-12-12 18:15:29,833 - INFO - Sending command: /s 68YY6KjfnmPuQubYkFTsmXGaF2FuwcxumWLFxb6cpump
2024-12-12 18:15:29,833 - INFO - Sending command: /s 68YY6KjfnmPuQubYkFTsmXGaF2FuwcxumWLFxb6cpump
2024-12-12 18:15:29,833 - INFO - Sending command: /s 68YY6KjfnmPuQubYkFTsmXGaF2FuwcxumWLFxb6cpump
2024-12-12 18:15:29,833 - INFO - Sending command: /s 68YY6KjfnmPuQubYkFTsmXGaF2FuwcxumWLFxb6cpump
2024-12-12 18:15:29,833 - INFO - Sending command: /s 68YY6KjfnmPuQubYkFTsmXGaF2FuwcxumWLFxb6cpump
2024-12-12 18:15:29,833 - INFO - Sending command: /s 68YY6KjfnmPuQubYkFTsmXGaF2FuwcxumWLFxb6cpump
2024-12-12 18:16:07,169 - INFO - Sending command: /s KnrmAHo1wW2fGqVXcSZSpo6kmiKam5vNbDByrURpump
2024-12-12 18:16:07,169 - INFO - Sending command: /s KnrmAHo1wW2fGqVXcSZSpo6kmiKam5vNbDByrURpump
2024-12-12 18:16:07,169 - INFO - Sending command: /s KnrmAHo1wW2fGqVXcSZSpo6kmiKam5vNbDByrURpump
2024-12-12 18:16:07,169 - INFO - Sending command: /s KnrmAHo1wW2fGqVXcSZSpo6kmiKam5vNbDByrURpump
2024-12-12 18:16:07,169 - INFO - Sending command: /s KnrmAHo1wW2fGqVXcSZSpo6kmiKam5vNbDByrURpump
2024-12-12 18:16:07,169 - INFO - Sending command: /s KnrmAHo1wW2fGqVXcSZSpo6kmiKam5vNbDByrURpump
2024-12-12 18:16:07,169 - INFO - Sending command: /s KnrmAHo1wW2fGqVXcSZSpo6kmiKam5vNbDByrURpump
2024-12-12 18:16:07,169 - INFO - Sending command: /s KnrmAHo1wW2fGqVXcSZSpo6kmiKam5vNbDByrURpump
2024-12-12 18:16:07,169 - INFO - Sending command: /s KnrmAHo1wW2fGqVXcSZSpo6kmiKam5vNbDByrURpump
2024-12-12 18:16:07,169 - INFO - Sending command: /s KnrmAHo1wW2fGqVXcSZSpo6kmiKam5vNbDByrURpump
2024-12-12 18:16:07,169 - INFO - Sending command: /s KnrmAHo1wW2fGqVXcSZSpo6kmiKam5vNbDByrURpump
2024-12-12 18:16:07,169 - INFO - Sending command: /s KnrmAHo1wW2fGqVXcSZSpo6kmiKam5vNbDByrURpump
2024-12-12 18:16:07,169 - INFO - Sending command: /s KnrmAHo1wW2fGqVXcSZSpo6kmiKam5vNbDByrURpump
2024-12-12 18:16:07,169 - INFO - Sending command: /s KnrmAHo1wW2fGqVXcSZSpo6kmiKam5vNbDByrURpump
2024-12-12 18:16:07,169 - INFO - Sending command: /s KnrmAHo1wW2fGqVXcSZSpo6kmiKam5vNbDByrURpump
2024-12-12 18:22:04,022 - INFO - Sending command: /s KnrmAHo1wW2fGqVXcSZSpo6kmiKam5vNbDByrURpump
2024-12-12 18:22:04,022 - INFO - Sending command: /s KnrmAHo1wW2fGqVXcSZSpo6kmiKam5vNbDByrURpump
2024-12-12 18:22:04,022 - INFO - Sending command: /s KnrmAHo1wW2fGqVXcSZSpo6kmiKam5vNbDByrURpump
2024-12-12 18:22:04,022 - INFO - Sending command: /s KnrmAHo1wW2fGqVXcSZSpo6kmiKam5vNbDByrURpump
2024-12-12 18:22:04,022 - INFO - Sending command: /s KnrmAHo1wW2fGqVXcSZSpo6kmiKam5vNbDByrURpump
2024-12-12 18:22:04,022 - INFO - Sending command: /s KnrmAHo1wW2fGqVXcSZSpo6kmiKam5vNbDByrURpump
2024-12-12 18:22:04,022 - INFO - Sending command: /s KnrmAHo1wW2fGqVXcSZSpo6kmiKam5vNbDByrURpump
2024-12-12 18:22:04,022 - INFO - Sending command: /s KnrmAHo1wW2fGqVXcSZSpo6kmiKam5vNbDByrURpump
2024-12-12 18:22:04,022 - INFO - Sending command: /s KnrmAHo1wW2fGqVXcSZSpo6kmiKam5vNbDByrURpump
2024-12-12 18:22:04,022 - INFO - Sending command: /s KnrmAHo1wW2fGqVXcSZSpo6kmiKam5vNbDByrURpump
2024-12-12 18:22:04,022 - INFO - Sending command: /s KnrmAHo1wW2fGqVXcSZSpo6kmiKam5vNbDByrURpump
2024-12-12 18:22:04,022 - INFO - Sending command: /s KnrmAHo1wW2fGqVXcSZSpo6kmiKam5vNbDByrURpump
2024-12-12 18:22:04,022 - INFO - Sending command: /s KnrmAHo1wW2fGqVXcSZSpo6kmiKam5vNbDByrURpump
2024-12-12 18:22:04,022 - INFO - Sending command: /s KnrmAHo1wW2fGqVXcSZSpo6kmiKam5vNbDByrURpump
2024-12-12 18:22:04,022 - INFO - Sending command: /s KnrmAHo1wW2fGqVXcSZSpo6kmiKam5vNbDByrURpump
2024-12-12 18:22:04,922 - WARNING - No buttons found in response
2024-12-12 18:22:04,922 - WARNING - No buttons found in response
2024-12-12 18:22:04,922 - WARNING - No buttons found in response
2024-12-12 18:22:04,922 - WARNING - No buttons found in response
2024-12-12 18:22:04,922 - WARNING - No buttons found in response
2024-12-12 18:22:04,922 - WARNING - No buttons found in response
2024-12-12 18:22:04,922 - WARNING - No buttons found in response
2024-12-12 18:22:04,922 - WARNING - No buttons found in response
2024-12-12 18:22:04,922 - WARNING - No buttons found in response
2024-12-12 18:22:04,922 - WARNING - No buttons found in response
2024-12-12 18:22:04,922 - WARNING - No buttons found in response
2024-12-12 18:22:04,922 - WARNING - No buttons found in response
2024-12-12 18:22:04,922 - WARNING - No buttons found in response
2024-12-12 18:22:04,922 - WARNING - No buttons found in response
2024-12-12 18:22:04,922 - WARNING - No buttons found in response
2024-12-12 18:22:04,924 - INFO - Sending command: /s KnrmAHo1wW2fGqVXcSZSpo6kmiKam5vNbDByrURpump
2024-12-12 18:22:04,924 - INFO - Sending command: /s KnrmAHo1wW2fGqVXcSZSpo6kmiKam5vNbDByrURpump
2024-12-12 18:22:04,924 - INFO - Sending command: /s KnrmAHo1wW2fGqVXcSZSpo6kmiKam5vNbDByrURpump
2024-12-12 18:22:04,924 - INFO - Sending command: /s KnrmAHo1wW2fGqVXcSZSpo6kmiKam5vNbDByrURpump
2024-12-12 18:22:04,924 - INFO - Sending command: /s KnrmAHo1wW2fGqVXcSZSpo6kmiKam5vNbDByrURpump
2024-12-12 18:22:04,924 - INFO - Sending command: /s KnrmAHo1wW2fGqVXcSZSpo6kmiKam5vNbDByrURpump
2024-12-12 18:22:04,924 - INFO - Sending command: /s KnrmAHo1wW2fGqVXcSZSpo6kmiKam5vNbDByrURpump
2024-12-12 18:22:04,924 - INFO - Sending command: /s KnrmAHo1wW2fGqVXcSZSpo6kmiKam5vNbDByrURpump
2024-12-12 18:22:04,924 - INFO - Sending command: /s KnrmAHo1wW2fGqVXcSZSpo6kmiKam5vNbDByrURpump
2024-12-12 18:22:04,924 - INFO - Sending command: /s KnrmAHo1wW2fGqVXcSZSpo6kmiKam5vNbDByrURpump
2024-12-12 18:22:04,924 - INFO - Sending command: /s KnrmAHo1wW2fGqVXcSZSpo6kmiKam5vNbDByrURpump
2024-12-12 18:22:04,924 - INFO - Sending command: /s KnrmAHo1wW2fGqVXcSZSpo6kmiKam5vNbDByrURpump
2024-12-12 18:22:04,924 - INFO - Sending command: /s KnrmAHo1wW2fGqVXcSZSpo6kmiKam5vNbDByrURpump
2024-12-12 18:22:04,924 - INFO - Sending command: /s KnrmAHo1wW2fGqVXcSZSpo6kmiKam5vNbDByrURpump
2024-12-12 18:22:04,924 - INFO - Sending command: /s KnrmAHo1wW2fGqVXcSZSpo6kmiKam5vNbDByrURpump
2024-12-12 18:22:28,288 - INFO - Disconnected from Telegram
2024-12-12 18:22:28,288 - INFO - Disconnected from Telegram
2024-12-12 18:22:28,288 - INFO - Disconnected from Telegram
2024-12-12 18:22:28,288 - INFO - Disconnected from Telegram
2024-12-12 18:22:28,288 - INFO - Disconnected from Telegram
2024-12-12 18:22:28,288 - INFO - Disconnected from Telegram
2024-12-12 18:22:28,288 - INFO - Disconnected from Telegram
2024-12-12 18:22:28,288 - INFO - Disconnected from Telegram
2024-12-12 18:22:28,288 - INFO - Disconnected from Telegram
2024-12-12 18:22:28,288 - INFO - Disconnected from Telegram
2024-12-12 18:22:28,288 - INFO - Disconnected from Telegram
2024-12-12 18:22:28,288 - INFO - Disconnected from Telegram
2024-12-12 18:22:28,288 - INFO - Disconnected from Telegram
2024-12-12 18:22:28,288 - INFO - Disconnected from Telegram
2024-12-12 18:22:28,288 - INFO - Disconnected from Telegram
2024-12-12 18:22:28,929 - INFO - Sending command: /s FA9jJDQzBEeV4qunJpt7XY7wC4smNYLsBNtMCTPsj3pp
2024-12-12 18:22:28,929 - INFO - Sending command: /s FA9jJDQzBEeV4qunJpt7XY7wC4smNYLsBNtMCTPsj3pp
2024-12-12 18:22:28,929 - INFO - Sending command: /s FA9jJDQzBEeV4qunJpt7XY7wC4smNYLsBNtMCTPsj3pp
2024-12-12 18:22:28,929 - INFO - Sending command: /s FA9jJDQzBEeV4qunJpt7XY7wC4smNYLsBNtMCTPsj3pp
2024-12-12 18:22:28,929 - INFO - Sending command: /s FA9jJDQzBEeV4qunJpt7XY7wC4smNYLsBNtMCTPsj3pp
2024-12-12 18:22:28,929 - INFO - Sending command: /s FA9jJDQzBEeV4qunJpt7XY7wC4smNYLsBNtMCTPsj3pp
2024-12-12 18:22:28,929 - INFO - Sending command: /s FA9jJDQzBEeV4qunJpt7XY7wC4smNYLsBNtMCTPsj3pp
2024-12-12 18:22:28,929 - INFO - Sending command: /s FA9jJDQzBEeV4qunJpt7XY7wC4smNYLsBNtMCTPsj3pp
2024-12-12 18:22:28,929 - INFO - Sending command: /s FA9jJDQzBEeV4qunJpt7XY7wC4smNYLsBNtMCTPsj3pp
2024-12-12 18:22:28,929 - INFO - Sending command: /s FA9jJDQzBEeV4qunJpt7XY7wC4smNYLsBNtMCTPsj3pp
2024-12-12 18:22:28,929 - INFO - Sending command: /s FA9jJDQzBEeV4qunJpt7XY7wC4smNYLsBNtMCTPsj3pp
2024-12-12 18:22:28,929 - INFO - Sending command: /s FA9jJDQzBEeV4qunJpt7XY7wC4smNYLsBNtMCTPsj3pp
2024-12-12 18:22:28,929 - INFO - Sending command: /s FA9jJDQzBEeV4qunJpt7XY7wC4smNYLsBNtMCTPsj3pp
2024-12-12 18:22:28,929 - INFO - Sending command: /s FA9jJDQzBEeV4qunJpt7XY7wC4smNYLsBNtMCTPsj3pp
2024-12-12 18:22:28,929 - INFO - Sending command: /s FA9jJDQzBEeV4qunJpt7XY7wC4smNYLsBNtMCTPsj3pp
2024-12-12 18:22:28,929 - INFO - Sending command: /s FA9jJDQzBEeV4qunJpt7XY7wC4smNYLsBNtMCTPsj3pp
2024-12-12 18:23:03,165 - INFO - Disconnected from Telegram
2024-12-12 18:23:03,165 - INFO - Disconnected from Telegram
2024-12-12 18:23:03,165 - INFO - Disconnected from Telegram
2024-12-12 18:23:03,165 - INFO - Disconnected from Telegram
2024-12-12 18:23:03,165 - INFO - Disconnected from Telegram
2024-12-12 18:23:03,165 - INFO - Disconnected from Telegram
2024-12-12 18:23:03,165 - INFO - Disconnected from Telegram
2024-12-12 18:23:03,165 - INFO - Disconnected from Telegram
2024-12-12 18:23:03,165 - INFO - Disconnected from Telegram
2024-12-12 18:23:03,165 - INFO - Disconnected from Telegram
2024-12-12 18:23:03,165 - INFO - Disconnected from Telegram
2024-12-12 18:23:03,165 - INFO - Disconnected from Telegram
2024-12-12 18:23:03,165 - INFO - Disconnected from Telegram
2024-12-12 18:23:03,165 - INFO - Disconnected from Telegram
2024-12-12 18:23:03,165 - INFO - Disconnected from Telegram
2024-12-12 18:23:03,165 - INFO - Disconnected from Telegram
2024-12-12 18:46:35,037 - INFO - Sending command: /s 6X8FR6NkYXGjQP7sXBgWauTobbCp4fPfX3PMkdutpump
2024-12-12 18:47:02,646 - INFO - Sending command: /s 6f41LGHuU2HVV67ao9GwJ6kv2jNUz9HL6FJPVYcJpump
2024-12-12 18:47:02,646 - INFO - Sending command: /s 6f41LGHuU2HVV67ao9GwJ6kv2jNUz9HL6FJPVYcJpump
2024-12-12 18:47:45,044 - INFO - Disconnected from Telegram
2024-12-12 18:47:45,044 - INFO - Disconnected from Telegram
2024-12-12 18:47:45,743 - INFO - Sending command: /s 3KCDgWw1C6PdjUsUXonYm6TGaDWKsLxmEjdBP7s8pump
2024-12-12 18:47:45,743 - INFO - Sending command: /s 3KCDgWw1C6PdjUsUXonYm6TGaDWKsLxmEjdBP7s8pump
2024-12-12 18:47:45,743 - INFO - Sending command: /s 3KCDgWw1C6PdjUsUXonYm6TGaDWKsLxmEjdBP7s8pump
2024-12-12 18:48:12,906 - INFO - Disconnected from Telegram
2024-12-12 18:48:12,906 - INFO - Disconnected from Telegram
2024-12-12 18:48:12,906 - INFO - Disconnected from Telegram
2024-12-12 18:48:13,545 - INFO - Sending command: /s ATEWnH7CyLUyDAYVnUS4jxBi243SWUnBmmpRf3QRpump
2024-12-12 18:48:13,545 - INFO - Sending command: /s ATEWnH7CyLUyDAYVnUS4jxBi243SWUnBmmpRf3QRpump
2024-12-12 18:48:13,545 - INFO - Sending command: /s ATEWnH7CyLUyDAYVnUS4jxBi243SWUnBmmpRf3QRpump
2024-12-12 18:48:13,545 - INFO - Sending command: /s ATEWnH7CyLUyDAYVnUS4jxBi243SWUnBmmpRf3QRpump
2024-12-12 18:48:37,284 - WARNING - No buttons found in response
2024-12-12 18:48:37,284 - WARNING - No buttons found in response
2024-12-12 18:48:37,284 - WARNING - No buttons found in response
2024-12-12 18:48:37,284 - WARNING - No buttons found in response
2024-12-12 18:48:37,285 - INFO - Sending command: /s ATEWnH7CyLUyDAYVnUS4jxBi243SWUnBmmpRf3QRpump
2024-12-12 18:48:37,285 - INFO - Sending command: /s ATEWnH7CyLUyDAYVnUS4jxBi243SWUnBmmpRf3QRpump
2024-12-12 18:48:37,285 - INFO - Sending command: /s ATEWnH7CyLUyDAYVnUS4jxBi243SWUnBmmpRf3QRpump
2024-12-12 18:48:37,285 - INFO - Sending command: /s ATEWnH7CyLUyDAYVnUS4jxBi243SWUnBmmpRf3QRpump
2024-12-12 18:49:06,268 - INFO - Disconnected from Telegram
2024-12-12 18:49:06,268 - INFO - Disconnected from Telegram
2024-12-12 18:49:06,268 - INFO - Disconnected from Telegram
2024-12-12 18:49:06,268 - INFO - Disconnected from Telegram
2024-12-12 18:49:07,109 - INFO - Sending command: /s tqrRt3AsuGa3aYYSvABMDrPJEWVzpAnh3p6LxXGpump
2024-12-12 18:49:07,109 - INFO - Sending command: /s tqrRt3AsuGa3aYYSvABMDrPJEWVzpAnh3p6LxXGpump
2024-12-12 18:49:07,109 - INFO - Sending command: /s tqrRt3AsuGa3aYYSvABMDrPJEWVzpAnh3p6LxXGpump
2024-12-12 18:49:07,109 - INFO - Sending command: /s tqrRt3AsuGa3aYYSvABMDrPJEWVzpAnh3p6LxXGpump
2024-12-12 18:49:07,109 - INFO - Sending command: /s tqrRt3AsuGa3aYYSvABMDrPJEWVzpAnh3p6LxXGpump
2024-12-12 18:49:39,818 - INFO - Disconnected from Telegram
2024-12-12 18:49:39,818 - INFO - Disconnected from Telegram
2024-12-12 18:49:39,818 - INFO - Disconnected from Telegram
2024-12-12 18:49:39,818 - INFO - Disconnected from Telegram
2024-12-12 18:49:39,818 - INFO - Disconnected from Telegram
2024-12-12 18:49:40,405 - INFO - Sending command: /s KnrmAHo1wW2fGqVXcSZSpo6kmiKam5vNbDByrURpump
2024-12-12 18:49:40,405 - INFO - Sending command: /s KnrmAHo1wW2fGqVXcSZSpo6kmiKam5vNbDByrURpump
2024-12-12 18:49:40,405 - INFO - Sending command: /s KnrmAHo1wW2fGqVXcSZSpo6kmiKam5vNbDByrURpump
2024-12-12 18:49:40,405 - INFO - Sending command: /s KnrmAHo1wW2fGqVXcSZSpo6kmiKam5vNbDByrURpump
2024-12-12 18:49:40,405 - INFO - Sending command: /s KnrmAHo1wW2fGqVXcSZSpo6kmiKam5vNbDByrURpump
2024-12-12 18:49:40,405 - INFO - Sending command: /s KnrmAHo1wW2fGqVXcSZSpo6kmiKam5vNbDByrURpump
2024-12-12 18:50:28,254 - INFO - Disconnected from Telegram
2024-12-12 18:50:28,254 - INFO - Disconnected from Telegram
2024-12-12 18:50:28,254 - INFO - Disconnected from Telegram
2024-12-12 18:50:28,254 - INFO - Disconnected from Telegram
2024-12-12 18:50:28,254 - INFO - Disconnected from Telegram
2024-12-12 18:50:28,254 - INFO - Disconnected from Telegram
2024-12-12 18:50:29,053 - INFO - Sending command: /s 68YY6KjfnmPuQubYkFTsmXGaF2FuwcxumWLFxb6cpump
2024-12-12 18:50:29,053 - INFO - Sending command: /s 68YY6KjfnmPuQubYkFTsmXGaF2FuwcxumWLFxb6cpump
2024-12-12 18:50:29,053 - INFO - Sending command: /s 68YY6KjfnmPuQubYkFTsmXGaF2FuwcxumWLFxb6cpump
2024-12-12 18:50:29,053 - INFO - Sending command: /s 68YY6KjfnmPuQubYkFTsmXGaF2FuwcxumWLFxb6cpump
2024-12-12 18:50:29,053 - INFO - Sending command: /s 68YY6KjfnmPuQubYkFTsmXGaF2FuwcxumWLFxb6cpump
2024-12-12 18:50:29,053 - INFO - Sending command: /s 68YY6KjfnmPuQubYkFTsmXGaF2FuwcxumWLFxb6cpump
2024-12-12 18:50:29,053 - INFO - Sending command: /s 68YY6KjfnmPuQubYkFTsmXGaF2FuwcxumWLFxb6cpump
2024-12-12 18:51:02,927 - INFO - Sending command: /s FA9jJDQzBEeV4qunJpt7XY7wC4smNYLsBNtMCTPsj3pp
2024-12-12 18:51:02,927 - INFO - Sending command: /s FA9jJDQzBEeV4qunJpt7XY7wC4smNYLsBNtMCTPsj3pp
2024-12-12 18:51:02,927 - INFO - Sending command: /s FA9jJDQzBEeV4qunJpt7XY7wC4smNYLsBNtMCTPsj3pp
2024-12-12 18:51:02,927 - INFO - Sending command: /s FA9jJDQzBEeV4qunJpt7XY7wC4smNYLsBNtMCTPsj3pp
2024-12-12 18:51:02,927 - INFO - Sending command: /s FA9jJDQzBEeV4qunJpt7XY7wC4smNYLsBNtMCTPsj3pp
2024-12-12 18:51:02,927 - INFO - Sending command: /s FA9jJDQzBEeV4qunJpt7XY7wC4smNYLsBNtMCTPsj3pp
2024-12-12 18:51:02,927 - INFO - Sending command: /s FA9jJDQzBEeV4qunJpt7XY7wC4smNYLsBNtMCTPsj3pp
2024-12-12 18:51:02,927 - INFO - Sending command: /s FA9jJDQzBEeV4qunJpt7XY7wC4smNYLsBNtMCTPsj3pp
2024-12-12 18:51:32,774 - INFO - Disconnected from Telegram
2024-12-12 18:51:32,774 - INFO - Disconnected from Telegram
2024-12-12 18:51:32,774 - INFO - Disconnected from Telegram
2024-12-12 18:51:32,774 - INFO - Disconnected from Telegram
2024-12-12 18:51:32,774 - INFO - Disconnected from Telegram
2024-12-12 18:51:32,774 - INFO - Disconnected from Telegram
2024-12-12 18:51:32,774 - INFO - Disconnected from Telegram
2024-12-12 18:51:32,774 - INFO - Disconnected from Telegram
2024-12-12 18:58:15,406 - INFO - Sending command: /s ATEWnH7CyLUyDAYVnUS4jxBi243SWUnBmmpRf3QRpump
2024-12-12 19:00:15,657 - WARNING - Timeout waiting for initial response, retrying...
2024-12-12 19:00:15,660 - INFO - Sending command: /s ATEWnH7CyLUyDAYVnUS4jxBi243SWUnBmmpRf3QRpump
2024-12-12 19:00:48,481 - INFO - Disconnected from Telegram
2024-12-12 19:00:49,095 - INFO - Sending command: /s 3KCDgWw1C6PdjUsUXonYm6TGaDWKsLxmEjdBP7s8pump
2024-12-12 19:00:49,095 - INFO - Sending command: /s 3KCDgWw1C6PdjUsUXonYm6TGaDWKsLxmEjdBP7s8pump
2024-12-12 19:00:55,341 - INFO - Disconnected from Telegram
2024-12-12 19:00:55,341 - INFO - Disconnected from Telegram
2024-12-12 19:00:56,151 - INFO - Sending command: /s 6f41LGHuU2HVV67ao9GwJ6kv2jNUz9HL6FJPVYcJpump
2024-12-12 19:00:56,151 - INFO - Sending command: /s 6f41LGHuU2HVV67ao9GwJ6kv2jNUz9HL6FJPVYcJpump
2024-12-12 19:00:56,151 - INFO - Sending command: /s 6f41LGHuU2HVV67ao9GwJ6kv2jNUz9HL6FJPVYcJpump
2024-12-12 19:01:22,013 - INFO - Disconnected from Telegram
2024-12-12 19:01:22,013 - INFO - Disconnected from Telegram
2024-12-12 19:01:22,013 - INFO - Disconnected from Telegram
2024-12-12 19:01:22,722 - INFO - Sending command: /s tqrRt3AsuGa3aYYSvABMDrPJEWVzpAnh3p6LxXGpump
2024-12-12 19:01:22,722 - INFO - Sending command: /s tqrRt3AsuGa3aYYSvABMDrPJEWVzpAnh3p6LxXGpump
2024-12-12 19:01:22,722 - INFO - Sending command: /s tqrRt3AsuGa3aYYSvABMDrPJEWVzpAnh3p6LxXGpump
2024-12-12 19:01:22,722 - INFO - Sending command: /s tqrRt3AsuGa3aYYSvABMDrPJEWVzpAnh3p6LxXGpump
2024-12-12 19:03:22,977 - WARNING - Timeout waiting for initial response, retrying...
2024-12-12 19:03:22,977 - WARNING - Timeout waiting for initial response, retrying...
2024-12-12 19:03:22,977 - WARNING - Timeout waiting for initial response, retrying...
2024-12-12 19:03:22,977 - WARNING - Timeout waiting for initial response, retrying...
2024-12-12 19:03:22,979 - INFO - Sending command: /s tqrRt3AsuGa3aYYSvABMDrPJEWVzpAnh3p6LxXGpump
2024-12-12 19:03:22,979 - INFO - Sending command: /s tqrRt3AsuGa3aYYSvABMDrPJEWVzpAnh3p6LxXGpump
2024-12-12 19:03:22,979 - INFO - Sending command: /s tqrRt3AsuGa3aYYSvABMDrPJEWVzpAnh3p6LxXGpump
2024-12-12 19:03:22,979 - INFO - Sending command: /s tqrRt3AsuGa3aYYSvABMDrPJEWVzpAnh3p6LxXGpump
2024-12-12 19:03:31,466 - INFO - Disconnected from Telegram
2024-12-12 19:03:31,466 - INFO - Disconnected from Telegram
2024-12-12 19:03:31,466 - INFO - Disconnected from Telegram
2024-12-12 19:03:31,466 - INFO - Disconnected from Telegram
2024-12-12 19:03:32,099 - INFO - Sending command: /s KnrmAHo1wW2fGqVXcSZSpo6kmiKam5vNbDByrURpump
2024-12-12 19:03:32,099 - INFO - Sending command: /s KnrmAHo1wW2fGqVXcSZSpo6kmiKam5vNbDByrURpump
2024-12-12 19:03:32,099 - INFO - Sending command: /s KnrmAHo1wW2fGqVXcSZSpo6kmiKam5vNbDByrURpump
2024-12-12 19:03:32,099 - INFO - Sending command: /s KnrmAHo1wW2fGqVXcSZSpo6kmiKam5vNbDByrURpump
2024-12-12 19:03:32,099 - INFO - Sending command: /s KnrmAHo1wW2fGqVXcSZSpo6kmiKam5vNbDByrURpump
2024-12-12 19:03:50,625 - INFO - Disconnected from Telegram
2024-12-12 19:03:50,625 - INFO - Disconnected from Telegram
2024-12-12 19:03:50,625 - INFO - Disconnected from Telegram
2024-12-12 19:03:50,625 - INFO - Disconnected from Telegram
2024-12-12 19:03:50,625 - INFO - Disconnected from Telegram
2024-12-12 19:03:51,822 - INFO - Sending command: /s 68YY6KjfnmPuQubYkFTsmXGaF2FuwcxumWLFxb6cpump
2024-12-12 19:03:51,822 - INFO - Sending command: /s 68YY6KjfnmPuQubYkFTsmXGaF2FuwcxumWLFxb6cpump
2024-12-12 19:03:51,822 - INFO - Sending command: /s 68YY6KjfnmPuQubYkFTsmXGaF2FuwcxumWLFxb6cpump
2024-12-12 19:03:51,822 - INFO - Sending command: /s 68YY6KjfnmPuQubYkFTsmXGaF2FuwcxumWLFxb6cpump
2024-12-12 19:03:51,822 - INFO - Sending command: /s 68YY6KjfnmPuQubYkFTsmXGaF2FuwcxumWLFxb6cpump
2024-12-12 19:03:51,822 - INFO - Sending command: /s 68YY6KjfnmPuQubYkFTsmXGaF2FuwcxumWLFxb6cpump
2024-12-12 19:04:24,993 - INFO - Sending command: /s FA9jJDQzBEeV4qunJpt7XY7wC4smNYLsBNtMCTPsj3pp
2024-12-12 19:04:24,993 - INFO - Sending command: /s FA9jJDQzBEeV4qunJpt7XY7wC4smNYLsBNtMCTPsj3pp
2024-12-12 19:04:24,993 - INFO - Sending command: /s FA9jJDQzBEeV4qunJpt7XY7wC4smNYLsBNtMCTPsj3pp
2024-12-12 19:04:24,993 - INFO - Sending command: /s FA9jJDQzBEeV4qunJpt7XY7wC4smNYLsBNtMCTPsj3pp
2024-12-12 19:04:24,993 - INFO - Sending command: /s FA9jJDQzBEeV4qunJpt7XY7wC4smNYLsBNtMCTPsj3pp
2024-12-12 19:04:24,993 - INFO - Sending command: /s FA9jJDQzBEeV4qunJpt7XY7wC4smNYLsBNtMCTPsj3pp
2024-12-12 19:04:24,993 - INFO - Sending command: /s FA9jJDQzBEeV4qunJpt7XY7wC4smNYLsBNtMCTPsj3pp
2024-12-12 19:06:25,205 - WARNING - Timeout waiting for initial response, retrying...
2024-12-12 19:06:25,205 - WARNING - Timeout waiting for initial response, retrying...
2024-12-12 19:06:25,205 - WARNING - Timeout waiting for initial response, retrying...
2024-12-12 19:06:25,205 - WARNING - Timeout waiting for initial response, retrying...
2024-12-12 19:06:25,205 - WARNING - Timeout waiting for initial response, retrying...
2024-12-12 19:06:25,205 - WARNING - Timeout waiting for initial response, retrying...
2024-12-12 19:06:25,205 - WARNING - Timeout waiting for initial response, retrying...
2024-12-12 19:06:25,216 - INFO - Sending command: /s FA9jJDQzBEeV4qunJpt7XY7wC4smNYLsBNtMCTPsj3pp
2024-12-12 19:06:25,216 - INFO - Sending command: /s FA9jJDQzBEeV4qunJpt7XY7wC4smNYLsBNtMCTPsj3pp
2024-12-12 19:06:25,216 - INFO - Sending command: /s FA9jJDQzBEeV4qunJpt7XY7wC4smNYLsBNtMCTPsj3pp
2024-12-12 19:06:25,216 - INFO - Sending command: /s FA9jJDQzBEeV4qunJpt7XY7wC4smNYLsBNtMCTPsj3pp
2024-12-12 19:06:25,216 - INFO - Sending command: /s FA9jJDQzBEeV4qunJpt7XY7wC4smNYLsBNtMCTPsj3pp
2024-12-12 19:06:25,216 - INFO - Sending command: /s FA9jJDQzBEeV4qunJpt7XY7wC4smNYLsBNtMCTPsj3pp
2024-12-12 19:06:25,216 - INFO - Sending command: /s FA9jJDQzBEeV4qunJpt7XY7wC4smNYLsBNtMCTPsj3pp
2024-12-12 19:06:35,295 - INFO - Disconnected from Telegram
2024-12-12 19:06:35,295 - INFO - Disconnected from Telegram
2024-12-12 19:06:35,295 - INFO - Disconnected from Telegram
2024-12-12 19:06:35,295 - INFO - Disconnected from Telegram
2024-12-12 19:06:35,295 - INFO - Disconnected from Telegram
2024-12-12 19:06:35,295 - INFO - Disconnected from Telegram
2024-12-12 19:06:35,295 - INFO - Disconnected from Telegram
2024-12-12 19:13:07,382 - INFO - Sending command: /s 6f41LGHuU2HVV67ao9GwJ6kv2jNUz9HL6FJPVYcJpump
2024-12-12 19:13:38,067 - INFO - Disconnected from Telegram
2024-12-12 19:13:38,882 - INFO - Sending command: /s ATEWnH7CyLUyDAYVnUS4jxBi243SWUnBmmpRf3QRpump
2024-12-12 19:13:38,882 - INFO - Sending command: /s ATEWnH7CyLUyDAYVnUS4jxBi243SWUnBmmpRf3QRpump
2024-12-12 19:14:06,938 - INFO - Disconnected from Telegram
2024-12-12 19:14:06,938 - INFO - Disconnected from Telegram
2024-12-12 19:14:07,819 - INFO - Sending command: /s 3KCDgWw1C6PdjUsUXonYm6TGaDWKsLxmEjdBP7s8pump
2024-12-12 19:14:07,819 - INFO - Sending command: /s 3KCDgWw1C6PdjUsUXonYm6TGaDWKsLxmEjdBP7s8pump
2024-12-12 19:14:07,819 - INFO - Sending command: /s 3KCDgWw1C6PdjUsUXonYm6TGaDWKsLxmEjdBP7s8pump
2024-12-12 19:14:39,637 - INFO - Disconnected from Telegram
2024-12-12 19:14:39,637 - INFO - Disconnected from Telegram
2024-12-12 19:14:39,637 - INFO - Disconnected from Telegram
2024-12-12 19:14:40,255 - INFO - Sending command: /s tqrRt3AsuGa3aYYSvABMDrPJEWVzpAnh3p6LxXGpump
2024-12-12 19:14:40,255 - INFO - Sending command: /s tqrRt3AsuGa3aYYSvABMDrPJEWVzpAnh3p6LxXGpump
2024-12-12 19:14:40,255 - INFO - Sending command: /s tqrRt3AsuGa3aYYSvABMDrPJEWVzpAnh3p6LxXGpump
2024-12-12 19:14:40,255 - INFO - Sending command: /s tqrRt3AsuGa3aYYSvABMDrPJEWVzpAnh3p6LxXGpump
2024-12-12 19:15:06,537 - INFO - Disconnected from Telegram
2024-12-12 19:15:06,537 - INFO - Disconnected from Telegram
2024-12-12 19:15:06,537 - INFO - Disconnected from Telegram
2024-12-12 19:15:06,537 - INFO - Disconnected from Telegram
2024-12-12 19:15:07,147 - INFO - Sending command: /s 68YY6KjfnmPuQubYkFTsmXGaF2FuwcxumWLFxb6cpump
2024-12-12 19:15:07,147 - INFO - Sending command: /s 68YY6KjfnmPuQubYkFTsmXGaF2FuwcxumWLFxb6cpump
2024-12-12 19:15:07,147 - INFO - Sending command: /s 68YY6KjfnmPuQubYkFTsmXGaF2FuwcxumWLFxb6cpump
2024-12-12 19:15:07,147 - INFO - Sending command: /s 68YY6KjfnmPuQubYkFTsmXGaF2FuwcxumWLFxb6cpump
2024-12-12 19:15:07,147 - INFO - Sending command: /s 68YY6KjfnmPuQubYkFTsmXGaF2FuwcxumWLFxb6cpump
2024-12-12 19:15:34,636 - INFO - Sending command: /s KnrmAHo1wW2fGqVXcSZSpo6kmiKam5vNbDByrURpump
2024-12-12 19:15:34,636 - INFO - Sending command: /s KnrmAHo1wW2fGqVXcSZSpo6kmiKam5vNbDByrURpump
2024-12-12 19:15:34,636 - INFO - Sending command: /s KnrmAHo1wW2fGqVXcSZSpo6kmiKam5vNbDByrURpump
2024-12-12 19:15:34,636 - INFO - Sending command: /s KnrmAHo1wW2fGqVXcSZSpo6kmiKam5vNbDByrURpump
2024-12-12 19:15:34,636 - INFO - Sending command: /s KnrmAHo1wW2fGqVXcSZSpo6kmiKam5vNbDByrURpump
2024-12-12 19:15:34,636 - INFO - Sending command: /s KnrmAHo1wW2fGqVXcSZSpo6kmiKam5vNbDByrURpump
2024-12-12 19:16:02,226 - INFO - Disconnected from Telegram
2024-12-12 19:16:02,226 - INFO - Disconnected from Telegram
2024-12-12 19:16:02,226 - INFO - Disconnected from Telegram
2024-12-12 19:16:02,226 - INFO - Disconnected from Telegram
2024-12-12 19:16:02,226 - INFO - Disconnected from Telegram
2024-12-12 19:16:02,226 - INFO - Disconnected from Telegram
2024-12-12 19:16:02,922 - INFO - Sending command: /s FA9jJDQzBEeV4qunJpt7XY7wC4smNYLsBNtMCTPsj3pp
2024-12-12 19:16:02,922 - INFO - Sending command: /s FA9jJDQzBEeV4qunJpt7XY7wC4smNYLsBNtMCTPsj3pp
2024-12-12 19:16:02,922 - INFO - Sending command: /s FA9jJDQzBEeV4qunJpt7XY7wC4smNYLsBNtMCTPsj3pp
2024-12-12 19:16:02,922 - INFO - Sending command: /s FA9jJDQzBEeV4qunJpt7XY7wC4smNYLsBNtMCTPsj3pp
2024-12-12 19:16:02,922 - INFO - Sending command: /s FA9jJDQzBEeV4qunJpt7XY7wC4smNYLsBNtMCTPsj3pp
2024-12-12 19:16:02,922 - INFO - Sending command: /s FA9jJDQzBEeV4qunJpt7XY7wC4smNYLsBNtMCTPsj3pp
2024-12-12 19:16:02,922 - INFO - Sending command: /s FA9jJDQzBEeV4qunJpt7XY7wC4smNYLsBNtMCTPsj3pp
2024-12-12 19:16:28,437 - INFO - Disconnected from Telegram
2024-12-12 19:16:28,437 - INFO - Disconnected from Telegram
2024-12-12 19:16:28,437 - INFO - Disconnected from Telegram
2024-12-12 19:16:28,437 - INFO - Disconnected from Telegram
2024-12-12 19:16:28,437 - INFO - Disconnected from Telegram
2024-12-12 19:16:28,437 - INFO - Disconnected from Telegram
2024-12-12 19:16:28,437 - INFO - Disconnected from Telegram
2024-12-12 19:30:09,624 - ERROR - Error initializing client: Connection to Telegram failed 5 time(s)
2024-12-12 19:30:42,368 - INFO - Sending command: /s ATEWnH7CyLUyDAYVnUS4jxBi243SWUnBmmpRf3QRpump
2024-12-12 19:30:42,368 - INFO - Sending command: /s ATEWnH7CyLUyDAYVnUS4jxBi243SWUnBmmpRf3QRpump
2024-12-12 19:32:45,481 - WARNING - Timeout waiting for initial response, retrying...
2024-12-12 19:32:45,481 - WARNING - Timeout waiting for initial response, retrying...
2024-12-12 19:32:45,587 - INFO - Sending command: /s ATEWnH7CyLUyDAYVnUS4jxBi243SWUnBmmpRf3QRpump
2024-12-12 19:32:45,587 - INFO - Sending command: /s ATEWnH7CyLUyDAYVnUS4jxBi243SWUnBmmpRf3QRpump
2024-12-12 19:33:08,337 - INFO - Disconnected from Telegram
2024-12-12 19:33:08,337 - INFO - Disconnected from Telegram
2024-12-12 19:33:16,990 - INFO - Sending command: /s 3KCDgWw1C6PdjUsUXonYm6TGaDWKsLxmEjdBP7s8pump
2024-12-12 19:33:16,990 - INFO - Sending command: /s 3KCDgWw1C6PdjUsUXonYm6TGaDWKsLxmEjdBP7s8pump
2024-12-12 19:33:16,990 - INFO - Sending command: /s 3KCDgWw1C6PdjUsUXonYm6TGaDWKsLxmEjdBP7s8pump
2024-12-12 19:34:06,650 - INFO - Disconnected from Telegram
2024-12-12 19:34:06,650 - INFO - Disconnected from Telegram
2024-12-12 19:34:06,650 - INFO - Disconnected from Telegram
2024-12-12 19:34:11,474 - INFO - Sending command: /s tqrRt3AsuGa3aYYSvABMDrPJEWVzpAnh3p6LxXGpump
2024-12-12 19:34:11,474 - INFO - Sending command: /s tqrRt3AsuGa3aYYSvABMDrPJEWVzpAnh3p6LxXGpump
2024-12-12 19:34:11,474 - INFO - Sending command: /s tqrRt3AsuGa3aYYSvABMDrPJEWVzpAnh3p6LxXGpump
2024-12-12 19:34:11,474 - INFO - Sending command: /s tqrRt3AsuGa3aYYSvABMDrPJEWVzpAnh3p6LxXGpump
2024-12-12 19:34:51,662 - INFO - Disconnected from Telegram
2024-12-12 19:34:51,662 - INFO - Disconnected from Telegram
2024-12-12 19:34:51,662 - INFO - Disconnected from Telegram
2024-12-12 19:34:51,662 - INFO - Disconnected from Telegram
2024-12-12 19:35:29,831 - INFO - Sending command: /s 68YY6KjfnmPuQubYkFTsmXGaF2FuwcxumWLFxb6cpump
2024-12-12 19:35:29,831 - INFO - Sending command: /s 68YY6KjfnmPuQubYkFTsmXGaF2FuwcxumWLFxb6cpump
2024-12-12 19:35:29,831 - INFO - Sending command: /s 68YY6KjfnmPuQubYkFTsmXGaF2FuwcxumWLFxb6cpump
2024-12-12 19:35:29,831 - INFO - Sending command: /s 68YY6KjfnmPuQubYkFTsmXGaF2FuwcxumWLFxb6cpump
2024-12-12 19:35:29,831 - INFO - Sending command: /s 68YY6KjfnmPuQubYkFTsmXGaF2FuwcxumWLFxb6cpump
2024-12-12 19:36:29,566 - INFO - Sending command: /s FA9jJDQzBEeV4qunJpt7XY7wC4smNYLsBNtMCTPsj3pp
2024-12-12 19:36:29,566 - INFO - Sending command: /s FA9jJDQzBEeV4qunJpt7XY7wC4smNYLsBNtMCTPsj3pp
2024-12-12 19:36:29,566 - INFO - Sending command: /s FA9jJDQzBEeV4qunJpt7XY7wC4smNYLsBNtMCTPsj3pp
2024-12-12 19:36:29,566 - INFO - Sending command: /s FA9jJDQzBEeV4qunJpt7XY7wC4smNYLsBNtMCTPsj3pp
2024-12-12 19:36:29,566 - INFO - Sending command: /s FA9jJDQzBEeV4qunJpt7XY7wC4smNYLsBNtMCTPsj3pp
2024-12-12 19:36:29,566 - INFO - Sending command: /s FA9jJDQzBEeV4qunJpt7XY7wC4smNYLsBNtMCTPsj3pp
2024-12-12 19:36:59,117 - INFO - Disconnected from Telegram
2024-12-12 19:36:59,117 - INFO - Disconnected from Telegram
2024-12-12 19:36:59,117 - INFO - Disconnected from Telegram
2024-12-12 19:36:59,117 - INFO - Disconnected from Telegram
2024-12-12 19:36:59,117 - INFO - Disconnected from Telegram
2024-12-12 19:36:59,117 - INFO - Disconnected from Telegram
2024-12-12 19:37:02,979 - INFO - Sending command: /s KnrmAHo1wW2fGqVXcSZSpo6kmiKam5vNbDByrURpump
2024-12-12 19:37:02,979 - INFO - Sending command: /s KnrmAHo1wW2fGqVXcSZSpo6kmiKam5vNbDByrURpump
2024-12-12 19:37:02,979 - INFO - Sending command: /s KnrmAHo1wW2fGqVXcSZSpo6kmiKam5vNbDByrURpump
2024-12-12 19:37:02,979 - INFO - Sending command: /s KnrmAHo1wW2fGqVXcSZSpo6kmiKam5vNbDByrURpump
2024-12-12 19:37:02,979 - INFO - Sending command: /s KnrmAHo1wW2fGqVXcSZSpo6kmiKam5vNbDByrURpump
2024-12-12 19:37:02,979 - INFO - Sending command: /s KnrmAHo1wW2fGqVXcSZSpo6kmiKam5vNbDByrURpump
2024-12-12 19:37:02,979 - INFO - Sending command: /s KnrmAHo1wW2fGqVXcSZSpo6kmiKam5vNbDByrURpump
2024-12-12 19:37:40,122 - INFO - Disconnected from Telegram
2024-12-12 19:37:40,122 - INFO - Disconnected from Telegram
2024-12-12 19:37:40,122 - INFO - Disconnected from Telegram
2024-12-12 19:37:40,122 - INFO - Disconnected from Telegram
2024-12-12 19:37:40,122 - INFO - Disconnected from Telegram
2024-12-12 19:37:40,122 - INFO - Disconnected from Telegram
2024-12-12 19:37:40,122 - INFO - Disconnected from Telegram
2024-12-12 19:47:27,557 - INFO - Sending command: /s 3KCDgWw1C6PdjUsUXonYm6TGaDWKsLxmEjdBP7s8pump
2024-12-12 19:48:04,739 - INFO - Disconnected from Telegram
2024-12-12 19:48:05,301 - INFO - Sending command: /s tqrRt3AsuGa3aYYSvABMDrPJEWVzpAnh3p6LxXGpump
2024-12-12 19:48:05,301 - INFO - Sending command: /s tqrRt3AsuGa3aYYSvABMDrPJEWVzpAnh3p6LxXGpump
2024-12-12 19:48:44,099 - INFO - Disconnected from Telegram
2024-12-12 19:48:44,099 - INFO - Disconnected from Telegram
2024-12-12 19:48:44,668 - INFO - Sending command: /s 68YY6KjfnmPuQubYkFTsmXGaF2FuwcxumWLFxb6cpump
2024-12-12 19:48:44,668 - INFO - Sending command: /s 68YY6KjfnmPuQubYkFTsmXGaF2FuwcxumWLFxb6cpump
2024-12-12 19:48:44,668 - INFO - Sending command: /s 68YY6KjfnmPuQubYkFTsmXGaF2FuwcxumWLFxb6cpump
2024-12-12 19:49:22,404 - INFO - Sending command: /s KnrmAHo1wW2fGqVXcSZSpo6kmiKam5vNbDByrURpump
2024-12-12 19:49:22,404 - INFO - Sending command: /s KnrmAHo1wW2fGqVXcSZSpo6kmiKam5vNbDByrURpump
2024-12-12 19:49:22,404 - INFO - Sending command: /s KnrmAHo1wW2fGqVXcSZSpo6kmiKam5vNbDByrURpump
2024-12-12 19:49:22,404 - INFO - Sending command: /s KnrmAHo1wW2fGqVXcSZSpo6kmiKam5vNbDByrURpump
2024-12-12 19:55:04,746 - INFO - Sending command: /s KnrmAHo1wW2fGqVXcSZSpo6kmiKam5vNbDByrURpump
2024-12-12 19:55:04,746 - INFO - Sending command: /s KnrmAHo1wW2fGqVXcSZSpo6kmiKam5vNbDByrURpump
2024-12-12 19:55:04,746 - INFO - Sending command: /s KnrmAHo1wW2fGqVXcSZSpo6kmiKam5vNbDByrURpump
2024-12-12 19:55:04,746 - INFO - Sending command: /s KnrmAHo1wW2fGqVXcSZSpo6kmiKam5vNbDByrURpump
2024-12-12 19:55:06,081 - WARNING - No buttons found in response
2024-12-12 19:55:06,081 - WARNING - No buttons found in response
2024-12-12 19:55:06,081 - WARNING - No buttons found in response
2024-12-12 19:55:06,081 - WARNING - No buttons found in response
2024-12-12 19:55:06,093 - INFO - Sending command: /s KnrmAHo1wW2fGqVXcSZSpo6kmiKam5vNbDByrURpump
2024-12-12 19:55:06,093 - INFO - Sending command: /s KnrmAHo1wW2fGqVXcSZSpo6kmiKam5vNbDByrURpump
2024-12-12 19:55:06,093 - INFO - Sending command: /s KnrmAHo1wW2fGqVXcSZSpo6kmiKam5vNbDByrURpump
2024-12-12 19:55:06,093 - INFO - Sending command: /s KnrmAHo1wW2fGqVXcSZSpo6kmiKam5vNbDByrURpump
2024-12-12 19:55:37,252 - INFO - Disconnected from Telegram
2024-12-12 19:55:37,252 - INFO - Disconnected from Telegram
2024-12-12 19:55:37,252 - INFO - Disconnected from Telegram
2024-12-12 19:55:37,252 - INFO - Disconnected from Telegram
2024-12-12 20:02:47,981 - INFO - Sending command: /s tqrRt3AsuGa3aYYSvABMDrPJEWVzpAnh3p6LxXGpump
2024-12-12 20:03:23,975 - INFO - Disconnected from Telegram
2024-12-12 20:03:24,758 - INFO - Sending command: /s 68YY6KjfnmPuQubYkFTsmXGaF2FuwcxumWLFxb6cpump
2024-12-12 20:03:24,758 - INFO - Sending command: /s 68YY6KjfnmPuQubYkFTsmXGaF2FuwcxumWLFxb6cpump
2024-12-12 20:05:25,306 - WARNING - Timeout waiting for initial response, retrying...
2024-12-12 20:05:25,306 - WARNING - Timeout waiting for initial response, retrying...
2024-12-12 20:05:25,307 - INFO - Sending command: /s 68YY6KjfnmPuQubYkFTsmXGaF2FuwcxumWLFxb6cpump
2024-12-12 20:05:25,307 - INFO - Sending command: /s 68YY6KjfnmPuQubYkFTsmXGaF2FuwcxumWLFxb6cpump
2024-12-12 20:10:51,250 - INFO - Sending command: /s 68YY6KjfnmPuQubYkFTsmXGaF2FuwcxumWLFxb6cpump
2024-12-12 20:10:51,250 - INFO - Sending command: /s 68YY6KjfnmPuQubYkFTsmXGaF2FuwcxumWLFxb6cpump
2024-12-12 20:10:53,183 - WARNING - No buttons found in response
2024-12-12 20:10:53,183 - WARNING - No buttons found in response
2024-12-12 20:10:53,183 - INFO - Sending command: /s 68YY6KjfnmPuQubYkFTsmXGaF2FuwcxumWLFxb6cpump
2024-12-12 20:10:53,183 - INFO - Sending command: /s 68YY6KjfnmPuQubYkFTsmXGaF2FuwcxumWLFxb6cpump
2024-12-12 20:11:23,372 - INFO - Sending command: /s KnrmAHo1wW2fGqVXcSZSpo6kmiKam5vNbDByrURpump
2024-12-12 20:11:23,372 - INFO - Sending command: /s KnrmAHo1wW2fGqVXcSZSpo6kmiKam5vNbDByrURpump
2024-12-12 20:11:23,372 - INFO - Sending command: /s KnrmAHo1wW2fGqVXcSZSpo6kmiKam5vNbDByrURpump
2024-12-12 20:12:04,902 - INFO - Disconnected from Telegram
2024-12-12 20:12:04,902 - INFO - Disconnected from Telegram
2024-12-12 20:12:04,902 - INFO - Disconnected from Telegram
2024-12-12 20:18:44,341 - INFO - Sending command: /s H758qwhw8YHLbDYmJsdN6Jta2ioguZ53PY6Qcisupump
2024-12-12 20:20:44,620 - WARNING - Timeout waiting for initial response, retrying...
2024-12-12 20:20:44,624 - INFO - Sending command: /s H758qwhw8YHLbDYmJsdN6Jta2ioguZ53PY6Qcisupump
2024-12-12 20:20:57,984 - INFO - Disconnected from Telegram
2024-12-12 20:20:58,656 - INFO - Sending command: /s tqrRt3AsuGa3aYYSvABMDrPJEWVzpAnh3p6LxXGpump
2024-12-12 20:20:58,656 - INFO - Sending command: /s tqrRt3AsuGa3aYYSvABMDrPJEWVzpAnh3p6LxXGpump
2024-12-12 20:21:12,655 - INFO - Disconnected from Telegram
2024-12-12 20:21:12,655 - INFO - Disconnected from Telegram
2024-12-12 20:21:14,413 - INFO - Sending command: /s 68YY6KjfnmPuQubYkFTsmXGaF2FuwcxumWLFxb6cpump
2024-12-12 20:21:14,413 - INFO - Sending command: /s 68YY6KjfnmPuQubYkFTsmXGaF2FuwcxumWLFxb6cpump
2024-12-12 20:21:14,413 - INFO - Sending command: /s 68YY6KjfnmPuQubYkFTsmXGaF2FuwcxumWLFxb6cpump
2024-12-12 20:21:27,808 - INFO - Disconnected from Telegram
2024-12-12 20:21:27,808 - INFO - Disconnected from Telegram
2024-12-12 20:21:27,808 - INFO - Disconnected from Telegram
2024-12-12 20:21:28,417 - INFO - Sending command: /s KnrmAHo1wW2fGqVXcSZSpo6kmiKam5vNbDByrURpump
2024-12-12 20:21:28,417 - INFO - Sending command: /s KnrmAHo1wW2fGqVXcSZSpo6kmiKam5vNbDByrURpump
2024-12-12 20:21:28,417 - INFO - Sending command: /s KnrmAHo1wW2fGqVXcSZSpo6kmiKam5vNbDByrURpump
2024-12-12 20:21:28,417 - INFO - Sending command: /s KnrmAHo1wW2fGqVXcSZSpo6kmiKam5vNbDByrURpump
2024-12-12 20:29:31,933 - INFO - Sending command: /s H758qwhw8YHLbDYmJsdN6Jta2ioguZ53PY6Qcisupump
2024-12-12 20:30:15,540 - INFO - Disconnected from Telegram
2024-12-12 20:30:16,077 - INFO - Sending command: /s 3KCDgWw1C6PdjUsUXonYm6TGaDWKsLxmEjdBP7s8pump
2024-12-12 20:30:16,077 - INFO - Sending command: /s 3KCDgWw1C6PdjUsUXonYm6TGaDWKsLxmEjdBP7s8pump
2024-12-12 20:30:58,990 - INFO - Disconnected from Telegram
2024-12-12 20:30:58,990 - INFO - Disconnected from Telegram
2024-12-12 20:31:00,129 - INFO - Sending command: /s ATEWnH7CyLUyDAYVnUS4jxBi243SWUnBmmpRf3QRpump
2024-12-12 20:31:00,129 - INFO - Sending command: /s ATEWnH7CyLUyDAYVnUS4jxBi243SWUnBmmpRf3QRpump
2024-12-12 20:31:00,129 - INFO - Sending command: /s ATEWnH7CyLUyDAYVnUS4jxBi243SWUnBmmpRf3QRpump
2024-12-12 20:33:00,489 - WARNING - Timeout waiting for initial response, retrying...
2024-12-12 20:33:00,489 - WARNING - Timeout waiting for initial response, retrying...
2024-12-12 20:33:00,489 - WARNING - Timeout waiting for initial response, retrying...
2024-12-12 20:33:00,491 - INFO - Sending command: /s ATEWnH7CyLUyDAYVnUS4jxBi243SWUnBmmpRf3QRpump
2024-12-12 20:33:00,491 - INFO - Sending command: /s ATEWnH7CyLUyDAYVnUS4jxBi243SWUnBmmpRf3QRpump
2024-12-12 20:33:00,491 - INFO - Sending command: /s ATEWnH7CyLUyDAYVnUS4jxBi243SWUnBmmpRf3QRpump
2024-12-12 20:33:14,046 - INFO - Disconnected from Telegram
2024-12-12 20:33:14,046 - INFO - Disconnected from Telegram
2024-12-12 20:33:14,046 - INFO - Disconnected from Telegram
2024-12-12 20:33:14,740 - INFO - Sending command: /s tqrRt3AsuGa3aYYSvABMDrPJEWVzpAnh3p6LxXGpump
2024-12-12 20:33:14,740 - INFO - Sending command: /s tqrRt3AsuGa3aYYSvABMDrPJEWVzpAnh3p6LxXGpump
2024-12-12 20:33:14,740 - INFO - Sending command: /s tqrRt3AsuGa3aYYSvABMDrPJEWVzpAnh3p6LxXGpump
2024-12-12 20:33:14,740 - INFO - Sending command: /s tqrRt3AsuGa3aYYSvABMDrPJEWVzpAnh3p6LxXGpump
2024-12-12 20:33:29,392 - INFO - Disconnected from Telegram
2024-12-12 20:33:29,392 - INFO - Disconnected from Telegram
2024-12-12 20:33:29,392 - INFO - Disconnected from Telegram
2024-12-12 20:33:29,392 - INFO - Disconnected from Telegram
2024-12-12 20:33:29,954 - INFO - Sending command: /s FQnSa9XvoXVzC15MnoNyCCs9vNhF5AKQuFuZ5Dkhpump
2024-12-12 20:33:29,954 - INFO - Sending command: /s FQnSa9XvoXVzC15MnoNyCCs9vNhF5AKQuFuZ5Dkhpump
2024-12-12 20:33:29,954 - INFO - Sending command: /s FQnSa9XvoXVzC15MnoNyCCs9vNhF5AKQuFuZ5Dkhpump
2024-12-12 20:33:29,954 - INFO - Sending command: /s FQnSa9XvoXVzC15MnoNyCCs9vNhF5AKQuFuZ5Dkhpump
2024-12-12 20:33:29,954 - INFO - Sending command: /s FQnSa9XvoXVzC15MnoNyCCs9vNhF5AKQuFuZ5Dkhpump
2024-12-12 20:39:02,210 - INFO - Sending command: /s FQnSa9XvoXVzC15MnoNyCCs9vNhF5AKQuFuZ5Dkhpump
2024-12-12 20:39:02,210 - INFO - Sending command: /s FQnSa9XvoXVzC15MnoNyCCs9vNhF5AKQuFuZ5Dkhpump
2024-12-12 20:39:02,210 - INFO - Sending command: /s FQnSa9XvoXVzC15MnoNyCCs9vNhF5AKQuFuZ5Dkhpump
2024-12-12 20:39:02,210 - INFO - Sending command: /s FQnSa9XvoXVzC15MnoNyCCs9vNhF5AKQuFuZ5Dkhpump
2024-12-12 20:39:02,210 - INFO - Sending command: /s FQnSa9XvoXVzC15MnoNyCCs9vNhF5AKQuFuZ5Dkhpump
2024-12-12 20:39:03,166 - WARNING - No buttons found in response
2024-12-12 20:39:03,166 - WARNING - No buttons found in response
2024-12-12 20:39:03,166 - WARNING - No buttons found in response
2024-12-12 20:39:03,166 - WARNING - No buttons found in response
2024-12-12 20:39:03,166 - WARNING - No buttons found in response
2024-12-12 20:39:03,166 - INFO - Sending command: /s FQnSa9XvoXVzC15MnoNyCCs9vNhF5AKQuFuZ5Dkhpump
2024-12-12 20:39:03,166 - INFO - Sending command: /s FQnSa9XvoXVzC15MnoNyCCs9vNhF5AKQuFuZ5Dkhpump
2024-12-12 20:39:03,166 - INFO - Sending command: /s FQnSa9XvoXVzC15MnoNyCCs9vNhF5AKQuFuZ5Dkhpump
2024-12-12 20:39:03,166 - INFO - Sending command: /s FQnSa9XvoXVzC15MnoNyCCs9vNhF5AKQuFuZ5Dkhpump
2024-12-12 20:39:03,166 - INFO - Sending command: /s FQnSa9XvoXVzC15MnoNyCCs9vNhF5AKQuFuZ5Dkhpump
2024-12-12 20:39:34,467 - INFO - Disconnected from Telegram
2024-12-12 20:39:34,467 - INFO - Disconnected from Telegram
2024-12-12 20:39:34,467 - INFO - Disconnected from Telegram
2024-12-12 20:39:34,467 - INFO - Disconnected from Telegram
2024-12-12 20:39:34,467 - INFO - Disconnected from Telegram
2024-12-12 20:39:35,060 - INFO - Sending command: /s 68YY6KjfnmPuQubYkFTsmXGaF2FuwcxumWLFxb6cpump
2024-12-12 20:39:35,060 - INFO - Sending command: /s 68YY6KjfnmPuQubYkFTsmXGaF2FuwcxumWLFxb6cpump
2024-12-12 20:39:35,060 - INFO - Sending command: /s 68YY6KjfnmPuQubYkFTsmXGaF2FuwcxumWLFxb6cpump
2024-12-12 20:39:35,060 - INFO - Sending command: /s 68YY6KjfnmPuQubYkFTsmXGaF2FuwcxumWLFxb6cpump
2024-12-12 20:39:35,060 - INFO - Sending command: /s 68YY6KjfnmPuQubYkFTsmXGaF2FuwcxumWLFxb6cpump
2024-12-12 20:39:35,060 - INFO - Sending command: /s 68YY6KjfnmPuQubYkFTsmXGaF2FuwcxumWLFxb6cpump
2024-12-12 20:40:06,260 - INFO - Sending command: /s KnrmAHo1wW2fGqVXcSZSpo6kmiKam5vNbDByrURpump
2024-12-12 20:40:06,260 - INFO - Sending command: /s KnrmAHo1wW2fGqVXcSZSpo6kmiKam5vNbDByrURpump
2024-12-12 20:40:06,260 - INFO - Sending command: /s KnrmAHo1wW2fGqVXcSZSpo6kmiKam5vNbDByrURpump
2024-12-12 20:40:06,260 - INFO - Sending command: /s KnrmAHo1wW2fGqVXcSZSpo6kmiKam5vNbDByrURpump
2024-12-12 20:40:06,260 - INFO - Sending command: /s KnrmAHo1wW2fGqVXcSZSpo6kmiKam5vNbDByrURpump
2024-12-12 20:40:06,260 - INFO - Sending command: /s KnrmAHo1wW2fGqVXcSZSpo6kmiKam5vNbDByrURpump
2024-12-12 20:40:06,260 - INFO - Sending command: /s KnrmAHo1wW2fGqVXcSZSpo6kmiKam5vNbDByrURpump
2024-12-12 20:40:36,864 - INFO - Disconnected from Telegram
2024-12-12 20:40:36,864 - INFO - Disconnected from Telegram
2024-12-12 20:40:36,864 - INFO - Disconnected from Telegram
2024-12-12 20:40:36,864 - INFO - Disconnected from Telegram
2024-12-12 20:40:36,864 - INFO - Disconnected from Telegram
2024-12-12 20:40:36,864 - INFO - Disconnected from Telegram
2024-12-12 20:40:36,864 - INFO - Disconnected from Telegram
2024-12-12 20:49:38,929 - INFO - Sending command: /s 3KCDgWw1C6PdjUsUXonYm6TGaDWKsLxmEjdBP7s8pump
2024-12-12 20:51:39,385 - WARNING - Timeout waiting for initial response, retrying...
2024-12-12 20:51:39,391 - INFO - Sending command: /s 3KCDgWw1C6PdjUsUXonYm6TGaDWKsLxmEjdBP7s8pump
2024-12-12 20:51:57,484 - INFO - Disconnected from Telegram
2024-12-12 20:51:58,087 - INFO - Sending command: /s ATEWnH7CyLUyDAYVnUS4jxBi243SWUnBmmpRf3QRpump
2024-12-12 20:51:58,087 - INFO - Sending command: /s ATEWnH7CyLUyDAYVnUS4jxBi243SWUnBmmpRf3QRpump
2024-12-12 20:52:13,766 - INFO - Disconnected from Telegram
2024-12-12 20:52:13,766 - INFO - Disconnected from Telegram
2024-12-12 20:52:14,326 - INFO - Sending command: /s 75duWfJdJkaycBpDi3oho9vy8zFwEXBvWHmy5qehpump
2024-12-12 20:52:14,326 - INFO - Sending command: /s 75duWfJdJkaycBpDi3oho9vy8zFwEXBvWHmy5qehpump
2024-12-12 20:52:14,326 - INFO - Sending command: /s 75duWfJdJkaycBpDi3oho9vy8zFwEXBvWHmy5qehpump
2024-12-12 20:52:30,308 - INFO - Disconnected from Telegram
2024-12-12 20:52:30,308 - INFO - Disconnected from Telegram
2024-12-12 20:52:30,308 - INFO - Disconnected from Telegram
2024-12-12 20:52:30,858 - INFO - Sending command: /s tqrRt3AsuGa3aYYSvABMDrPJEWVzpAnh3p6LxXGpump
2024-12-12 20:52:30,858 - INFO - Sending command: /s tqrRt3AsuGa3aYYSvABMDrPJEWVzpAnh3p6LxXGpump
2024-12-12 20:52:30,858 - INFO - Sending command: /s tqrRt3AsuGa3aYYSvABMDrPJEWVzpAnh3p6LxXGpump
2024-12-12 20:52:30,858 - INFO - Sending command: /s tqrRt3AsuGa3aYYSvABMDrPJEWVzpAnh3p6LxXGpump
2024-12-12 20:52:52,671 - INFO - Disconnected from Telegram
2024-12-12 20:52:52,671 - INFO - Disconnected from Telegram
2024-12-12 20:52:52,671 - INFO - Disconnected from Telegram
2024-12-12 20:52:52,671 - INFO - Disconnected from Telegram
2024-12-12 20:52:53,240 - INFO - Sending command: /s 68YY6KjfnmPuQubYkFTsmXGaF2FuwcxumWLFxb6cpump
2024-12-12 20:52:53,240 - INFO - Sending command: /s 68YY6KjfnmPuQubYkFTsmXGaF2FuwcxumWLFxb6cpump
2024-12-12 20:52:53,240 - INFO - Sending command: /s 68YY6KjfnmPuQubYkFTsmXGaF2FuwcxumWLFxb6cpump
2024-12-12 20:52:53,240 - INFO - Sending command: /s 68YY6KjfnmPuQubYkFTsmXGaF2FuwcxumWLFxb6cpump
2024-12-12 20:52:53,240 - INFO - Sending command: /s 68YY6KjfnmPuQubYkFTsmXGaF2FuwcxumWLFxb6cpump
2024-12-12 20:53:25,946 - INFO - Sending command: /s KnrmAHo1wW2fGqVXcSZSpo6kmiKam5vNbDByrURpump
2024-12-12 20:53:25,946 - INFO - Sending command: /s KnrmAHo1wW2fGqVXcSZSpo6kmiKam5vNbDByrURpump
2024-12-12 20:53:25,946 - INFO - Sending command: /s KnrmAHo1wW2fGqVXcSZSpo6kmiKam5vNbDByrURpump
2024-12-12 20:53:25,946 - INFO - Sending command: /s KnrmAHo1wW2fGqVXcSZSpo6kmiKam5vNbDByrURpump
2024-12-12 20:53:25,946 - INFO - Sending command: /s KnrmAHo1wW2fGqVXcSZSpo6kmiKam5vNbDByrURpump
2024-12-12 20:53:25,946 - INFO - Sending command: /s KnrmAHo1wW2fGqVXcSZSpo6kmiKam5vNbDByrURpump
2024-12-12 20:53:58,659 - INFO - Disconnected from Telegram
2024-12-12 20:53:58,659 - INFO - Disconnected from Telegram
2024-12-12 20:53:58,659 - INFO - Disconnected from Telegram
2024-12-12 20:53:58,659 - INFO - Disconnected from Telegram
2024-12-12 20:53:58,659 - INFO - Disconnected from Telegram
2024-12-12 20:53:58,659 - INFO - Disconnected from Telegram
2024-12-12 21:02:31,330 - INFO - Sending command: /s ATEWnH7CyLUyDAYVnUS4jxBi243SWUnBmmpRf3QRpump
2024-12-12 21:03:00,116 - INFO - Disconnected from Telegram
2024-12-12 21:03:00,662 - INFO - Sending command: /s 3KCDgWw1C6PdjUsUXonYm6TGaDWKsLxmEjdBP7s8pump
2024-12-12 21:03:00,662 - INFO - Sending command: /s 3KCDgWw1C6PdjUsUXonYm6TGaDWKsLxmEjdBP7s8pump
2024-12-12 21:03:32,638 - INFO - Disconnected from Telegram
2024-12-12 21:03:32,638 - INFO - Disconnected from Telegram
2024-12-12 21:03:33,219 - INFO - Sending command: /s 68YY6KjfnmPuQubYkFTsmXGaF2FuwcxumWLFxb6cpump
2024-12-12 21:03:33,219 - INFO - Sending command: /s 68YY6KjfnmPuQubYkFTsmXGaF2FuwcxumWLFxb6cpump
2024-12-12 21:03:33,219 - INFO - Sending command: /s 68YY6KjfnmPuQubYkFTsmXGaF2FuwcxumWLFxb6cpump
2024-12-12 21:05:33,549 - WARNING - Timeout waiting for initial response, retrying...
2024-12-12 21:05:33,549 - WARNING - Timeout waiting for initial response, retrying...
2024-12-12 21:05:33,549 - WARNING - Timeout waiting for initial response, retrying...
2024-12-12 21:05:33,551 - INFO - Sending command: /s 68YY6KjfnmPuQubYkFTsmXGaF2FuwcxumWLFxb6cpump
2024-12-12 21:05:33,551 - INFO - Sending command: /s 68YY6KjfnmPuQubYkFTsmXGaF2FuwcxumWLFxb6cpump
2024-12-12 21:05:33,551 - INFO - Sending command: /s 68YY6KjfnmPuQubYkFTsmXGaF2FuwcxumWLFxb6cpump
2024-12-12 21:10:52,531 - INFO - Sending command: /s 68YY6KjfnmPuQubYkFTsmXGaF2FuwcxumWLFxb6cpump
2024-12-12 21:10:52,531 - INFO - Sending command: /s 68YY6KjfnmPuQubYkFTsmXGaF2FuwcxumWLFxb6cpump
2024-12-12 21:10:52,531 - INFO - Sending command: /s 68YY6KjfnmPuQubYkFTsmXGaF2FuwcxumWLFxb6cpump
2024-12-12 21:10:53,334 - WARNING - No buttons found in response
2024-12-12 21:10:53,334 - WARNING - No buttons found in response
2024-12-12 21:10:53,334 - WARNING - No buttons found in response
2024-12-12 21:10:53,334 - INFO - Sending command: /s 68YY6KjfnmPuQubYkFTsmXGaF2FuwcxumWLFxb6cpump
2024-12-12 21:10:53,334 - INFO - Sending command: /s 68YY6KjfnmPuQubYkFTsmXGaF2FuwcxumWLFxb6cpump
2024-12-12 21:10:53,334 - INFO - Sending command: /s 68YY6KjfnmPuQubYkFTsmXGaF2FuwcxumWLFxb6cpump
2024-12-12 21:12:53,477 - WARNING - Timeout waiting for initial response, retrying...
2024-12-12 21:12:53,477 - WARNING - Timeout waiting for initial response, retrying...
2024-12-12 21:12:53,477 - WARNING - Timeout waiting for initial response, retrying...
2024-12-12 21:12:53,478 - INFO - Sending command: /s 68YY6KjfnmPuQubYkFTsmXGaF2FuwcxumWLFxb6cpump
2024-12-12 21:12:53,478 - INFO - Sending command: /s 68YY6KjfnmPuQubYkFTsmXGaF2FuwcxumWLFxb6cpump
2024-12-12 21:12:53,478 - INFO - Sending command: /s 68YY6KjfnmPuQubYkFTsmXGaF2FuwcxumWLFxb6cpump
2024-12-12 21:13:09,028 - INFO - Sending command: /s 75duWfJdJkaycBpDi3oho9vy8zFwEXBvWHmy5qehpump
2024-12-12 21:13:09,028 - INFO - Sending command: /s 75duWfJdJkaycBpDi3oho9vy8zFwEXBvWHmy5qehpump
2024-12-12 21:13:09,028 - INFO - Sending command: /s 75duWfJdJkaycBpDi3oho9vy8zFwEXBvWHmy5qehpump
2024-12-12 21:13:09,028 - INFO - Sending command: /s 75duWfJdJkaycBpDi3oho9vy8zFwEXBvWHmy5qehpump
2024-12-12 21:15:09,567 - WARNING - Timeout waiting for initial response, retrying...
2024-12-12 21:15:09,567 - WARNING - Timeout waiting for initial response, retrying...
2024-12-12 21:15:09,567 - WARNING - Timeout waiting for initial response, retrying...
2024-12-12 21:15:09,567 - WARNING - Timeout waiting for initial response, retrying...
2024-12-12 21:15:09,576 - INFO - Sending command: /s 75duWfJdJkaycBpDi3oho9vy8zFwEXBvWHmy5qehpump
2024-12-12 21:15:09,576 - INFO - Sending command: /s 75duWfJdJkaycBpDi3oho9vy8zFwEXBvWHmy5qehpump
2024-12-12 21:15:09,576 - INFO - Sending command: /s 75duWfJdJkaycBpDi3oho9vy8zFwEXBvWHmy5qehpump
2024-12-12 21:15:09,576 - INFO - Sending command: /s 75duWfJdJkaycBpDi3oho9vy8zFwEXBvWHmy5qehpump
2024-12-12 21:15:38,616 - INFO - Sending command: /s tqrRt3AsuGa3aYYSvABMDrPJEWVzpAnh3p6LxXGpump
2024-12-12 21:15:38,616 - INFO - Sending command: /s tqrRt3AsuGa3aYYSvABMDrPJEWVzpAnh3p6LxXGpump
2024-12-12 21:15:38,616 - INFO - Sending command: /s tqrRt3AsuGa3aYYSvABMDrPJEWVzpAnh3p6LxXGpump
2024-12-12 21:15:38,616 - INFO - Sending command: /s tqrRt3AsuGa3aYYSvABMDrPJEWVzpAnh3p6LxXGpump
2024-12-12 21:15:38,616 - INFO - Sending command: /s tqrRt3AsuGa3aYYSvABMDrPJEWVzpAnh3p6LxXGpump
2024-12-12 21:21:26,986 - INFO - Sending command: /s tqrRt3AsuGa3aYYSvABMDrPJEWVzpAnh3p6LxXGpump
2024-12-12 21:21:26,986 - INFO - Sending command: /s tqrRt3AsuGa3aYYSvABMDrPJEWVzpAnh3p6LxXGpump
2024-12-12 21:21:26,986 - INFO - Sending command: /s tqrRt3AsuGa3aYYSvABMDrPJEWVzpAnh3p6LxXGpump
2024-12-12 21:21:26,986 - INFO - Sending command: /s tqrRt3AsuGa3aYYSvABMDrPJEWVzpAnh3p6LxXGpump
2024-12-12 21:21:26,986 - INFO - Sending command: /s tqrRt3AsuGa3aYYSvABMDrPJEWVzpAnh3p6LxXGpump
2024-12-12 21:21:29,101 - WARNING - No buttons found in response
2024-12-12 21:21:29,101 - WARNING - No buttons found in response
2024-12-12 21:21:29,101 - WARNING - No buttons found in response
2024-12-12 21:21:29,101 - WARNING - No buttons found in response
2024-12-12 21:21:29,101 - WARNING - No buttons found in response
2024-12-12 21:21:29,101 - INFO - Sending command: /s tqrRt3AsuGa3aYYSvABMDrPJEWVzpAnh3p6LxXGpump
2024-12-12 21:21:29,101 - INFO - Sending command: /s tqrRt3AsuGa3aYYSvABMDrPJEWVzpAnh3p6LxXGpump
2024-12-12 21:21:29,101 - INFO - Sending command: /s tqrRt3AsuGa3aYYSvABMDrPJEWVzpAnh3p6LxXGpump
2024-12-12 21:21:29,101 - INFO - Sending command: /s tqrRt3AsuGa3aYYSvABMDrPJEWVzpAnh3p6LxXGpump
2024-12-12 21:21:29,101 - INFO - Sending command: /s tqrRt3AsuGa3aYYSvABMDrPJEWVzpAnh3p6LxXGpump
2024-12-12 21:23:29,232 - WARNING - Timeout waiting for initial response, retrying...
2024-12-12 21:23:29,232 - WARNING - Timeout waiting for initial response, retrying...
2024-12-12 21:23:29,232 - WARNING - Timeout waiting for initial response, retrying...
2024-12-12 21:23:29,232 - WARNING - Timeout waiting for initial response, retrying...
2024-12-12 21:23:29,232 - WARNING - Timeout waiting for initial response, retrying...
2024-12-12 21:23:29,236 - INFO - Sending command: /s tqrRt3AsuGa3aYYSvABMDrPJEWVzpAnh3p6LxXGpump
2024-12-12 21:23:29,236 - INFO - Sending command: /s tqrRt3AsuGa3aYYSvABMDrPJEWVzpAnh3p6LxXGpump
2024-12-12 21:23:29,236 - INFO - Sending command: /s tqrRt3AsuGa3aYYSvABMDrPJEWVzpAnh3p6LxXGpump
2024-12-12 21:23:29,236 - INFO - Sending command: /s tqrRt3AsuGa3aYYSvABMDrPJEWVzpAnh3p6LxXGpump
2024-12-12 21:23:29,236 - INFO - Sending command: /s tqrRt3AsuGa3aYYSvABMDrPJEWVzpAnh3p6LxXGpump
2024-12-12 21:23:42,434 - INFO - Disconnected from Telegram
2024-12-12 21:23:42,434 - INFO - Disconnected from Telegram
2024-12-12 21:23:42,434 - INFO - Disconnected from Telegram
2024-12-12 21:23:42,434 - INFO - Disconnected from Telegram
2024-12-12 21:23:42,434 - INFO - Disconnected from Telegram
2024-12-12 21:23:43,379 - INFO - Sending command: /s FA9jJDQzBEeV4qunJpt7XY7wC4smNYLsBNtMCTPsj3pp
2024-12-12 21:23:43,379 - INFO - Sending command: /s FA9jJDQzBEeV4qunJpt7XY7wC4smNYLsBNtMCTPsj3pp
2024-12-12 21:23:43,379 - INFO - Sending command: /s FA9jJDQzBEeV4qunJpt7XY7wC4smNYLsBNtMCTPsj3pp
2024-12-12 21:23:43,379 - INFO - Sending command: /s FA9jJDQzBEeV4qunJpt7XY7wC4smNYLsBNtMCTPsj3pp
2024-12-12 21:23:43,379 - INFO - Sending command: /s FA9jJDQzBEeV4qunJpt7XY7wC4smNYLsBNtMCTPsj3pp
2024-12-12 21:23:43,379 - INFO - Sending command: /s FA9jJDQzBEeV4qunJpt7XY7wC4smNYLsBNtMCTPsj3pp
2024-12-12 21:24:10,265 - INFO - Disconnected from Telegram
2024-12-12 21:24:10,265 - INFO - Disconnected from Telegram
2024-12-12 21:24:10,265 - INFO - Disconnected from Telegram
2024-12-12 21:24:10,265 - INFO - Disconnected from Telegram
2024-12-12 21:24:10,265 - INFO - Disconnected from Telegram
2024-12-12 21:24:10,265 - INFO - Disconnected from Telegram
2024-12-12 21:24:11,437 - INFO - Sending command: /s KnrmAHo1wW2fGqVXcSZSpo6kmiKam5vNbDByrURpump
2024-12-12 21:24:11,437 - INFO - Sending command: /s KnrmAHo1wW2fGqVXcSZSpo6kmiKam5vNbDByrURpump
2024-12-12 21:24:11,437 - INFO - Sending command: /s KnrmAHo1wW2fGqVXcSZSpo6kmiKam5vNbDByrURpump
2024-12-12 21:24:11,437 - INFO - Sending command: /s KnrmAHo1wW2fGqVXcSZSpo6kmiKam5vNbDByrURpump
2024-12-12 21:24:11,437 - INFO - Sending command: /s KnrmAHo1wW2fGqVXcSZSpo6kmiKam5vNbDByrURpump
2024-12-12 21:24:11,437 - INFO - Sending command: /s KnrmAHo1wW2fGqVXcSZSpo6kmiKam5vNbDByrURpump
2024-12-12 21:24:11,437 - INFO - Sending command: /s KnrmAHo1wW2fGqVXcSZSpo6kmiKam5vNbDByrURpump
2024-12-12 21:24:42,443 - INFO - Disconnected from Telegram
2024-12-12 21:24:42,443 - INFO - Disconnected from Telegram
2024-12-12 21:24:42,443 - INFO - Disconnected from Telegram
2024-12-12 21:24:42,443 - INFO - Disconnected from Telegram
2024-12-12 21:24:42,443 - INFO - Disconnected from Telegram
2024-12-12 21:24:42,443 - INFO - Disconnected from Telegram
2024-12-12 21:24:42,443 - INFO - Disconnected from Telegram
2024-12-12 21:32:46,279 - INFO - Sending command: /s 3KCDgWw1C6PdjUsUXonYm6TGaDWKsLxmEjdBP7s8pump
2024-12-12 21:33:23,069 - INFO - Disconnected from Telegram
2024-12-12 21:33:23,612 - INFO - Sending command: /s ATEWnH7CyLUyDAYVnUS4jxBi243SWUnBmmpRf3QRpump
2024-12-12 21:33:23,612 - INFO - Sending command: /s ATEWnH7CyLUyDAYVnUS4jxBi243SWUnBmmpRf3QRpump
2024-12-12 21:39:01,876 - INFO - Sending command: /s ATEWnH7CyLUyDAYVnUS4jxBi243SWUnBmmpRf3QRpump
2024-12-12 21:39:01,876 - INFO - Sending command: /s ATEWnH7CyLUyDAYVnUS4jxBi243SWUnBmmpRf3QRpump
2024-12-12 21:39:02,821 - WARNING - No buttons found in response
2024-12-12 21:39:02,821 - WARNING - No buttons found in response
2024-12-12 21:39:02,822 - INFO - Sending command: /s ATEWnH7CyLUyDAYVnUS4jxBi243SWUnBmmpRf3QRpump
2024-12-12 21:39:02,822 - INFO - Sending command: /s ATEWnH7CyLUyDAYVnUS4jxBi243SWUnBmmpRf3QRpump
2024-12-12 21:39:29,232 - INFO - Disconnected from Telegram
2024-12-12 21:39:29,232 - INFO - Disconnected from Telegram
2024-12-12 21:39:30,111 - INFO - Sending command: /s 68YY6KjfnmPuQubYkFTsmXGaF2FuwcxumWLFxb6cpump
2024-12-12 21:39:30,111 - INFO - Sending command: /s 68YY6KjfnmPuQubYkFTsmXGaF2FuwcxumWLFxb6cpump
2024-12-12 21:39:30,111 - INFO - Sending command: /s 68YY6KjfnmPuQubYkFTsmXGaF2FuwcxumWLFxb6cpump
