Logging to file: /Users/dhruvmudambi/Desktop/Coding/Birdeye_Dashboard/Bots/Fib/Data/New_Token_Data/2024_12_12/Logs/2024_Dec_12_0755PM/token_finder_log_2024_12_12_195547.log
Starting new analysis cycle
Running Token Generator...
Token Generator path: /Users/dhruvmudambi/Desktop/Coding/Birdeye_Dashboard/Bots/Fib/Execution_Algo/token_generator.py
File exists: True
PYTHONPATH set to: /Users/dhruvmudambi/Desktop/Coding/Birdeye_Dashboard:/Users/dhruvmudambi/Desktop/Coding/Birdeye_Dashboard/Bots/Fib
Changed directory to: /Users/dhruvmudambi/Desktop/Coding/Birdeye_Dashboard/Bots/Fib/Execution_Algo
2024-12-12 19:55:56,686 - INFO - Starting script execution...
2024-12-12 19:55:56,686 - INFO - Starting to fetch token list with parameters: sort_by=mc, sort_type=asc, min_liquidity=100000, min_volume_24h=1000000, min_market_cap=500000, max_market_cap=1000000, total_tokens=750, chain=solana
2024-12-12 19:55:56,686 - INFO - Fetching tokens with offset: 0
2024-12-12 19:55:59,281 - INFO - Fetched 0 tokens at offset 0 that meet the criteria.
2024-12-12 19:55:59,355 - INFO - Fetching tokens with offset: 50
2024-12-12 19:56:00,673 - INFO - Fetched 0 tokens at offset 50 that meet the criteria.
2024-12-12 19:56:00,743 - INFO - Fetching tokens with offset: 100
2024-12-12 19:56:02,158 - INFO - Fetched 0 tokens at offset 100 that meet the criteria.
2024-12-12 19:56:02,234 - INFO - Fetching tokens with offset: 150
2024-12-12 19:56:04,020 - INFO - Fetched 0 tokens at offset 150 that meet the criteria.
2024-12-12 19:56:04,097 - INFO - Fetching tokens with offset: 200
2024-12-12 19:56:05,513 - INFO - Fetched 0 tokens at offset 200 that meet the criteria.
2024-12-12 19:56:05,588 - INFO - Fetching tokens with offset: 250
2024-12-12 19:56:07,189 - INFO - Fetched 0 tokens at offset 250 that meet the criteria.
2024-12-12 19:56:07,278 - INFO - Fetching tokens with offset: 300
2024-12-12 19:56:08,321 - INFO - Fetched 0 tokens at offset 300 that meet the criteria.
2024-12-12 19:56:08,394 - INFO - Fetching tokens with offset: 350
2024-12-12 19:56:10,314 - INFO - Fetched 0 tokens at offset 350 that meet the criteria.
2024-12-12 19:56:10,387 - INFO - Fetching tokens with offset: 400
2024-12-12 19:56:11,867 - INFO - Fetched 0 tokens at offset 400 that meet the criteria.
2024-12-12 19:56:11,941 - INFO - Fetching tokens with offset: 450
2024-12-12 19:56:13,059 - INFO - Fetched 0 tokens at offset 450 that meet the criteria.
2024-12-12 19:56:13,131 - INFO - Fetching tokens with offset: 500
2024-12-12 19:56:14,208 - INFO - Fetched 0 tokens at offset 500 that meet the criteria.
2024-12-12 19:56:14,282 - INFO - Fetching tokens with offset: 550
2024-12-12 19:56:15,858 - INFO - Fetched 0 tokens at offset 550 that meet the criteria.
2024-12-12 19:56:15,933 - INFO - Fetching tokens with offset: 600
2024-12-12 19:56:17,190 - INFO - Fetched 0 tokens at offset 600 that meet the criteria.
2024-12-12 19:56:17,263 - INFO - Fetching tokens with offset: 650
2024-12-12 19:56:18,511 - INFO - Fetched 0 tokens at offset 650 that meet the criteria.
2024-12-12 19:56:18,585 - INFO - Fetching tokens with offset: 700
2024-12-12 19:56:19,587 - INFO - Fetched 0 tokens at offset 700 that meet the criteria.
2024-12-12 19:56:19,658 - INFO - Fetching tokens with offset: 750
2024-12-12 19:56:20,515 - INFO - Fetched 0 tokens at offset 750 that meet the criteria.
2024-12-12 19:56:20,592 - INFO - Fetching tokens with offset: 800
2024-12-12 19:56:21,569 - INFO - Fetched 0 tokens at offset 800 that meet the criteria.
2024-12-12 19:56:21,642 - INFO - Fetching tokens with offset: 850
2024-12-12 19:56:22,747 - INFO - Fetched 0 tokens at offset 850 that meet the criteria.
2024-12-12 19:56:22,829 - INFO - Fetching tokens with offset: 900
2024-12-12 19:56:23,780 - INFO - Fetched 0 tokens at offset 900 that meet the criteria.
2024-12-12 19:56:23,852 - INFO - Fetching tokens with offset: 950
2024-12-12 19:56:24,874 - INFO - Fetched 0 tokens at offset 950 that meet the criteria.
2024-12-12 19:56:24,949 - INFO - Fetching tokens with offset: 1000
2024-12-12 19:56:25,827 - INFO - Fetched 0 tokens at offset 1000 that meet the criteria.
2024-12-12 19:56:25,899 - INFO - Fetching tokens with offset: 1050
2024-12-12 19:56:27,474 - INFO - Fetched 0 tokens at offset 1050 that meet the criteria.
2024-12-12 19:56:27,548 - INFO - Fetching tokens with offset: 1100
2024-12-12 19:56:28,587 - INFO - Fetched 0 tokens at offset 1100 that meet the criteria.
2024-12-12 19:56:28,661 - INFO - Fetching tokens with offset: 1150
2024-12-12 19:56:29,518 - INFO - Fetched 0 tokens at offset 1150 that meet the criteria.
2024-12-12 19:56:29,591 - INFO - Fetching tokens with offset: 1200
2024-12-12 19:56:30,746 - INFO - Fetched 0 tokens at offset 1200 that meet the criteria.
2024-12-12 19:56:30,821 - INFO - Fetching tokens with offset: 1250
2024-12-12 19:56:31,977 - INFO - Fetched 0 tokens at offset 1250 that meet the criteria.
2024-12-12 19:56:32,049 - INFO - Fetching tokens with offset: 1300
2024-12-12 19:56:32,955 - INFO - Fetched 0 tokens at offset 1300 that meet the criteria.
2024-12-12 19:56:33,113 - INFO - Fetching tokens with offset: 1350
2024-12-12 19:56:34,954 - INFO - Fetched 0 tokens at offset 1350 that meet the criteria.
2024-12-12 19:56:35,108 - INFO - Fetching tokens with offset: 1400
2024-12-12 19:56:35,992 - INFO - Fetched 0 tokens at offset 1400 that meet the criteria.
2024-12-12 19:56:36,067 - INFO - Fetching tokens with offset: 1450
2024-12-12 19:56:37,198 - INFO - Fetched 0 tokens at offset 1450 that meet the criteria.
2024-12-12 19:56:37,280 - INFO - Fetching tokens with offset: 1500
2024-12-12 19:56:38,458 - INFO - Fetched 0 tokens at offset 1500 that meet the criteria.
2024-12-12 19:56:38,533 - INFO - Fetching tokens with offset: 1550
2024-12-12 19:56:39,513 - INFO - Fetched 4 tokens at offset 1550 that meet the criteria.
2024-12-12 19:56:39,584 - INFO - Fetching tokens with offset: 1600
2024-12-12 19:56:40,531 - INFO - Fetched 3 tokens at offset 1600 that meet the criteria.
2024-12-12 19:56:40,614 - INFO - Fetching tokens with offset: 1650
2024-12-12 19:56:41,750 - INFO - Fetched 9 tokens at offset 1650 that meet the criteria.
2024-12-12 19:56:41,824 - INFO - Fetching tokens with offset: 1700
2024-12-12 19:56:43,123 - INFO - Fetched 3 tokens at offset 1700 that meet the criteria.
2024-12-12 19:56:43,197 - INFO - Fetching tokens with offset: 1750
2024-12-12 19:56:45,119 - INFO - Fetched 5 tokens at offset 1750 that meet the criteria.
2024-12-12 19:56:45,190 - INFO - Fetching tokens with offset: 1800
2024-12-12 19:56:46,122 - INFO - Fetched 6 tokens at offset 1800 that meet the criteria.
2024-12-12 19:56:46,195 - INFO - Fetching tokens with offset: 1850
2024-12-12 19:56:47,058 - INFO - Fetched 4 tokens at offset 1850 that meet the criteria.
2024-12-12 19:56:47,132 - INFO - Fetching tokens with offset: 1900
2024-12-12 19:56:48,026 - INFO - Fetched 0 tokens at offset 1900 that meet the criteria.
2024-12-12 19:56:48,099 - INFO - Fetching tokens with offset: 1950
2024-12-12 19:56:49,796 - INFO - Fetched 0 tokens at offset 1950 that meet the criteria.
2024-12-12 19:56:49,872 - INFO - Fetching tokens with offset: 2000
2024-12-12 19:56:50,728 - INFO - Fetched 0 tokens at offset 2000 that meet the criteria.
2024-12-12 19:56:50,799 - INFO - Fetching tokens with offset: 2050
2024-12-12 19:56:51,869 - INFO - Fetched 0 tokens at offset 2050 that meet the criteria.
2024-12-12 19:56:51,940 - INFO - Fetching tokens with offset: 2100
2024-12-12 19:56:53,068 - INFO - Fetched 0 tokens at offset 2100 that meet the criteria.
2024-12-12 19:56:53,139 - INFO - Fetching tokens with offset: 2150
2024-12-12 19:56:55,025 - INFO - Fetched 0 tokens at offset 2150 that meet the criteria.
2024-12-12 19:56:55,109 - INFO - Fetching tokens with offset: 2200
2024-12-12 19:56:56,244 - INFO - Fetched 0 tokens at offset 2200 that meet the criteria.
2024-12-12 19:56:56,319 - INFO - Total tokens fetched and filtered: 34
2024-12-12 19:56:56,324 - INFO - Preparing to fetch overview data for filtered tokens...
2024-12-12 19:56:56,324 - INFO - Fetching token overview data for 34 tokens...
2024-12-12 19:56:57,485 - INFO - Successfully fetched overview data for token: 4VdCEb24qJ24yvq8H14skQ5gJpyT9xCMcg4ssA4zpump
2024-12-12 19:56:59,076 - INFO - Successfully fetched overview data for token: 6kJhG826LGowg7zG6PLd6tg7mqvVSdq2WzHhsfc7pump
2024-12-12 19:56:59,976 - INFO - Successfully fetched overview data for token: Ff639RjQYbqrS9VJgYM1p1ifXCAzC8GrbWUu4YAVpump
2024-12-12 19:57:00,905 - INFO - Successfully fetched overview data for token: ATEWnH7CyLUyDAYVnUS4jxBi243SWUnBmmpRf3QRpump
2024-12-12 19:57:02,086 - INFO - Successfully fetched overview data for token: H3c9RZhvCzxQSmLULh4RsJC8GuK9rVNV2bcoLhMQmoon
2024-12-12 19:57:03,620 - INFO - Successfully fetched overview data for token: AU1rxhY276GepM4bm7VaYrgVPJW7tg4z2MtR2jfPpump
2024-12-12 19:57:04,383 - INFO - Successfully fetched overview data for token: 7VwxiPZeSYfQbQxqorGBctSyorPMJusrGDFkX5TFpump
2024-12-12 19:57:05,269 - INFO - Successfully fetched overview data for token: 5oDWr3xbRxJZ74VhDF5H4UnnSEstPJT7tJm4c5EFpump
2024-12-12 19:57:06,383 - INFO - Successfully fetched overview data for token: FuVVu23hbFcXiiEM7ASp1CKY38DA3M7E626kGf7Upump
2024-12-12 19:57:07,306 - INFO - Successfully fetched overview data for token: EURfLGofpk6vvNquBqpSTZaTUXPpfdvtYZCfhGUB2fWG
2024-12-12 19:57:08,240 - INFO - Successfully fetched overview data for token: 98geVJZfj1JkzyRePEFRr2AHjLcs1TDwSptcVjMC2Eks
2024-12-12 19:57:09,231 - INFO - Successfully fetched overview data for token: 4J5HoZWoKcbo2JQxEEVCKRBfUQtEroY1QdRrKtZFpump
2024-12-12 19:57:10,378 - INFO - Successfully fetched overview data for token: AkukwSXUTkDSeh2c1ypyvN4unzyr4xb2T4SmKkix6bT8
2024-12-12 19:57:11,215 - INFO - Successfully fetched overview data for token: SWKT3Sksvtcepkn7MRn74WPUNH1Lo8H25MAogVepump
2024-12-12 19:57:12,983 - INFO - Successfully fetched overview data for token: 5eNQJ87WnfMMfgNrc8qSJNTGmMyFqmQdnDYY9phApump
2024-12-12 19:57:13,793 - INFO - Successfully fetched overview data for token: Ho6wN4ff7RdTdXE1UsCZjrjuFVMHyRFTv1oBdbSECnJS
2024-12-12 19:57:14,588 - INFO - Successfully fetched overview data for token: uSy45a8ZvRCdnWriPaAuiRHygrRPChSvHM53Myapump
2024-12-12 19:57:15,601 - INFO - Successfully fetched overview data for token: H1hcBegR2A6b2mCGqhH5zA4sTZvMxrqT4v3fHY1kpump
2024-12-12 19:57:16,446 - INFO - Successfully fetched overview data for token: tqrRt3AsuGa3aYYSvABMDrPJEWVzpAnh3p6LxXGpump
2024-12-12 19:57:17,194 - INFO - Successfully fetched overview data for token: FRpTyMBDavKsdYN1FQZcEeZ2iwGvHaZKFSkvr5izpump
2024-12-12 19:57:17,948 - INFO - Successfully fetched overview data for token: 68YY6KjfnmPuQubYkFTsmXGaF2FuwcxumWLFxb6cpump
2024-12-12 19:57:18,833 - INFO - Successfully fetched overview data for token: DyT6mdhiAYbHPML2AVXviGVxMQbc6Z3VmPZ2MQG6pump
2024-12-12 19:57:19,945 - INFO - Successfully fetched overview data for token: 2hZWncnmsSMdbkdwzSHJfrnDVkL66g63gncdRWqjTbBB
2024-12-12 19:57:20,932 - INFO - Successfully fetched overview data for token: Dn4noZ5jgGfkntzcQSUZ8czkreiZ1ForXYoV2H8Dm7S1
2024-12-12 19:57:21,885 - INFO - Successfully fetched overview data for token: 9XWUzTYsRdyWdcQsJ7qibwgaJSNAm8aMKLLe2zbapump
2024-12-12 19:57:22,874 - INFO - Successfully fetched overview data for token: DTTLrCGbqn6fmNuKjGYqWFeQU5Hz153f5C3pNnxepump
2024-12-12 19:57:24,232 - INFO - Successfully fetched overview data for token: ABAGcLC6hoapG3xFcBkwaXzmdFzdH7nup2JD1feapump
2024-12-12 19:57:25,128 - INFO - Successfully fetched overview data for token: 5v62ivFK6pAERaZC8ysBD66dCJS83MbqyVAmXYddbM78
2024-12-12 19:57:25,986 - INFO - Successfully fetched overview data for token: 73rzMJ8uEqjAf5vE1YPGrXbg7Cb2Yv85EoxpJh2mpump
2024-12-12 19:57:27,670 - INFO - Successfully fetched overview data for token: 9gP2kCy3wA1ctvYWQk75guqXuHfrEomqydHLtcTCqiLa
2024-12-12 19:57:28,527 - INFO - Successfully fetched overview data for token: 4WcCBEMXaf1pCdNKnJJMZE2cmQnb7AVtYVFQqeVkpump
2024-12-12 19:57:29,424 - INFO - Successfully fetched overview data for token: HkVs1CuNJhTxniwL7tmgn9s8B3o5F9NXRywNa4dZDsCk
2024-12-12 19:57:30,247 - INFO - Successfully fetched overview data for token: KnrmAHo1wW2fGqVXcSZSpo6kmiKam5vNbDByrURpump
2024-12-12 19:57:31,174 - INFO - Successfully fetched overview data for token: FhQjKRfcwPkBHuuJzdxbfgQcTnyxuiMi1kxvfTxkpump
2024-12-12 19:57:31,247 - INFO - Finished fetching token overview data.
2024-12-12 19:57:31,310 - INFO - Token list fetching and processing complete.
2024-12-12 19:57:31,318 - INFO - Token data saved to token_data.csv
2024-12-12 19:57:31,318 - INFO - Script execution completed.
Token Generator completed successfully
Returned to directory: /Users/dhruvmudambi/Desktop/Coding/Birdeye_Dashboard/Bots/Fib/Execution_Algo
Importing token data from token_data.csv...
Found 34 token addresses in token_data.csv
Performing Rugcheck Analysis on token addresses...
Token: 4VdCEb24qJ24yvq8H14skQ5gJpyT9xCMcg4ssA4zpump, Score: 300
Token: 4VdCEb24qJ24yvq8H14skQ5gJpyT9xCMcg4ssA4zpump, Score: 300
Token: 4VdCEb24qJ24yvq8H14skQ5gJpyT9xCMcg4ssA4zpump, Score: 300
Token: 6kJhG826LGowg7zG6PLd6tg7mqvVSdq2WzHhsfc7pump, Score: 0
Token: 6kJhG826LGowg7zG6PLd6tg7mqvVSdq2WzHhsfc7pump, Score: 0
Token: 6kJhG826LGowg7zG6PLd6tg7mqvVSdq2WzHhsfc7pump, Score: 0
Token: 4VdCEb24qJ24yvq8H14skQ5gJpyT9xCMcg4ssA4zpump, Score: 300
Token: 6kJhG826LGowg7zG6PLd6tg7mqvVSdq2WzHhsfc7pump, Score: 0
Token: ATEWnH7CyLUyDAYVnUS4jxBi243SWUnBmmpRf3QRpump, Score: 2400
Token: ATEWnH7CyLUyDAYVnUS4jxBi243SWUnBmmpRf3QRpump, Score: 2400
Token: ATEWnH7CyLUyDAYVnUS4jxBi243SWUnBmmpRf3QRpump, Score: 2400
Error fetching rugcheck data for Ff639RjQYbqrS9VJgYM1p1ifXCAzC8GrbWUu4YAVpump: 400, message='Bad Request', url=URL('https://api.rugcheck.xyz/v1/tokens/Ff639RjQYbqrS9VJgYM1p1ifXCAzC8GrbWUu4YAVpump/report/summary')
Error fetching rugcheck data for Ff639RjQYbqrS9VJgYM1p1ifXCAzC8GrbWUu4YAVpump: 400, message='Bad Request', url=URL('https://api.rugcheck.xyz/v1/tokens/Ff639RjQYbqrS9VJgYM1p1ifXCAzC8GrbWUu4YAVpump/report/summary')
Retry 1/5 for Ff639RjQYbqrS9VJgYM1p1ifXCAzC8GrbWUu4YAVpump
Token: Ff639RjQYbqrS9VJgYM1p1ifXCAzC8GrbWUu4YAVpump, Score: 300
Token: Ff639RjQYbqrS9VJgYM1p1ifXCAzC8GrbWUu4YAVpump, Score: 300
Token: Ff639RjQYbqrS9VJgYM1p1ifXCAzC8GrbWUu4YAVpump, Score: 300
Token: Ff639RjQYbqrS9VJgYM1p1ifXCAzC8GrbWUu4YAVpump, Score: 300
Token: ATEWnH7CyLUyDAYVnUS4jxBi243SWUnBmmpRf3QRpump, Score: 2400
Token: H3c9RZhvCzxQSmLULh4RsJC8GuK9rVNV2bcoLhMQmoon, Score: 500
Token: H3c9RZhvCzxQSmLULh4RsJC8GuK9rVNV2bcoLhMQmoon, Score: 500
Token: H3c9RZhvCzxQSmLULh4RsJC8GuK9rVNV2bcoLhMQmoon, Score: 500
Token: AU1rxhY276GepM4bm7VaYrgVPJW7tg4z2MtR2jfPpump, Score: 100
Token: AU1rxhY276GepM4bm7VaYrgVPJW7tg4z2MtR2jfPpump, Score: 100
Token: AU1rxhY276GepM4bm7VaYrgVPJW7tg4z2MtR2jfPpump, Score: 100
Token: H3c9RZhvCzxQSmLULh4RsJC8GuK9rVNV2bcoLhMQmoon, Score: 500
Token: AU1rxhY276GepM4bm7VaYrgVPJW7tg4z2MtR2jfPpump, Score: 100
Token: 5oDWr3xbRxJZ74VhDF5H4UnnSEstPJT7tJm4c5EFpump, Score: 400
Token: 5oDWr3xbRxJZ74VhDF5H4UnnSEstPJT7tJm4c5EFpump, Score: 400
Token: 5oDWr3xbRxJZ74VhDF5H4UnnSEstPJT7tJm4c5EFpump, Score: 400
Token: 7VwxiPZeSYfQbQxqorGBctSyorPMJusrGDFkX5TFpump, Score: 400
Token: 7VwxiPZeSYfQbQxqorGBctSyorPMJusrGDFkX5TFpump, Score: 400
Token: 7VwxiPZeSYfQbQxqorGBctSyorPMJusrGDFkX5TFpump, Score: 400
Token: 7VwxiPZeSYfQbQxqorGBctSyorPMJusrGDFkX5TFpump, Score: 400
Token: 5oDWr3xbRxJZ74VhDF5H4UnnSEstPJT7tJm4c5EFpump, Score: 400
Token: EURfLGofpk6vvNquBqpSTZaTUXPpfdvtYZCfhGUB2fWG, Score: 86103
Token: EURfLGofpk6vvNquBqpSTZaTUXPpfdvtYZCfhGUB2fWG, Score: 86103
Token: EURfLGofpk6vvNquBqpSTZaTUXPpfdvtYZCfhGUB2fWG, Score: 86103
Token: FuVVu23hbFcXiiEM7ASp1CKY38DA3M7E626kGf7Upump, Score: 300
Token: FuVVu23hbFcXiiEM7ASp1CKY38DA3M7E626kGf7Upump, Score: 300
Token: FuVVu23hbFcXiiEM7ASp1CKY38DA3M7E626kGf7Upump, Score: 300
Token: FuVVu23hbFcXiiEM7ASp1CKY38DA3M7E626kGf7Upump, Score: 300
Token: EURfLGofpk6vvNquBqpSTZaTUXPpfdvtYZCfhGUB2fWG, Score: 86103
Token: 98geVJZfj1JkzyRePEFRr2AHjLcs1TDwSptcVjMC2Eks, Score: 300
Token: 98geVJZfj1JkzyRePEFRr2AHjLcs1TDwSptcVjMC2Eks, Score: 300
Token: 98geVJZfj1JkzyRePEFRr2AHjLcs1TDwSptcVjMC2Eks, Score: 300
Token: 4J5HoZWoKcbo2JQxEEVCKRBfUQtEroY1QdRrKtZFpump, Score: 0
Token: 4J5HoZWoKcbo2JQxEEVCKRBfUQtEroY1QdRrKtZFpump, Score: 0
Token: 4J5HoZWoKcbo2JQxEEVCKRBfUQtEroY1QdRrKtZFpump, Score: 0
Token: 98geVJZfj1JkzyRePEFRr2AHjLcs1TDwSptcVjMC2Eks, Score: 300
Token: 4J5HoZWoKcbo2JQxEEVCKRBfUQtEroY1QdRrKtZFpump, Score: 0
Token: SWKT3Sksvtcepkn7MRn74WPUNH1Lo8H25MAogVepump, Score: 400
Token: SWKT3Sksvtcepkn7MRn74WPUNH1Lo8H25MAogVepump, Score: 400
Token: SWKT3Sksvtcepkn7MRn74WPUNH1Lo8H25MAogVepump, Score: 400
Token: AkukwSXUTkDSeh2c1ypyvN4unzyr4xb2T4SmKkix6bT8, Score: 0
Token: AkukwSXUTkDSeh2c1ypyvN4unzyr4xb2T4SmKkix6bT8, Score: 0
Token: AkukwSXUTkDSeh2c1ypyvN4unzyr4xb2T4SmKkix6bT8, Score: 0
Token: AkukwSXUTkDSeh2c1ypyvN4unzyr4xb2T4SmKkix6bT8, Score: 0
Token: SWKT3Sksvtcepkn7MRn74WPUNH1Lo8H25MAogVepump, Score: 400
Rate limited for Ho6wN4ff7RdTdXE1UsCZjrjuFVMHyRFTv1oBdbSECnJS, retrying in 0 seconds
Rate limited for Ho6wN4ff7RdTdXE1UsCZjrjuFVMHyRFTv1oBdbSECnJS, retrying in 0 seconds
Rate limited for 5eNQJ87WnfMMfgNrc8qSJNTGmMyFqmQdnDYY9phApump, retrying in 0 seconds
Rate limited for 5eNQJ87WnfMMfgNrc8qSJNTGmMyFqmQdnDYY9phApump, retrying in 0 seconds
Error fetching rugcheck data for 5eNQJ87WnfMMfgNrc8qSJNTGmMyFqmQdnDYY9phApump: 429, message='Too Many Requests', url=URL('https://api.rugcheck.xyz/v1/tokens/5eNQJ87WnfMMfgNrc8qSJNTGmMyFqmQdnDYY9phApump/report/summary')
Error fetching rugcheck data for 5eNQJ87WnfMMfgNrc8qSJNTGmMyFqmQdnDYY9phApump: 429, message='Too Many Requests', url=URL('https://api.rugcheck.xyz/v1/tokens/5eNQJ87WnfMMfgNrc8qSJNTGmMyFqmQdnDYY9phApump/report/summary')
Retry 1/5 for 5eNQJ87WnfMMfgNrc8qSJNTGmMyFqmQdnDYY9phApump
Error fetching rugcheck data for Ho6wN4ff7RdTdXE1UsCZjrjuFVMHyRFTv1oBdbSECnJS: 429, message='Too Many Requests', url=URL('https://api.rugcheck.xyz/v1/tokens/Ho6wN4ff7RdTdXE1UsCZjrjuFVMHyRFTv1oBdbSECnJS/report/summary')
Error fetching rugcheck data for Ho6wN4ff7RdTdXE1UsCZjrjuFVMHyRFTv1oBdbSECnJS: 429, message='Too Many Requests', url=URL('https://api.rugcheck.xyz/v1/tokens/Ho6wN4ff7RdTdXE1UsCZjrjuFVMHyRFTv1oBdbSECnJS/report/summary')
Retry 1/5 for Ho6wN4ff7RdTdXE1UsCZjrjuFVMHyRFTv1oBdbSECnJS
Token: 5eNQJ87WnfMMfgNrc8qSJNTGmMyFqmQdnDYY9phApump, Score: 400
Token: 5eNQJ87WnfMMfgNrc8qSJNTGmMyFqmQdnDYY9phApump, Score: 400
Token: 5eNQJ87WnfMMfgNrc8qSJNTGmMyFqmQdnDYY9phApump, Score: 400
Token: Ho6wN4ff7RdTdXE1UsCZjrjuFVMHyRFTv1oBdbSECnJS, Score: 16938
Token: Ho6wN4ff7RdTdXE1UsCZjrjuFVMHyRFTv1oBdbSECnJS, Score: 16938
Token: Ho6wN4ff7RdTdXE1UsCZjrjuFVMHyRFTv1oBdbSECnJS, Score: 16938
Token: 5eNQJ87WnfMMfgNrc8qSJNTGmMyFqmQdnDYY9phApump, Score: 400
Token: Ho6wN4ff7RdTdXE1UsCZjrjuFVMHyRFTv1oBdbSECnJS, Score: 16938
Token: uSy45a8ZvRCdnWriPaAuiRHygrRPChSvHM53Myapump, Score: 400
Token: uSy45a8ZvRCdnWriPaAuiRHygrRPChSvHM53Myapump, Score: 400
Token: uSy45a8ZvRCdnWriPaAuiRHygrRPChSvHM53Myapump, Score: 400
Error fetching rugcheck data for H1hcBegR2A6b2mCGqhH5zA4sTZvMxrqT4v3fHY1kpump: 400, message='Bad Request', url=URL('https://api.rugcheck.xyz/v1/tokens/H1hcBegR2A6b2mCGqhH5zA4sTZvMxrqT4v3fHY1kpump/report/summary')
Error fetching rugcheck data for H1hcBegR2A6b2mCGqhH5zA4sTZvMxrqT4v3fHY1kpump: 400, message='Bad Request', url=URL('https://api.rugcheck.xyz/v1/tokens/H1hcBegR2A6b2mCGqhH5zA4sTZvMxrqT4v3fHY1kpump/report/summary')
Retry 1/5 for H1hcBegR2A6b2mCGqhH5zA4sTZvMxrqT4v3fHY1kpump
Token: H1hcBegR2A6b2mCGqhH5zA4sTZvMxrqT4v3fHY1kpump, Score: 100
Token: H1hcBegR2A6b2mCGqhH5zA4sTZvMxrqT4v3fHY1kpump, Score: 100
Token: H1hcBegR2A6b2mCGqhH5zA4sTZvMxrqT4v3fHY1kpump, Score: 100
Token: uSy45a8ZvRCdnWriPaAuiRHygrRPChSvHM53Myapump, Score: 400
Token: H1hcBegR2A6b2mCGqhH5zA4sTZvMxrqT4v3fHY1kpump, Score: 100
Token: tqrRt3AsuGa3aYYSvABMDrPJEWVzpAnh3p6LxXGpump, Score: 400
Token: tqrRt3AsuGa3aYYSvABMDrPJEWVzpAnh3p6LxXGpump, Score: 400
Token: tqrRt3AsuGa3aYYSvABMDrPJEWVzpAnh3p6LxXGpump, Score: 400
Token: FRpTyMBDavKsdYN1FQZcEeZ2iwGvHaZKFSkvr5izpump, Score: 300
Token: FRpTyMBDavKsdYN1FQZcEeZ2iwGvHaZKFSkvr5izpump, Score: 300
Token: FRpTyMBDavKsdYN1FQZcEeZ2iwGvHaZKFSkvr5izpump, Score: 300
Token: tqrRt3AsuGa3aYYSvABMDrPJEWVzpAnh3p6LxXGpump, Score: 400
Token: FRpTyMBDavKsdYN1FQZcEeZ2iwGvHaZKFSkvr5izpump, Score: 300
Token: DyT6mdhiAYbHPML2AVXviGVxMQbc6Z3VmPZ2MQG6pump, Score: 400
Token: DyT6mdhiAYbHPML2AVXviGVxMQbc6Z3VmPZ2MQG6pump, Score: 400
Token: DyT6mdhiAYbHPML2AVXviGVxMQbc6Z3VmPZ2MQG6pump, Score: 400
Token: 68YY6KjfnmPuQubYkFTsmXGaF2FuwcxumWLFxb6cpump, Score: 300
Token: 68YY6KjfnmPuQubYkFTsmXGaF2FuwcxumWLFxb6cpump, Score: 300
Token: 68YY6KjfnmPuQubYkFTsmXGaF2FuwcxumWLFxb6cpump, Score: 300
Token: 68YY6KjfnmPuQubYkFTsmXGaF2FuwcxumWLFxb6cpump, Score: 300
Token: DyT6mdhiAYbHPML2AVXviGVxMQbc6Z3VmPZ2MQG6pump, Score: 400
Rate limited for Dn4noZ5jgGfkntzcQSUZ8czkreiZ1ForXYoV2H8Dm7S1, retrying in 0 seconds
Rate limited for Dn4noZ5jgGfkntzcQSUZ8czkreiZ1ForXYoV2H8Dm7S1, retrying in 0 seconds
Error fetching rugcheck data for Dn4noZ5jgGfkntzcQSUZ8czkreiZ1ForXYoV2H8Dm7S1: 429, message='Too Many Requests', url=URL('https://api.rugcheck.xyz/v1/tokens/Dn4noZ5jgGfkntzcQSUZ8czkreiZ1ForXYoV2H8Dm7S1/report/summary')
Error fetching rugcheck data for Dn4noZ5jgGfkntzcQSUZ8czkreiZ1ForXYoV2H8Dm7S1: 429, message='Too Many Requests', url=URL('https://api.rugcheck.xyz/v1/tokens/Dn4noZ5jgGfkntzcQSUZ8czkreiZ1ForXYoV2H8Dm7S1/report/summary')
Retry 1/5 for Dn4noZ5jgGfkntzcQSUZ8czkreiZ1ForXYoV2H8Dm7S1
Token: 2hZWncnmsSMdbkdwzSHJfrnDVkL66g63gncdRWqjTbBB, Score: 54123
Token: 2hZWncnmsSMdbkdwzSHJfrnDVkL66g63gncdRWqjTbBB, Score: 54123
Token: 2hZWncnmsSMdbkdwzSHJfrnDVkL66g63gncdRWqjTbBB, Score: 54123
Rate limited for Dn4noZ5jgGfkntzcQSUZ8czkreiZ1ForXYoV2H8Dm7S1, retrying in 0 seconds
Rate limited for Dn4noZ5jgGfkntzcQSUZ8czkreiZ1ForXYoV2H8Dm7S1, retrying in 0 seconds
Error fetching rugcheck data for Dn4noZ5jgGfkntzcQSUZ8czkreiZ1ForXYoV2H8Dm7S1: 429, message='Too Many Requests', url=URL('https://api.rugcheck.xyz/v1/tokens/Dn4noZ5jgGfkntzcQSUZ8czkreiZ1ForXYoV2H8Dm7S1/report/summary')
Error fetching rugcheck data for Dn4noZ5jgGfkntzcQSUZ8czkreiZ1ForXYoV2H8Dm7S1: 429, message='Too Many Requests', url=URL('https://api.rugcheck.xyz/v1/tokens/Dn4noZ5jgGfkntzcQSUZ8czkreiZ1ForXYoV2H8Dm7S1/report/summary')
Retry 2/5 for Dn4noZ5jgGfkntzcQSUZ8czkreiZ1ForXYoV2H8Dm7S1
Token: Dn4noZ5jgGfkntzcQSUZ8czkreiZ1ForXYoV2H8Dm7S1, Score: 62100
Token: Dn4noZ5jgGfkntzcQSUZ8czkreiZ1ForXYoV2H8Dm7S1, Score: 62100
Token: Dn4noZ5jgGfkntzcQSUZ8czkreiZ1ForXYoV2H8Dm7S1, Score: 62100
Token: 2hZWncnmsSMdbkdwzSHJfrnDVkL66g63gncdRWqjTbBB, Score: 54123
Token: Dn4noZ5jgGfkntzcQSUZ8czkreiZ1ForXYoV2H8Dm7S1, Score: 62100
Token: 9XWUzTYsRdyWdcQsJ7qibwgaJSNAm8aMKLLe2zbapump, Score: 0
Token: 9XWUzTYsRdyWdcQsJ7qibwgaJSNAm8aMKLLe2zbapump, Score: 0
Token: 9XWUzTYsRdyWdcQsJ7qibwgaJSNAm8aMKLLe2zbapump, Score: 0
Token: DTTLrCGbqn6fmNuKjGYqWFeQU5Hz153f5C3pNnxepump, Score: 0
Token: DTTLrCGbqn6fmNuKjGYqWFeQU5Hz153f5C3pNnxepump, Score: 0
Token: DTTLrCGbqn6fmNuKjGYqWFeQU5Hz153f5C3pNnxepump, Score: 0
Token: 9XWUzTYsRdyWdcQsJ7qibwgaJSNAm8aMKLLe2zbapump, Score: 0
Token: DTTLrCGbqn6fmNuKjGYqWFeQU5Hz153f5C3pNnxepump, Score: 0
Token: ABAGcLC6hoapG3xFcBkwaXzmdFzdH7nup2JD1feapump, Score: 400
Token: ABAGcLC6hoapG3xFcBkwaXzmdFzdH7nup2JD1feapump, Score: 400
Token: ABAGcLC6hoapG3xFcBkwaXzmdFzdH7nup2JD1feapump, Score: 400
Token: 5v62ivFK6pAERaZC8ysBD66dCJS83MbqyVAmXYddbM78, Score: 500
Token: 5v62ivFK6pAERaZC8ysBD66dCJS83MbqyVAmXYddbM78, Score: 500
Token: 5v62ivFK6pAERaZC8ysBD66dCJS83MbqyVAmXYddbM78, Score: 500
Token: ABAGcLC6hoapG3xFcBkwaXzmdFzdH7nup2JD1feapump, Score: 400
Token: 5v62ivFK6pAERaZC8ysBD66dCJS83MbqyVAmXYddbM78, Score: 500
Token: 73rzMJ8uEqjAf5vE1YPGrXbg7Cb2Yv85EoxpJh2mpump, Score: 400
Token: 73rzMJ8uEqjAf5vE1YPGrXbg7Cb2Yv85EoxpJh2mpump, Score: 400
Token: 73rzMJ8uEqjAf5vE1YPGrXbg7Cb2Yv85EoxpJh2mpump, Score: 400
Token: 9gP2kCy3wA1ctvYWQk75guqXuHfrEomqydHLtcTCqiLa, Score: 62651
Token: 9gP2kCy3wA1ctvYWQk75guqXuHfrEomqydHLtcTCqiLa, Score: 62651
Token: 9gP2kCy3wA1ctvYWQk75guqXuHfrEomqydHLtcTCqiLa, Score: 62651
Token: 73rzMJ8uEqjAf5vE1YPGrXbg7Cb2Yv85EoxpJh2mpump, Score: 400
Token: 9gP2kCy3wA1ctvYWQk75guqXuHfrEomqydHLtcTCqiLa, Score: 62651
Token: 4WcCBEMXaf1pCdNKnJJMZE2cmQnb7AVtYVFQqeVkpump, Score: 400
Token: 4WcCBEMXaf1pCdNKnJJMZE2cmQnb7AVtYVFQqeVkpump, Score: 400
Token: 4WcCBEMXaf1pCdNKnJJMZE2cmQnb7AVtYVFQqeVkpump, Score: 400
Token: HkVs1CuNJhTxniwL7tmgn9s8B3o5F9NXRywNa4dZDsCk, Score: 11399
Token: HkVs1CuNJhTxniwL7tmgn9s8B3o5F9NXRywNa4dZDsCk, Score: 11399
Token: HkVs1CuNJhTxniwL7tmgn9s8B3o5F9NXRywNa4dZDsCk, Score: 11399
Token: 4WcCBEMXaf1pCdNKnJJMZE2cmQnb7AVtYVFQqeVkpump, Score: 400
Token: HkVs1CuNJhTxniwL7tmgn9s8B3o5F9NXRywNa4dZDsCk, Score: 11399
Token: KnrmAHo1wW2fGqVXcSZSpo6kmiKam5vNbDByrURpump, Score: 400
Token: KnrmAHo1wW2fGqVXcSZSpo6kmiKam5vNbDByrURpump, Score: 400
Token: KnrmAHo1wW2fGqVXcSZSpo6kmiKam5vNbDByrURpump, Score: 400
Token: FhQjKRfcwPkBHuuJzdxbfgQcTnyxuiMi1kxvfTxkpump, Score: 300
Token: FhQjKRfcwPkBHuuJzdxbfgQcTnyxuiMi1kxvfTxkpump, Score: 300
Token: FhQjKRfcwPkBHuuJzdxbfgQcTnyxuiMi1kxvfTxkpump, Score: 300
Token: KnrmAHo1wW2fGqVXcSZSpo6kmiKam5vNbDByrURpump, Score: 400
Token: FhQjKRfcwPkBHuuJzdxbfgQcTnyxuiMi1kxvfTxkpump, Score: 300

Rugcheck Summary:
Total tokens checked: 34
Successful checks: 34 (100.0%)
Failed checks: 0 (0.0%)
Low risk tokens after rugcheck: 28

Setting up OHLCV data paths...
OHLCV Data Structure:
├── Base Path: /Users/dhruvmudambi/Desktop/Coding/Birdeye_Dashboard/Bots/Fib/Data/New_Token_Data
├── Date Folder: 2024_12_12
│   ├── OHLCV_Data
│   │   └── 2024_Dec_12_0801PM
│   └── Token_Summary
│       └── 2024_Dec_12_0801PM

Saved token data summary to:
── /Users/dhruvmudambi/Desktop/Coding/Birdeye_Dashboard/Bots/Fib/Data/New_Token_Data/2024_12_12/Token_Summary/2024_Dec_12_0801PM/token_data.csv

==================================================
Starting OHLCV Data Collection
==================================================
OHLCV data will be saved to:
└── /Users/dhruvmudambi/Desktop/Coding/Birdeye_Dashboard/Bots/Fib/Data/New_Token_Data/2024_12_12/OHLCV_Data/2024_Dec_12_0801PM

Processing OHLCV data for 28 tokens

Token 1/28: 4VdCEb24qJ24yvq8H14skQ5gJpyT9xCMcg4ssA4zpump

==================================================
Processing token: 4VdCEb24qJ24yvq8H14skQ5gJpyT9xCMcg4ssA4zpump
==================================================

Fetching 15m data...
Requesting OHLCV data for token 4VdCEb24qJ24yvq8H14skQ5gJpyT9xCMcg4ssA4zpump on 15m timeframe...
Got difference for account updates
Got difference for account updates
Got difference for account updates
Got difference for account updates
Successfully retrieved OHLCV data for 4VdCEb24qJ24yvq8H14skQ5gJpyT9xCMcg4ssA4zpump (15m) - 1000 rows
✅ 15m data saved:
   └── Path: /Users/dhruvmudambi/Desktop/Coding/Birdeye_Dashboard/Bots/Fib/Data/New_Token_Data/2024_12_12/OHLCV_Data/2024_Dec_12_0801PM/4VdCEb24qJ24yvq8H14skQ5gJpyT9xCMcg4ssA4zpump/15m.csv
   └── Rows: 1000
   └── Size: 162.75 KB

Token 4VdCEb24qJ24yvq8H14skQ5gJpyT9xCMcg4ssA4zpump processing complete:
└── Total timeframes saved: 1
└── Folder: /Users/dhruvmudambi/Desktop/Coding/Birdeye_Dashboard/Bots/Fib/Data/New_Token_Data/2024_12_12/OHLCV_Data/2024_Dec_12_0801PM/4VdCEb24qJ24yvq8H14skQ5gJpyT9xCMcg4ssA4zpump

Token 2/28: 6kJhG826LGowg7zG6PLd6tg7mqvVSdq2WzHhsfc7pump

==================================================
Processing token: 6kJhG826LGowg7zG6PLd6tg7mqvVSdq2WzHhsfc7pump
==================================================

Fetching 15m data...
Requesting OHLCV data for token 6kJhG826LGowg7zG6PLd6tg7mqvVSdq2WzHhsfc7pump on 15m timeframe...
Successfully retrieved OHLCV data for 6kJhG826LGowg7zG6PLd6tg7mqvVSdq2WzHhsfc7pump (15m) - 1000 rows
✅ 15m data saved:
   └── Path: /Users/dhruvmudambi/Desktop/Coding/Birdeye_Dashboard/Bots/Fib/Data/New_Token_Data/2024_12_12/OHLCV_Data/2024_Dec_12_0801PM/6kJhG826LGowg7zG6PLd6tg7mqvVSdq2WzHhsfc7pump/15m.csv
   └── Rows: 1000
   └── Size: 170.43 KB

Token 6kJhG826LGowg7zG6PLd6tg7mqvVSdq2WzHhsfc7pump processing complete:
└── Total timeframes saved: 1
└── Folder: /Users/dhruvmudambi/Desktop/Coding/Birdeye_Dashboard/Bots/Fib/Data/New_Token_Data/2024_12_12/OHLCV_Data/2024_Dec_12_0801PM/6kJhG826LGowg7zG6PLd6tg7mqvVSdq2WzHhsfc7pump

Token 3/28: Ff639RjQYbqrS9VJgYM1p1ifXCAzC8GrbWUu4YAVpump

==================================================
Processing token: Ff639RjQYbqrS9VJgYM1p1ifXCAzC8GrbWUu4YAVpump
==================================================

Fetching 15m data...
Requesting OHLCV data for token Ff639RjQYbqrS9VJgYM1p1ifXCAzC8GrbWUu4YAVpump on 15m timeframe...
Successfully retrieved OHLCV data for Ff639RjQYbqrS9VJgYM1p1ifXCAzC8GrbWUu4YAVpump (15m) - 109 rows
✅ 15m data saved:
   └── Path: /Users/dhruvmudambi/Desktop/Coding/Birdeye_Dashboard/Bots/Fib/Data/New_Token_Data/2024_12_12/OHLCV_Data/2024_Dec_12_0801PM/Ff639RjQYbqrS9VJgYM1p1ifXCAzC8GrbWUu4YAVpump/15m.csv
   └── Rows: 109
   └── Size: 18.62 KB

Token Ff639RjQYbqrS9VJgYM1p1ifXCAzC8GrbWUu4YAVpump processing complete:
└── Total timeframes saved: 1
└── Folder: /Users/dhruvmudambi/Desktop/Coding/Birdeye_Dashboard/Bots/Fib/Data/New_Token_Data/2024_12_12/OHLCV_Data/2024_Dec_12_0801PM/Ff639RjQYbqrS9VJgYM1p1ifXCAzC8GrbWUu4YAVpump

Token 4/28: ATEWnH7CyLUyDAYVnUS4jxBi243SWUnBmmpRf3QRpump

==================================================
Processing token: ATEWnH7CyLUyDAYVnUS4jxBi243SWUnBmmpRf3QRpump
==================================================

Fetching 15m data...
Requesting OHLCV data for token ATEWnH7CyLUyDAYVnUS4jxBi243SWUnBmmpRf3QRpump on 15m timeframe...
Successfully retrieved OHLCV data for ATEWnH7CyLUyDAYVnUS4jxBi243SWUnBmmpRf3QRpump (15m) - 60 rows
✅ 15m data saved:
   └── Path: /Users/dhruvmudambi/Desktop/Coding/Birdeye_Dashboard/Bots/Fib/Data/New_Token_Data/2024_12_12/OHLCV_Data/2024_Dec_12_0801PM/ATEWnH7CyLUyDAYVnUS4jxBi243SWUnBmmpRf3QRpump/15m.csv
   └── Rows: 60
   └── Size: 10.27 KB

Token ATEWnH7CyLUyDAYVnUS4jxBi243SWUnBmmpRf3QRpump processing complete:
└── Total timeframes saved: 1
└── Folder: /Users/dhruvmudambi/Desktop/Coding/Birdeye_Dashboard/Bots/Fib/Data/New_Token_Data/2024_12_12/OHLCV_Data/2024_Dec_12_0801PM/ATEWnH7CyLUyDAYVnUS4jxBi243SWUnBmmpRf3QRpump

Token 5/28: H3c9RZhvCzxQSmLULh4RsJC8GuK9rVNV2bcoLhMQmoon

==================================================
Processing token: H3c9RZhvCzxQSmLULh4RsJC8GuK9rVNV2bcoLhMQmoon
==================================================

Fetching 15m data...
Requesting OHLCV data for token H3c9RZhvCzxQSmLULh4RsJC8GuK9rVNV2bcoLhMQmoon on 15m timeframe...
Successfully retrieved OHLCV data for H3c9RZhvCzxQSmLULh4RsJC8GuK9rVNV2bcoLhMQmoon (15m) - 570 rows
✅ 15m data saved:
   └── Path: /Users/dhruvmudambi/Desktop/Coding/Birdeye_Dashboard/Bots/Fib/Data/New_Token_Data/2024_12_12/OHLCV_Data/2024_Dec_12_0801PM/H3c9RZhvCzxQSmLULh4RsJC8GuK9rVNV2bcoLhMQmoon/15m.csv
   └── Rows: 570
   └── Size: 97.29 KB

Token H3c9RZhvCzxQSmLULh4RsJC8GuK9rVNV2bcoLhMQmoon processing complete:
└── Total timeframes saved: 1
└── Folder: /Users/dhruvmudambi/Desktop/Coding/Birdeye_Dashboard/Bots/Fib/Data/New_Token_Data/2024_12_12/OHLCV_Data/2024_Dec_12_0801PM/H3c9RZhvCzxQSmLULh4RsJC8GuK9rVNV2bcoLhMQmoon

Token 6/28: AU1rxhY276GepM4bm7VaYrgVPJW7tg4z2MtR2jfPpump

==================================================
Processing token: AU1rxhY276GepM4bm7VaYrgVPJW7tg4z2MtR2jfPpump
==================================================

Fetching 15m data...
Requesting OHLCV data for token AU1rxhY276GepM4bm7VaYrgVPJW7tg4z2MtR2jfPpump on 15m timeframe...
Successfully retrieved OHLCV data for AU1rxhY276GepM4bm7VaYrgVPJW7tg4z2MtR2jfPpump (15m) - 1000 rows
✅ 15m data saved:
   └── Path: /Users/dhruvmudambi/Desktop/Coding/Birdeye_Dashboard/Bots/Fib/Data/New_Token_Data/2024_12_12/OHLCV_Data/2024_Dec_12_0801PM/AU1rxhY276GepM4bm7VaYrgVPJW7tg4z2MtR2jfPpump/15m.csv
   └── Rows: 1000
   └── Size: 169.27 KB

Token AU1rxhY276GepM4bm7VaYrgVPJW7tg4z2MtR2jfPpump processing complete:
└── Total timeframes saved: 1
└── Folder: /Users/dhruvmudambi/Desktop/Coding/Birdeye_Dashboard/Bots/Fib/Data/New_Token_Data/2024_12_12/OHLCV_Data/2024_Dec_12_0801PM/AU1rxhY276GepM4bm7VaYrgVPJW7tg4z2MtR2jfPpump

Token 7/28: 7VwxiPZeSYfQbQxqorGBctSyorPMJusrGDFkX5TFpump

==================================================
Processing token: 7VwxiPZeSYfQbQxqorGBctSyorPMJusrGDFkX5TFpump
==================================================

Fetching 15m data...
Requesting OHLCV data for token 7VwxiPZeSYfQbQxqorGBctSyorPMJusrGDFkX5TFpump on 15m timeframe...
Successfully retrieved OHLCV data for 7VwxiPZeSYfQbQxqorGBctSyorPMJusrGDFkX5TFpump (15m) - 534 rows
✅ 15m data saved:
   └── Path: /Users/dhruvmudambi/Desktop/Coding/Birdeye_Dashboard/Bots/Fib/Data/New_Token_Data/2024_12_12/OHLCV_Data/2024_Dec_12_0801PM/7VwxiPZeSYfQbQxqorGBctSyorPMJusrGDFkX5TFpump/15m.csv
   └── Rows: 534
   └── Size: 91.46 KB

Token 7VwxiPZeSYfQbQxqorGBctSyorPMJusrGDFkX5TFpump processing complete:
└── Total timeframes saved: 1
└── Folder: /Users/dhruvmudambi/Desktop/Coding/Birdeye_Dashboard/Bots/Fib/Data/New_Token_Data/2024_12_12/OHLCV_Data/2024_Dec_12_0801PM/7VwxiPZeSYfQbQxqorGBctSyorPMJusrGDFkX5TFpump

Token 8/28: 5oDWr3xbRxJZ74VhDF5H4UnnSEstPJT7tJm4c5EFpump

==================================================
Processing token: 5oDWr3xbRxJZ74VhDF5H4UnnSEstPJT7tJm4c5EFpump
==================================================

Fetching 15m data...
Requesting OHLCV data for token 5oDWr3xbRxJZ74VhDF5H4UnnSEstPJT7tJm4c5EFpump on 15m timeframe...
Successfully retrieved OHLCV data for 5oDWr3xbRxJZ74VhDF5H4UnnSEstPJT7tJm4c5EFpump (15m) - 72 rows
✅ 15m data saved:
   └── Path: /Users/dhruvmudambi/Desktop/Coding/Birdeye_Dashboard/Bots/Fib/Data/New_Token_Data/2024_12_12/OHLCV_Data/2024_Dec_12_0801PM/5oDWr3xbRxJZ74VhDF5H4UnnSEstPJT7tJm4c5EFpump/15m.csv
   └── Rows: 72
   └── Size: 12.40 KB

Token 5oDWr3xbRxJZ74VhDF5H4UnnSEstPJT7tJm4c5EFpump processing complete:
└── Total timeframes saved: 1
└── Folder: /Users/dhruvmudambi/Desktop/Coding/Birdeye_Dashboard/Bots/Fib/Data/New_Token_Data/2024_12_12/OHLCV_Data/2024_Dec_12_0801PM/5oDWr3xbRxJZ74VhDF5H4UnnSEstPJT7tJm4c5EFpump

Token 9/28: FuVVu23hbFcXiiEM7ASp1CKY38DA3M7E626kGf7Upump

==================================================
Processing token: FuVVu23hbFcXiiEM7ASp1CKY38DA3M7E626kGf7Upump
==================================================

Fetching 15m data...
Requesting OHLCV data for token FuVVu23hbFcXiiEM7ASp1CKY38DA3M7E626kGf7Upump on 15m timeframe...
Successfully retrieved OHLCV data for FuVVu23hbFcXiiEM7ASp1CKY38DA3M7E626kGf7Upump (15m) - 931 rows
✅ 15m data saved:
   └── Path: /Users/dhruvmudambi/Desktop/Coding/Birdeye_Dashboard/Bots/Fib/Data/New_Token_Data/2024_12_12/OHLCV_Data/2024_Dec_12_0801PM/FuVVu23hbFcXiiEM7ASp1CKY38DA3M7E626kGf7Upump/15m.csv
   └── Rows: 931
   └── Size: 152.31 KB

Token FuVVu23hbFcXiiEM7ASp1CKY38DA3M7E626kGf7Upump processing complete:
└── Total timeframes saved: 1
└── Folder: /Users/dhruvmudambi/Desktop/Coding/Birdeye_Dashboard/Bots/Fib/Data/New_Token_Data/2024_12_12/OHLCV_Data/2024_Dec_12_0801PM/FuVVu23hbFcXiiEM7ASp1CKY38DA3M7E626kGf7Upump

Token 10/28: 98geVJZfj1JkzyRePEFRr2AHjLcs1TDwSptcVjMC2Eks

==================================================
Processing token: 98geVJZfj1JkzyRePEFRr2AHjLcs1TDwSptcVjMC2Eks
==================================================

Fetching 15m data...
Requesting OHLCV data for token 98geVJZfj1JkzyRePEFRr2AHjLcs1TDwSptcVjMC2Eks on 15m timeframe...
Successfully retrieved OHLCV data for 98geVJZfj1JkzyRePEFRr2AHjLcs1TDwSptcVjMC2Eks (15m) - 1000 rows
✅ 15m data saved:
   └── Path: /Users/dhruvmudambi/Desktop/Coding/Birdeye_Dashboard/Bots/Fib/Data/New_Token_Data/2024_12_12/OHLCV_Data/2024_Dec_12_0801PM/98geVJZfj1JkzyRePEFRr2AHjLcs1TDwSptcVjMC2Eks/15m.csv
   └── Rows: 1000
   └── Size: 166.61 KB

Token 98geVJZfj1JkzyRePEFRr2AHjLcs1TDwSptcVjMC2Eks processing complete:
└── Total timeframes saved: 1
└── Folder: /Users/dhruvmudambi/Desktop/Coding/Birdeye_Dashboard/Bots/Fib/Data/New_Token_Data/2024_12_12/OHLCV_Data/2024_Dec_12_0801PM/98geVJZfj1JkzyRePEFRr2AHjLcs1TDwSptcVjMC2Eks

Token 11/28: 4J5HoZWoKcbo2JQxEEVCKRBfUQtEroY1QdRrKtZFpump

==================================================
Processing token: 4J5HoZWoKcbo2JQxEEVCKRBfUQtEroY1QdRrKtZFpump
==================================================

Fetching 15m data...
Requesting OHLCV data for token 4J5HoZWoKcbo2JQxEEVCKRBfUQtEroY1QdRrKtZFpump on 15m timeframe...
Successfully retrieved OHLCV data for 4J5HoZWoKcbo2JQxEEVCKRBfUQtEroY1QdRrKtZFpump (15m) - 1000 rows
✅ 15m data saved:
   └── Path: /Users/dhruvmudambi/Desktop/Coding/Birdeye_Dashboard/Bots/Fib/Data/New_Token_Data/2024_12_12/OHLCV_Data/2024_Dec_12_0801PM/4J5HoZWoKcbo2JQxEEVCKRBfUQtEroY1QdRrKtZFpump/15m.csv
   └── Rows: 1000
   └── Size: 169.58 KB

Token 4J5HoZWoKcbo2JQxEEVCKRBfUQtEroY1QdRrKtZFpump processing complete:
└── Total timeframes saved: 1
└── Folder: /Users/dhruvmudambi/Desktop/Coding/Birdeye_Dashboard/Bots/Fib/Data/New_Token_Data/2024_12_12/OHLCV_Data/2024_Dec_12_0801PM/4J5HoZWoKcbo2JQxEEVCKRBfUQtEroY1QdRrKtZFpump

Token 12/28: AkukwSXUTkDSeh2c1ypyvN4unzyr4xb2T4SmKkix6bT8

==================================================
Processing token: AkukwSXUTkDSeh2c1ypyvN4unzyr4xb2T4SmKkix6bT8
==================================================

Fetching 15m data...
Requesting OHLCV data for token AkukwSXUTkDSeh2c1ypyvN4unzyr4xb2T4SmKkix6bT8 on 15m timeframe...
Successfully retrieved OHLCV data for AkukwSXUTkDSeh2c1ypyvN4unzyr4xb2T4SmKkix6bT8 (15m) - 737 rows
✅ 15m data saved:
   └── Path: /Users/dhruvmudambi/Desktop/Coding/Birdeye_Dashboard/Bots/Fib/Data/New_Token_Data/2024_12_12/OHLCV_Data/2024_Dec_12_0801PM/AkukwSXUTkDSeh2c1ypyvN4unzyr4xb2T4SmKkix6bT8/15m.csv
   └── Rows: 737
   └── Size: 124.86 KB

Token AkukwSXUTkDSeh2c1ypyvN4unzyr4xb2T4SmKkix6bT8 processing complete:
└── Total timeframes saved: 1
└── Folder: /Users/dhruvmudambi/Desktop/Coding/Birdeye_Dashboard/Bots/Fib/Data/New_Token_Data/2024_12_12/OHLCV_Data/2024_Dec_12_0801PM/AkukwSXUTkDSeh2c1ypyvN4unzyr4xb2T4SmKkix6bT8

Token 13/28: SWKT3Sksvtcepkn7MRn74WPUNH1Lo8H25MAogVepump

==================================================
Processing token: SWKT3Sksvtcepkn7MRn74WPUNH1Lo8H25MAogVepump
==================================================

Fetching 15m data...
Requesting OHLCV data for token SWKT3Sksvtcepkn7MRn74WPUNH1Lo8H25MAogVepump on 15m timeframe...
Successfully retrieved OHLCV data for SWKT3Sksvtcepkn7MRn74WPUNH1Lo8H25MAogVepump (15m) - 197 rows
✅ 15m data saved:
   └── Path: /Users/dhruvmudambi/Desktop/Coding/Birdeye_Dashboard/Bots/Fib/Data/New_Token_Data/2024_12_12/OHLCV_Data/2024_Dec_12_0801PM/SWKT3Sksvtcepkn7MRn74WPUNH1Lo8H25MAogVepump/15m.csv
   └── Rows: 197
   └── Size: 33.30 KB

Token SWKT3Sksvtcepkn7MRn74WPUNH1Lo8H25MAogVepump processing complete:
└── Total timeframes saved: 1
└── Folder: /Users/dhruvmudambi/Desktop/Coding/Birdeye_Dashboard/Bots/Fib/Data/New_Token_Data/2024_12_12/OHLCV_Data/2024_Dec_12_0801PM/SWKT3Sksvtcepkn7MRn74WPUNH1Lo8H25MAogVepump

Token 14/28: 5eNQJ87WnfMMfgNrc8qSJNTGmMyFqmQdnDYY9phApump

==================================================
Processing token: 5eNQJ87WnfMMfgNrc8qSJNTGmMyFqmQdnDYY9phApump
==================================================

Fetching 15m data...
Requesting OHLCV data for token 5eNQJ87WnfMMfgNrc8qSJNTGmMyFqmQdnDYY9phApump on 15m timeframe...
Successfully retrieved OHLCV data for 5eNQJ87WnfMMfgNrc8qSJNTGmMyFqmQdnDYY9phApump (15m) - 1000 rows
✅ 15m data saved:
   └── Path: /Users/dhruvmudambi/Desktop/Coding/Birdeye_Dashboard/Bots/Fib/Data/New_Token_Data/2024_12_12/OHLCV_Data/2024_Dec_12_0801PM/5eNQJ87WnfMMfgNrc8qSJNTGmMyFqmQdnDYY9phApump/15m.csv
   └── Rows: 1000
   └── Size: 157.82 KB

Token 5eNQJ87WnfMMfgNrc8qSJNTGmMyFqmQdnDYY9phApump processing complete:
└── Total timeframes saved: 1
└── Folder: /Users/dhruvmudambi/Desktop/Coding/Birdeye_Dashboard/Bots/Fib/Data/New_Token_Data/2024_12_12/OHLCV_Data/2024_Dec_12_0801PM/5eNQJ87WnfMMfgNrc8qSJNTGmMyFqmQdnDYY9phApump

Token 15/28: uSy45a8ZvRCdnWriPaAuiRHygrRPChSvHM53Myapump

==================================================
Processing token: uSy45a8ZvRCdnWriPaAuiRHygrRPChSvHM53Myapump
==================================================

Fetching 15m data...
Requesting OHLCV data for token uSy45a8ZvRCdnWriPaAuiRHygrRPChSvHM53Myapump on 15m timeframe...
Successfully retrieved OHLCV data for uSy45a8ZvRCdnWriPaAuiRHygrRPChSvHM53Myapump (15m) - 1000 rows
✅ 15m data saved:
   └── Path: /Users/dhruvmudambi/Desktop/Coding/Birdeye_Dashboard/Bots/Fib/Data/New_Token_Data/2024_12_12/OHLCV_Data/2024_Dec_12_0801PM/uSy45a8ZvRCdnWriPaAuiRHygrRPChSvHM53Myapump/15m.csv
   └── Rows: 1000
   └── Size: 169.93 KB

Token uSy45a8ZvRCdnWriPaAuiRHygrRPChSvHM53Myapump processing complete:
└── Total timeframes saved: 1
└── Folder: /Users/dhruvmudambi/Desktop/Coding/Birdeye_Dashboard/Bots/Fib/Data/New_Token_Data/2024_12_12/OHLCV_Data/2024_Dec_12_0801PM/uSy45a8ZvRCdnWriPaAuiRHygrRPChSvHM53Myapump

Token 16/28: H1hcBegR2A6b2mCGqhH5zA4sTZvMxrqT4v3fHY1kpump

==================================================
Processing token: H1hcBegR2A6b2mCGqhH5zA4sTZvMxrqT4v3fHY1kpump
==================================================

Fetching 15m data...
Requesting OHLCV data for token H1hcBegR2A6b2mCGqhH5zA4sTZvMxrqT4v3fHY1kpump on 15m timeframe...
Successfully retrieved OHLCV data for H1hcBegR2A6b2mCGqhH5zA4sTZvMxrqT4v3fHY1kpump (15m) - 115 rows
✅ 15m data saved:
   └── Path: /Users/dhruvmudambi/Desktop/Coding/Birdeye_Dashboard/Bots/Fib/Data/New_Token_Data/2024_12_12/OHLCV_Data/2024_Dec_12_0801PM/H1hcBegR2A6b2mCGqhH5zA4sTZvMxrqT4v3fHY1kpump/15m.csv
   └── Rows: 115
   └── Size: 19.59 KB

Token H1hcBegR2A6b2mCGqhH5zA4sTZvMxrqT4v3fHY1kpump processing complete:
└── Total timeframes saved: 1
└── Folder: /Users/dhruvmudambi/Desktop/Coding/Birdeye_Dashboard/Bots/Fib/Data/New_Token_Data/2024_12_12/OHLCV_Data/2024_Dec_12_0801PM/H1hcBegR2A6b2mCGqhH5zA4sTZvMxrqT4v3fHY1kpump

Token 17/28: tqrRt3AsuGa3aYYSvABMDrPJEWVzpAnh3p6LxXGpump

==================================================
Processing token: tqrRt3AsuGa3aYYSvABMDrPJEWVzpAnh3p6LxXGpump
==================================================

Fetching 15m data...
Requesting OHLCV data for token tqrRt3AsuGa3aYYSvABMDrPJEWVzpAnh3p6LxXGpump on 15m timeframe...
Successfully retrieved OHLCV data for tqrRt3AsuGa3aYYSvABMDrPJEWVzpAnh3p6LxXGpump (15m) - 1000 rows
✅ 15m data saved:
   └── Path: /Users/dhruvmudambi/Desktop/Coding/Birdeye_Dashboard/Bots/Fib/Data/New_Token_Data/2024_12_12/OHLCV_Data/2024_Dec_12_0801PM/tqrRt3AsuGa3aYYSvABMDrPJEWVzpAnh3p6LxXGpump/15m.csv
   └── Rows: 1000
   └── Size: 168.79 KB

Token tqrRt3AsuGa3aYYSvABMDrPJEWVzpAnh3p6LxXGpump processing complete:
└── Total timeframes saved: 1
└── Folder: /Users/dhruvmudambi/Desktop/Coding/Birdeye_Dashboard/Bots/Fib/Data/New_Token_Data/2024_12_12/OHLCV_Data/2024_Dec_12_0801PM/tqrRt3AsuGa3aYYSvABMDrPJEWVzpAnh3p6LxXGpump

Token 18/28: FRpTyMBDavKsdYN1FQZcEeZ2iwGvHaZKFSkvr5izpump

==================================================
Processing token: FRpTyMBDavKsdYN1FQZcEeZ2iwGvHaZKFSkvr5izpump
==================================================

Fetching 15m data...
Requesting OHLCV data for token FRpTyMBDavKsdYN1FQZcEeZ2iwGvHaZKFSkvr5izpump on 15m timeframe...
Successfully retrieved OHLCV data for FRpTyMBDavKsdYN1FQZcEeZ2iwGvHaZKFSkvr5izpump (15m) - 353 rows
✅ 15m data saved:
   └── Path: /Users/dhruvmudambi/Desktop/Coding/Birdeye_Dashboard/Bots/Fib/Data/New_Token_Data/2024_12_12/OHLCV_Data/2024_Dec_12_0801PM/FRpTyMBDavKsdYN1FQZcEeZ2iwGvHaZKFSkvr5izpump/15m.csv
   └── Rows: 353
   └── Size: 58.75 KB

Token FRpTyMBDavKsdYN1FQZcEeZ2iwGvHaZKFSkvr5izpump processing complete:
└── Total timeframes saved: 1
└── Folder: /Users/dhruvmudambi/Desktop/Coding/Birdeye_Dashboard/Bots/Fib/Data/New_Token_Data/2024_12_12/OHLCV_Data/2024_Dec_12_0801PM/FRpTyMBDavKsdYN1FQZcEeZ2iwGvHaZKFSkvr5izpump

Token 19/28: 68YY6KjfnmPuQubYkFTsmXGaF2FuwcxumWLFxb6cpump

==================================================
Processing token: 68YY6KjfnmPuQubYkFTsmXGaF2FuwcxumWLFxb6cpump
==================================================

Fetching 15m data...
Requesting OHLCV data for token 68YY6KjfnmPuQubYkFTsmXGaF2FuwcxumWLFxb6cpump on 15m timeframe...
Successfully retrieved OHLCV data for 68YY6KjfnmPuQubYkFTsmXGaF2FuwcxumWLFxb6cpump (15m) - 264 rows
✅ 15m data saved:
   └── Path: /Users/dhruvmudambi/Desktop/Coding/Birdeye_Dashboard/Bots/Fib/Data/New_Token_Data/2024_12_12/OHLCV_Data/2024_Dec_12_0801PM/68YY6KjfnmPuQubYkFTsmXGaF2FuwcxumWLFxb6cpump/15m.csv
   └── Rows: 264
   └── Size: 44.46 KB

Token 68YY6KjfnmPuQubYkFTsmXGaF2FuwcxumWLFxb6cpump processing complete:
└── Total timeframes saved: 1
└── Folder: /Users/dhruvmudambi/Desktop/Coding/Birdeye_Dashboard/Bots/Fib/Data/New_Token_Data/2024_12_12/OHLCV_Data/2024_Dec_12_0801PM/68YY6KjfnmPuQubYkFTsmXGaF2FuwcxumWLFxb6cpump

Token 20/28: DyT6mdhiAYbHPML2AVXviGVxMQbc6Z3VmPZ2MQG6pump

==================================================
Processing token: DyT6mdhiAYbHPML2AVXviGVxMQbc6Z3VmPZ2MQG6pump
==================================================

Fetching 15m data...
Requesting OHLCV data for token DyT6mdhiAYbHPML2AVXviGVxMQbc6Z3VmPZ2MQG6pump on 15m timeframe...
Successfully retrieved OHLCV data for DyT6mdhiAYbHPML2AVXviGVxMQbc6Z3VmPZ2MQG6pump (15m) - 887 rows
✅ 15m data saved:
   └── Path: /Users/dhruvmudambi/Desktop/Coding/Birdeye_Dashboard/Bots/Fib/Data/New_Token_Data/2024_12_12/OHLCV_Data/2024_Dec_12_0801PM/DyT6mdhiAYbHPML2AVXviGVxMQbc6Z3VmPZ2MQG6pump/15m.csv
   └── Rows: 887
   └── Size: 151.01 KB

Token DyT6mdhiAYbHPML2AVXviGVxMQbc6Z3VmPZ2MQG6pump processing complete:
└── Total timeframes saved: 1
└── Folder: /Users/dhruvmudambi/Desktop/Coding/Birdeye_Dashboard/Bots/Fib/Data/New_Token_Data/2024_12_12/OHLCV_Data/2024_Dec_12_0801PM/DyT6mdhiAYbHPML2AVXviGVxMQbc6Z3VmPZ2MQG6pump

Token 21/28: 9XWUzTYsRdyWdcQsJ7qibwgaJSNAm8aMKLLe2zbapump

==================================================
Processing token: 9XWUzTYsRdyWdcQsJ7qibwgaJSNAm8aMKLLe2zbapump
==================================================

Fetching 15m data...
Requesting OHLCV data for token 9XWUzTYsRdyWdcQsJ7qibwgaJSNAm8aMKLLe2zbapump on 15m timeframe...
Successfully retrieved OHLCV data for 9XWUzTYsRdyWdcQsJ7qibwgaJSNAm8aMKLLe2zbapump (15m) - 906 rows
✅ 15m data saved:
   └── Path: /Users/dhruvmudambi/Desktop/Coding/Birdeye_Dashboard/Bots/Fib/Data/New_Token_Data/2024_12_12/OHLCV_Data/2024_Dec_12_0801PM/9XWUzTYsRdyWdcQsJ7qibwgaJSNAm8aMKLLe2zbapump/15m.csv
   └── Rows: 906
   └── Size: 152.32 KB

Token 9XWUzTYsRdyWdcQsJ7qibwgaJSNAm8aMKLLe2zbapump processing complete:
└── Total timeframes saved: 1
└── Folder: /Users/dhruvmudambi/Desktop/Coding/Birdeye_Dashboard/Bots/Fib/Data/New_Token_Data/2024_12_12/OHLCV_Data/2024_Dec_12_0801PM/9XWUzTYsRdyWdcQsJ7qibwgaJSNAm8aMKLLe2zbapump

Token 22/28: DTTLrCGbqn6fmNuKjGYqWFeQU5Hz153f5C3pNnxepump

==================================================
Processing token: DTTLrCGbqn6fmNuKjGYqWFeQU5Hz153f5C3pNnxepump
==================================================

Fetching 15m data...
Requesting OHLCV data for token DTTLrCGbqn6fmNuKjGYqWFeQU5Hz153f5C3pNnxepump on 15m timeframe...
Successfully retrieved OHLCV data for DTTLrCGbqn6fmNuKjGYqWFeQU5Hz153f5C3pNnxepump (15m) - 1000 rows
✅ 15m data saved:
   └── Path: /Users/dhruvmudambi/Desktop/Coding/Birdeye_Dashboard/Bots/Fib/Data/New_Token_Data/2024_12_12/OHLCV_Data/2024_Dec_12_0801PM/DTTLrCGbqn6fmNuKjGYqWFeQU5Hz153f5C3pNnxepump/15m.csv
   └── Rows: 1000
   └── Size: 169.49 KB

Token DTTLrCGbqn6fmNuKjGYqWFeQU5Hz153f5C3pNnxepump processing complete:
└── Total timeframes saved: 1
└── Folder: /Users/dhruvmudambi/Desktop/Coding/Birdeye_Dashboard/Bots/Fib/Data/New_Token_Data/2024_12_12/OHLCV_Data/2024_Dec_12_0801PM/DTTLrCGbqn6fmNuKjGYqWFeQU5Hz153f5C3pNnxepump

Token 23/28: ABAGcLC6hoapG3xFcBkwaXzmdFzdH7nup2JD1feapump

==================================================
Processing token: ABAGcLC6hoapG3xFcBkwaXzmdFzdH7nup2JD1feapump
==================================================

Fetching 15m data...
Requesting OHLCV data for token ABAGcLC6hoapG3xFcBkwaXzmdFzdH7nup2JD1feapump on 15m timeframe...
Successfully retrieved OHLCV data for ABAGcLC6hoapG3xFcBkwaXzmdFzdH7nup2JD1feapump (15m) - 71 rows
✅ 15m data saved:
   └── Path: /Users/dhruvmudambi/Desktop/Coding/Birdeye_Dashboard/Bots/Fib/Data/New_Token_Data/2024_12_12/OHLCV_Data/2024_Dec_12_0801PM/ABAGcLC6hoapG3xFcBkwaXzmdFzdH7nup2JD1feapump/15m.csv
   └── Rows: 71
   └── Size: 12.20 KB

Token ABAGcLC6hoapG3xFcBkwaXzmdFzdH7nup2JD1feapump processing complete:
└── Total timeframes saved: 1
└── Folder: /Users/dhruvmudambi/Desktop/Coding/Birdeye_Dashboard/Bots/Fib/Data/New_Token_Data/2024_12_12/OHLCV_Data/2024_Dec_12_0801PM/ABAGcLC6hoapG3xFcBkwaXzmdFzdH7nup2JD1feapump

Token 24/28: 5v62ivFK6pAERaZC8ysBD66dCJS83MbqyVAmXYddbM78

==================================================
Processing token: 5v62ivFK6pAERaZC8ysBD66dCJS83MbqyVAmXYddbM78
==================================================

Fetching 15m data...
Requesting OHLCV data for token 5v62ivFK6pAERaZC8ysBD66dCJS83MbqyVAmXYddbM78 on 15m timeframe...
Successfully retrieved OHLCV data for 5v62ivFK6pAERaZC8ysBD66dCJS83MbqyVAmXYddbM78 (15m) - 195 rows
✅ 15m data saved:
   └── Path: /Users/dhruvmudambi/Desktop/Coding/Birdeye_Dashboard/Bots/Fib/Data/New_Token_Data/2024_12_12/OHLCV_Data/2024_Dec_12_0801PM/5v62ivFK6pAERaZC8ysBD66dCJS83MbqyVAmXYddbM78/15m.csv
   └── Rows: 195
   └── Size: 33.02 KB

Token 5v62ivFK6pAERaZC8ysBD66dCJS83MbqyVAmXYddbM78 processing complete:
└── Total timeframes saved: 1
└── Folder: /Users/dhruvmudambi/Desktop/Coding/Birdeye_Dashboard/Bots/Fib/Data/New_Token_Data/2024_12_12/OHLCV_Data/2024_Dec_12_0801PM/5v62ivFK6pAERaZC8ysBD66dCJS83MbqyVAmXYddbM78

Token 25/28: 73rzMJ8uEqjAf5vE1YPGrXbg7Cb2Yv85EoxpJh2mpump

==================================================
Processing token: 73rzMJ8uEqjAf5vE1YPGrXbg7Cb2Yv85EoxpJh2mpump
==================================================

Fetching 15m data...
Requesting OHLCV data for token 73rzMJ8uEqjAf5vE1YPGrXbg7Cb2Yv85EoxpJh2mpump on 15m timeframe...
Successfully retrieved OHLCV data for 73rzMJ8uEqjAf5vE1YPGrXbg7Cb2Yv85EoxpJh2mpump (15m) - 811 rows
✅ 15m data saved:
   └── Path: /Users/dhruvmudambi/Desktop/Coding/Birdeye_Dashboard/Bots/Fib/Data/New_Token_Data/2024_12_12/OHLCV_Data/2024_Dec_12_0801PM/73rzMJ8uEqjAf5vE1YPGrXbg7Cb2Yv85EoxpJh2mpump/15m.csv
   └── Rows: 811
   └── Size: 137.92 KB

Token 73rzMJ8uEqjAf5vE1YPGrXbg7Cb2Yv85EoxpJh2mpump processing complete:
└── Total timeframes saved: 1
└── Folder: /Users/dhruvmudambi/Desktop/Coding/Birdeye_Dashboard/Bots/Fib/Data/New_Token_Data/2024_12_12/OHLCV_Data/2024_Dec_12_0801PM/73rzMJ8uEqjAf5vE1YPGrXbg7Cb2Yv85EoxpJh2mpump

Token 26/28: 4WcCBEMXaf1pCdNKnJJMZE2cmQnb7AVtYVFQqeVkpump

==================================================
Processing token: 4WcCBEMXaf1pCdNKnJJMZE2cmQnb7AVtYVFQqeVkpump
==================================================

Fetching 15m data...
Requesting OHLCV data for token 4WcCBEMXaf1pCdNKnJJMZE2cmQnb7AVtYVFQqeVkpump on 15m timeframe...
Successfully retrieved OHLCV data for 4WcCBEMXaf1pCdNKnJJMZE2cmQnb7AVtYVFQqeVkpump (15m) - 1000 rows
✅ 15m data saved:
   └── Path: /Users/dhruvmudambi/Desktop/Coding/Birdeye_Dashboard/Bots/Fib/Data/New_Token_Data/2024_12_12/OHLCV_Data/2024_Dec_12_0801PM/4WcCBEMXaf1pCdNKnJJMZE2cmQnb7AVtYVFQqeVkpump/15m.csv
   └── Rows: 1000
   └── Size: 158.33 KB

Token 4WcCBEMXaf1pCdNKnJJMZE2cmQnb7AVtYVFQqeVkpump processing complete:
└── Total timeframes saved: 1
└── Folder: /Users/dhruvmudambi/Desktop/Coding/Birdeye_Dashboard/Bots/Fib/Data/New_Token_Data/2024_12_12/OHLCV_Data/2024_Dec_12_0801PM/4WcCBEMXaf1pCdNKnJJMZE2cmQnb7AVtYVFQqeVkpump

Token 27/28: KnrmAHo1wW2fGqVXcSZSpo6kmiKam5vNbDByrURpump

==================================================
Processing token: KnrmAHo1wW2fGqVXcSZSpo6kmiKam5vNbDByrURpump
==================================================

Fetching 15m data...
Requesting OHLCV data for token KnrmAHo1wW2fGqVXcSZSpo6kmiKam5vNbDByrURpump on 15m timeframe...
Successfully retrieved OHLCV data for KnrmAHo1wW2fGqVXcSZSpo6kmiKam5vNbDByrURpump (15m) - 820 rows
✅ 15m data saved:
   └── Path: /Users/dhruvmudambi/Desktop/Coding/Birdeye_Dashboard/Bots/Fib/Data/New_Token_Data/2024_12_12/OHLCV_Data/2024_Dec_12_0801PM/KnrmAHo1wW2fGqVXcSZSpo6kmiKam5vNbDByrURpump/15m.csv
   └── Rows: 820
   └── Size: 138.34 KB

Token KnrmAHo1wW2fGqVXcSZSpo6kmiKam5vNbDByrURpump processing complete:
└── Total timeframes saved: 1
└── Folder: /Users/dhruvmudambi/Desktop/Coding/Birdeye_Dashboard/Bots/Fib/Data/New_Token_Data/2024_12_12/OHLCV_Data/2024_Dec_12_0801PM/KnrmAHo1wW2fGqVXcSZSpo6kmiKam5vNbDByrURpump

Token 28/28: FhQjKRfcwPkBHuuJzdxbfgQcTnyxuiMi1kxvfTxkpump

==================================================
Processing token: FhQjKRfcwPkBHuuJzdxbfgQcTnyxuiMi1kxvfTxkpump
==================================================

Fetching 15m data...
Requesting OHLCV data for token FhQjKRfcwPkBHuuJzdxbfgQcTnyxuiMi1kxvfTxkpump on 15m timeframe...
Successfully retrieved OHLCV data for FhQjKRfcwPkBHuuJzdxbfgQcTnyxuiMi1kxvfTxkpump (15m) - 1000 rows
✅ 15m data saved:
   └── Path: /Users/dhruvmudambi/Desktop/Coding/Birdeye_Dashboard/Bots/Fib/Data/New_Token_Data/2024_12_12/OHLCV_Data/2024_Dec_12_0801PM/FhQjKRfcwPkBHuuJzdxbfgQcTnyxuiMi1kxvfTxkpump/15m.csv
   └── Rows: 1000
   └── Size: 168.88 KB

Token FhQjKRfcwPkBHuuJzdxbfgQcTnyxuiMi1kxvfTxkpump processing complete:
└── Total timeframes saved: 1
└── Folder: /Users/dhruvmudambi/Desktop/Coding/Birdeye_Dashboard/Bots/Fib/Data/New_Token_Data/2024_12_12/OHLCV_Data/2024_Dec_12_0801PM/FhQjKRfcwPkBHuuJzdxbfgQcTnyxuiMi1kxvfTxkpump

==================================================
OHLCV Processing Summary
==================================================
Total tokens processed: 28
✅ Successful: 28
❌ Failed: 0

Final OHLCV Data Structure:
└── Folder: /Users/dhruvmudambi/Desktop/Coding/Birdeye_Dashboard/Bots/Fib/Data/New_Token_Data/2024_12_12/OHLCV_Data/2024_Dec_12_0801PM
└── Total files: 28
└── Total size: 3.05 MB

==================================================
Importing OHLCV data for qualified tokens
==================================================
✅ Successfully imported OHLCV data for 4VdCEb24qJ24yvq8H14skQ5gJpyT9xCMcg4ssA4zpump
   Available timeframes: ['15m']
✅ Successfully imported OHLCV data for 6kJhG826LGowg7zG6PLd6tg7mqvVSdq2WzHhsfc7pump
   Available timeframes: ['15m']
✅ Successfully imported OHLCV data for Ff639RjQYbqrS9VJgYM1p1ifXCAzC8GrbWUu4YAVpump
   Available timeframes: ['15m']
✅ Successfully imported OHLCV data for ATEWnH7CyLUyDAYVnUS4jxBi243SWUnBmmpRf3QRpump
   Available timeframes: ['15m']
✅ Successfully imported OHLCV data for H3c9RZhvCzxQSmLULh4RsJC8GuK9rVNV2bcoLhMQmoon
   Available timeframes: ['15m']
✅ Successfully imported OHLCV data for AU1rxhY276GepM4bm7VaYrgVPJW7tg4z2MtR2jfPpump
   Available timeframes: ['15m']
✅ Successfully imported OHLCV data for 7VwxiPZeSYfQbQxqorGBctSyorPMJusrGDFkX5TFpump
   Available timeframes: ['15m']
✅ Successfully imported OHLCV data for 5oDWr3xbRxJZ74VhDF5H4UnnSEstPJT7tJm4c5EFpump
   Available timeframes: ['15m']
✅ Successfully imported OHLCV data for FuVVu23hbFcXiiEM7ASp1CKY38DA3M7E626kGf7Upump
   Available timeframes: ['15m']
✅ Successfully imported OHLCV data for 98geVJZfj1JkzyRePEFRr2AHjLcs1TDwSptcVjMC2Eks
   Available timeframes: ['15m']
✅ Successfully imported OHLCV data for 4J5HoZWoKcbo2JQxEEVCKRBfUQtEroY1QdRrKtZFpump
   Available timeframes: ['15m']
✅ Successfully imported OHLCV data for AkukwSXUTkDSeh2c1ypyvN4unzyr4xb2T4SmKkix6bT8
   Available timeframes: ['15m']
✅ Successfully imported OHLCV data for SWKT3Sksvtcepkn7MRn74WPUNH1Lo8H25MAogVepump
   Available timeframes: ['15m']
✅ Successfully imported OHLCV data for 5eNQJ87WnfMMfgNrc8qSJNTGmMyFqmQdnDYY9phApump
   Available timeframes: ['15m']
✅ Successfully imported OHLCV data for uSy45a8ZvRCdnWriPaAuiRHygrRPChSvHM53Myapump
   Available timeframes: ['15m']
✅ Successfully imported OHLCV data for H1hcBegR2A6b2mCGqhH5zA4sTZvMxrqT4v3fHY1kpump
   Available timeframes: ['15m']
✅ Successfully imported OHLCV data for tqrRt3AsuGa3aYYSvABMDrPJEWVzpAnh3p6LxXGpump
   Available timeframes: ['15m']
✅ Successfully imported OHLCV data for FRpTyMBDavKsdYN1FQZcEeZ2iwGvHaZKFSkvr5izpump
   Available timeframes: ['15m']
✅ Successfully imported OHLCV data for 68YY6KjfnmPuQubYkFTsmXGaF2FuwcxumWLFxb6cpump
   Available timeframes: ['15m']
✅ Successfully imported OHLCV data for DyT6mdhiAYbHPML2AVXviGVxMQbc6Z3VmPZ2MQG6pump
   Available timeframes: ['15m']
✅ Successfully imported OHLCV data for 9XWUzTYsRdyWdcQsJ7qibwgaJSNAm8aMKLLe2zbapump
   Available timeframes: ['15m']
✅ Successfully imported OHLCV data for DTTLrCGbqn6fmNuKjGYqWFeQU5Hz153f5C3pNnxepump
   Available timeframes: ['15m']
✅ Successfully imported OHLCV data for ABAGcLC6hoapG3xFcBkwaXzmdFzdH7nup2JD1feapump
   Available timeframes: ['15m']
✅ Successfully imported OHLCV data for 5v62ivFK6pAERaZC8ysBD66dCJS83MbqyVAmXYddbM78
   Available timeframes: ['15m']
✅ Successfully imported OHLCV data for 73rzMJ8uEqjAf5vE1YPGrXbg7Cb2Yv85EoxpJh2mpump
   Available timeframes: ['15m']
✅ Successfully imported OHLCV data for 4WcCBEMXaf1pCdNKnJJMZE2cmQnb7AVtYVFQqeVkpump
   Available timeframes: ['15m']
✅ Successfully imported OHLCV data for KnrmAHo1wW2fGqVXcSZSpo6kmiKam5vNbDByrURpump
   Available timeframes: ['15m']
✅ Successfully imported OHLCV data for FhQjKRfcwPkBHuuJzdxbfgQcTnyxuiMi1kxvfTxkpump
   Available timeframes: ['15m']

Successfully imported OHLCV data for 28 tokens

==================================================
Starting Fibonacci Analysis
==================================================
Selected timeframe for analysis: 15m
Debug - Target Fib Level: 0.786
Debug - Higher Fib Level: 0.618

==================================================
Analyzing Token: 4VdCEb24qJ24yvq8H14skQ5gJpyT9xCMcg4ssA4zpump
==================================================

Initial Values:
First Open: 7.36176070703318e-05
ATH Close: 0.0006625202626746
Current Price: 9.702288383267878e-06
ATH Multiple from First Open: 9.00x

Fibonacci Price Levels:
Fib 0.236: 0.0005061654806833944
Fib 0.382: 0.0004094375223329028
Fib 0.5: 0.0003312601313373
Fib 0.618: 0.00025308274034169725
Fib 0.786: 0.00014177933621236434
Fib 0.886: 7.552730994490442e-05

Condition 1 - 5x Multiple Check:
Required: ATH (0.0006625202626746) >= First Open * 5 (0.000368088035351659)
Actual Multiple: 9.00x
✅ PASSED - 5x multiple condition

Condition 2 - Price in Fib Range Check:
Required: 0.0003312601313373 >= 9.702288383267878e-06 >= 0.00014177933621236434
❌ FAILED - Price not in target range

==================================================
Analyzing Token: 6kJhG826LGowg7zG6PLd6tg7mqvVSdq2WzHhsfc7pump
==================================================

Initial Values:
First Open: 0.0002654028415927
ATH Close: 0.0049922320307919
Current Price: 0.0019889116102073
ATH Multiple from First Open: 18.81x

Fibonacci Price Levels:
Fib 0.236: 0.003814065271525012
Fib 0.382: 0.0030851993950293945
Fib 0.5: 0.00249611601539595
Fib 0.618: 0.001907032635762506
Fib 0.786: 0.0010683376545894668
Fib 0.886: 0.000569114451510277

Condition 1 - 5x Multiple Check:
Required: ATH (0.0049922320307919) >= First Open * 5 (0.0013270142079635002)
Actual Multiple: 18.81x
✅ PASSED - 5x multiple condition

Condition 2 - Price in Fib Range Check:
Required: 0.00249611601539595 >= 0.0019889116102073 >= 0.0010683376545894668
✅ PASSED - Price in target range

Condition 3 - Post-ATH Price Check:
Lowest post-ATH price: 0.0007910178762977
Target Fib level price: 0.0010683376545894668
❌ FAILED - Price went below target fib level after ATH

==================================================
Analyzing Token: Ff639RjQYbqrS9VJgYM1p1ifXCAzC8GrbWUu4YAVpump
==================================================

Initial Values:
First Open: 9.633103040797365e-06
ATH Close: 0.0029038205791685
Current Price: 0.0004115146874703
ATH Multiple from First Open: 301.44x

Fibonacci Price Levels:
Fib 0.236: 0.002218518922484734
Fib 0.382: 0.0017945611179261331
Fib 0.5: 0.00145191028958425
Fib 0.618: 0.001109259461242367
Fib 0.786: 0.0006214176039420591
Fib 0.886: 0.0003310355460252089

Condition 1 - 5x Multiple Check:
Required: ATH (0.0029038205791685) >= First Open * 5 (4.8165515203986824e-05)
Actual Multiple: 301.44x
✅ PASSED - 5x multiple condition

Condition 2 - Price in Fib Range Check:
Required: 0.00145191028958425 >= 0.0004115146874703 >= 0.0006214176039420591
❌ FAILED - Price not in target range

==================================================
Analyzing Token: ATEWnH7CyLUyDAYVnUS4jxBi243SWUnBmmpRf3QRpump
==================================================

Initial Values:
First Open: 1.94726770277915e-05
ATH Close: 0.0011286768252454
Current Price: 0.0005793249984629
ATH Multiple from First Open: 57.96x

Fibonacci Price Levels:
Fib 0.236: 0.0008623090944874856
Fib 0.382: 0.0006975222780016572
Fib 0.5: 0.0005643384126227
Fib 0.618: 0.0004311545472437427
Fib 0.786: 0.00024153684060251553
Fib 0.886: 0.0001286691580779755

Condition 1 - 5x Multiple Check:
Required: ATH (0.0011286768252454) >= First Open * 5 (9.73633851389575e-05)
Actual Multiple: 57.96x
✅ PASSED - 5x multiple condition

Condition 2 - Price in Fib Range Check:
Required: 0.0005643384126227 >= 0.0005793249984629 >= 0.00024153684060251553
❌ FAILED - Price not in target range

==================================================
Analyzing Token: H3c9RZhvCzxQSmLULh4RsJC8GuK9rVNV2bcoLhMQmoon
==================================================

Initial Values:
First Open: 0.0001048992620777
ATH Close: 0.001459808567482
Current Price: 0.0005976986007479
ATH Multiple from First Open: 13.92x

Fibonacci Price Levels:
Fib 0.236: 0.001115293745556248
Fib 0.382: 0.000902161694703876
Fib 0.5: 0.000729904283741
Fib 0.618: 0.0005576468727781239
Fib 0.786: 0.00031239903344114795
Fib 0.886: 0.00016641817669294802

Condition 1 - 5x Multiple Check:
Required: ATH (0.001459808567482) >= First Open * 5 (0.0005244963103885)
Actual Multiple: 13.92x
✅ PASSED - 5x multiple condition

Condition 2 - Price in Fib Range Check:
Required: 0.000729904283741 >= 0.0005976986007479 >= 0.00031239903344114795
✅ PASSED - Price in target range

Condition 3 - Post-ATH Price Check:
Lowest post-ATH price: 0.000275639459719
Target Fib level price: 0.00031239903344114795
❌ FAILED - Price went below target fib level after ATH

==================================================
Analyzing Token: AU1rxhY276GepM4bm7VaYrgVPJW7tg4z2MtR2jfPpump
==================================================

Initial Values:
First Open: 0.0001172018657767
ATH Close: 0.0059498239873513
Current Price: 0.0005678706941481
ATH Multiple from First Open: 50.77x

Fibonacci Price Levels:
Fib 0.236: 0.004545665526336393
Fib 0.382: 0.003676991224183103
Fib 0.5: 0.00297491199367565
Fib 0.618: 0.0022728327631681964
Fib 0.786: 0.0012732623332931776
Fib 0.886: 0.0006782799345580485

Condition 1 - 5x Multiple Check:
Required: ATH (0.0059498239873513) >= First Open * 5 (0.0005860093288835)
Actual Multiple: 50.77x
✅ PASSED - 5x multiple condition

Condition 2 - Price in Fib Range Check:
Required: 0.00297491199367565 >= 0.0005678706941481 >= 0.0012732623332931776
❌ FAILED - Price not in target range

==================================================
Analyzing Token: 7VwxiPZeSYfQbQxqorGBctSyorPMJusrGDFkX5TFpump
==================================================

Initial Values:
First Open: 9.172554347462014e-06
ATH Close: 0.0009891423179605
Current Price: 0.0005742524543957
ATH Multiple from First Open: 107.84x

Fibonacci Price Levels:
Fib 0.236: 0.000755704730921822
Fib 0.382: 0.0006112899524995891
Fib 0.5: 0.00049457115898025
Fib 0.618: 0.000377852365460911
Fib 0.786: 0.00021167645604354694
Fib 0.886: 0.00011276222424749696

Condition 1 - 5x Multiple Check:
Required: ATH (0.0009891423179605) >= First Open * 5 (4.586277173731007e-05)
Actual Multiple: 107.84x
✅ PASSED - 5x multiple condition

Condition 2 - Price in Fib Range Check:
Required: 0.00049457115898025 >= 0.0005742524543957 >= 0.00021167645604354694
❌ FAILED - Price not in target range

==================================================
Analyzing Token: 5oDWr3xbRxJZ74VhDF5H4UnnSEstPJT7tJm4c5EFpump
==================================================

Initial Values:
First Open: 7.084141109608586e-06
ATH Close: 0.0007523271993927
Current Price: 0.000698616296678
ATH Multiple from First Open: 106.20x

Fibonacci Price Levels:
Fib 0.236: 0.0005747779803360228
Fib 0.382: 0.00046493820922468854
Fib 0.5: 0.00037616359969635
Fib 0.618: 0.0002873889901680114
Fib 0.786: 0.00016099802067003782
Fib 0.886: 8.576530073076778e-05

Condition 1 - 5x Multiple Check:
Required: ATH (0.0007523271993927) >= First Open * 5 (3.542070554804293e-05)
Actual Multiple: 106.20x
✅ PASSED - 5x multiple condition

Condition 2 - Price in Fib Range Check:
Required: 0.00037616359969635 >= 0.000698616296678 >= 0.00016099802067003782
❌ FAILED - Price not in target range

==================================================
Analyzing Token: FuVVu23hbFcXiiEM7ASp1CKY38DA3M7E626kGf7Upump
==================================================

Initial Values:
First Open: 8.642993058918456e-06
ATH Close: 0.0025618412406594
Current Price: 0.000547399249859
ATH Multiple from First Open: 296.41x

Fibonacci Price Levels:
Fib 0.236: 0.0019572467078637816
Fib 0.382: 0.0015832178867275092
Fib 0.5: 0.0012809206203297
Fib 0.618: 0.0009786233539318908
Fib 0.786: 0.0005482340255011115
Fib 0.886: 0.0002920499014351717

Condition 1 - 5x Multiple Check:
Required: ATH (0.0025618412406594) >= First Open * 5 (4.3214965294592275e-05)
Actual Multiple: 296.41x
✅ PASSED - 5x multiple condition

Condition 2 - Price in Fib Range Check:
Required: 0.0012809206203297 >= 0.000547399249859 >= 0.0005482340255011115
❌ FAILED - Price not in target range

==================================================
Analyzing Token: 98geVJZfj1JkzyRePEFRr2AHjLcs1TDwSptcVjMC2Eks
==================================================

Initial Values:
First Open: 0.0001053728543018
ATH Close: 0.0005640710984455
Current Price: 4.5753293330246886e-05
ATH Multiple from First Open: 5.35x

Fibonacci Price Levels:
Fib 0.236: 0.000430950319212362
Fib 0.382: 0.000348595938839319
Fib 0.5: 0.00028203554922275
Fib 0.618: 0.000215475159606181
Fib 0.786: 0.000120711215067337
Fib 0.886: 6.430410522278703e-05

Condition 1 - 5x Multiple Check:
Required: ATH (0.0005640710984455) >= First Open * 5 (0.000526864271509)
Actual Multiple: 5.35x
✅ PASSED - 5x multiple condition

Condition 2 - Price in Fib Range Check:
Required: 0.00028203554922275 >= 4.5753293330246886e-05 >= 0.000120711215067337
❌ FAILED - Price not in target range

==================================================
Analyzing Token: 4J5HoZWoKcbo2JQxEEVCKRBfUQtEroY1QdRrKtZFpump
==================================================

Initial Values:
First Open: 0.0001076163360926
ATH Close: 0.010503108450542
Current Price: 0.0014913653172504
ATH Multiple from First Open: 97.60x

Fibonacci Price Levels:
Fib 0.236: 0.008024374856214088
Fib 0.382: 0.006490921022434956
Fib 0.5: 0.005251554225271
Fib 0.618: 0.004012187428107044
Fib 0.786: 0.002247665208415987
Fib 0.886: 0.001197354363361788

Condition 1 - 5x Multiple Check:
Required: ATH (0.010503108450542) >= First Open * 5 (0.000538081680463)
Actual Multiple: 97.60x
✅ PASSED - 5x multiple condition

Condition 2 - Price in Fib Range Check:
Required: 0.005251554225271 >= 0.0014913653172504 >= 0.002247665208415987
❌ FAILED - Price not in target range

==================================================
Analyzing Token: AkukwSXUTkDSeh2c1ypyvN4unzyr4xb2T4SmKkix6bT8
==================================================

Initial Values:
First Open: 8.37236327034026e-06
ATH Close: 0.0182155188911123
Current Price: 0.0006613867764051
ATH Multiple from First Open: 2175.67x

Fibonacci Price Levels:
Fib 0.236: 0.013916656432809796
Fib 0.382: 0.011257190674707401
Fib 0.5: 0.00910775944555615
Fib 0.618: 0.006958328216404899
Fib 0.786: 0.003898121042698032
Fib 0.886: 0.0020765691535868033

Condition 1 - 5x Multiple Check:
Required: ATH (0.0182155188911123) >= First Open * 5 (4.1861816351701304e-05)
Actual Multiple: 2175.67x
✅ PASSED - 5x multiple condition

Condition 2 - Price in Fib Range Check:
Required: 0.00910775944555615 >= 0.0006613867764051 >= 0.003898121042698032
❌ FAILED - Price not in target range

==================================================
Analyzing Token: SWKT3Sksvtcepkn7MRn74WPUNH1Lo8H25MAogVepump
==================================================

Initial Values:
First Open: 6.621023198443102e-06
ATH Close: 0.0017584860763629
Current Price: 0.0005278281461624
ATH Multiple from First Open: 265.59x

Fibonacci Price Levels:
Fib 0.236: 0.0013434833623412557
Fib 0.382: 0.0010867443951922723
Fib 0.5: 0.00087924303818145
Fib 0.618: 0.0006717416811706277
Fib 0.786: 0.00037631602034166045
Fib 0.886: 0.0002004674127053705

Condition 1 - 5x Multiple Check:
Required: ATH (0.0017584860763629) >= First Open * 5 (3.310511599221551e-05)
Actual Multiple: 265.59x
✅ PASSED - 5x multiple condition

Condition 2 - Price in Fib Range Check:
Required: 0.00087924303818145 >= 0.0005278281461624 >= 0.00037631602034166045
✅ PASSED - Price in target range

Condition 3 - Post-ATH Price Check:
Lowest post-ATH price: 0.0001704163788602
Target Fib level price: 0.00037631602034166045
❌ FAILED - Price went below target fib level after ATH

==================================================
Analyzing Token: 5eNQJ87WnfMMfgNrc8qSJNTGmMyFqmQdnDYY9phApump
==================================================

Initial Values:
First Open: 0.0007645578226475
ATH Close: 0.0013945454233109
Current Price: 4.772378563641397e-06
ATH Multiple from First Open: 1.82x

Fibonacci Price Levels:
Fib 0.236: 0.0010654327034095277
Fib 0.382: 0.0008618290716061362
Fib 0.5: 0.00069727271165545
Fib 0.618: 0.0005327163517047639
Fib 0.786: 0.0002984327205885326
Fib 0.886: 0.0001589781782574426

Condition 1 - 5x Multiple Check:
Required: ATH (0.0013945454233109) >= First Open * 5 (0.0038227891132375)
Actual Multiple: 1.82x
❌ FAILED - Less than 5x from first open to ATH

==================================================
Analyzing Token: uSy45a8ZvRCdnWriPaAuiRHygrRPChSvHM53Myapump
==================================================

Initial Values:
First Open: 0.0001026599438448
ATH Close: 0.0017095636823469
Current Price: 0.0002498687328032
ATH Multiple from First Open: 16.65x

Fibonacci Price Levels:
Fib 0.236: 0.0013061066533130317
Fib 0.382: 0.0010565103556903844
Fib 0.5: 0.00085478184117345
Fib 0.618: 0.0006530533266565159
Fib 0.786: 0.0003658466280222366
Fib 0.886: 0.0001948902597875466

Condition 1 - 5x Multiple Check:
Required: ATH (0.0017095636823469) >= First Open * 5 (0.000513299719224)
Actual Multiple: 16.65x
✅ PASSED - 5x multiple condition

Condition 2 - Price in Fib Range Check:
Required: 0.00085478184117345 >= 0.0002498687328032 >= 0.0003658466280222366
❌ FAILED - Price not in target range

==================================================
Analyzing Token: H1hcBegR2A6b2mCGqhH5zA4sTZvMxrqT4v3fHY1kpump
==================================================

Initial Values:
First Open: 6.455503005562391e-06
ATH Close: 0.0026904483719283
Current Price: 0.0006317671686536
ATH Multiple from First Open: 416.77x

Fibonacci Price Levels:
Fib 0.236: 0.0020555025561532214
Fib 0.382: 0.0016626970938516893
Fib 0.5: 0.00134522418596415
Fib 0.618: 0.0010277512780766107
Fib 0.786: 0.0005757559515926561
Fib 0.886: 0.0003067111143998263

Condition 1 - 5x Multiple Check:
Required: ATH (0.0026904483719283) >= First Open * 5 (3.227751502781195e-05)
Actual Multiple: 416.77x
✅ PASSED - 5x multiple condition

Condition 2 - Price in Fib Range Check:
Required: 0.00134522418596415 >= 0.0006317671686536 >= 0.0005757559515926561
✅ PASSED - Price in target range

Condition 3 - Post-ATH Price Check:
Lowest post-ATH price: 0.0005547570018337
Target Fib level price: 0.0005757559515926561
❌ FAILED - Price went below target fib level after ATH

==================================================
Analyzing Token: tqrRt3AsuGa3aYYSvABMDrPJEWVzpAnh3p6LxXGpump
==================================================

Initial Values:
First Open: 8.318369137235707e-06
ATH Close: 0.0015271169384947
Current Price: 0.0006761872341696
ATH Multiple from First Open: 183.58x

Fibonacci Price Levels:
Fib 0.236: 0.0011667173410099508
Fib 0.382: 0.0009437582679897245
Fib 0.5: 0.00076355846924735
Fib 0.618: 0.0005833586705049754
Fib 0.786: 0.0003268030248378658
Fib 0.886: 0.00017409133098839568

Condition 1 - 5x Multiple Check:
Required: ATH (0.0015271169384947) >= First Open * 5 (4.159184568617854e-05)
Actual Multiple: 183.58x
✅ PASSED - 5x multiple condition

Condition 2 - Price in Fib Range Check:
Required: 0.00076355846924735 >= 0.0006761872341696 >= 0.0003268030248378658
✅ PASSED - Price in target range

Condition 3 - Post-ATH Price Check:
Lowest post-ATH price: 0.0003686769968672
Target Fib level price: 0.0003268030248378658
✅ PASSED - Price maintained above target fib level

Condition 4 - Check for Large Price Drops:
Maximum price drop in a single candle: 38.71%
Maximum allowed drop: 50%
✅ PASSED - No excessive price drops found

TOKEN QUALIFIED - Passed all conditions!

==================================================
Analyzing Token: FRpTyMBDavKsdYN1FQZcEeZ2iwGvHaZKFSkvr5izpump
==================================================

Initial Values:
First Open: 6.890769810538981e-06
ATH Close: 0.0069148734632149
Current Price: 0.0007161324712069
ATH Multiple from First Open: 1003.50x

Fibonacci Price Levels:
Fib 0.236: 0.005282963325896183
Fib 0.382: 0.004273391800266808
Fib 0.5: 0.00345743673160745
Fib 0.618: 0.0026414816629480916
Fib 0.786: 0.001479782921127988
Fib 0.886: 0.0007882955748064989

Condition 1 - 5x Multiple Check:
Required: ATH (0.0069148734632149) >= First Open * 5 (3.445384905269491e-05)
Actual Multiple: 1003.50x
✅ PASSED - 5x multiple condition

Condition 2 - Price in Fib Range Check:
Required: 0.00345743673160745 >= 0.0007161324712069 >= 0.001479782921127988
❌ FAILED - Price not in target range

==================================================
Analyzing Token: 68YY6KjfnmPuQubYkFTsmXGaF2FuwcxumWLFxb6cpump
==================================================

Initial Values:
First Open: 7.168175141356975e-06
ATH Close: 0.0019208903723816
Current Price: 0.0007840910120917
ATH Multiple from First Open: 267.97x

Fibonacci Price Levels:
Fib 0.236: 0.0014675602444995423
Fib 0.382: 0.0011871102501318288
Fib 0.5: 0.0009604451861908
Fib 0.618: 0.0007337801222497711
Fib 0.786: 0.00041107053968966224
Fib 0.886: 0.00021898150245150232

Condition 1 - 5x Multiple Check:
Required: ATH (0.0019208903723816) >= First Open * 5 (3.584087570678487e-05)
Actual Multiple: 267.97x
✅ PASSED - 5x multiple condition

Condition 2 - Price in Fib Range Check:
Required: 0.0009604451861908 >= 0.0007840910120917 >= 0.00041107053968966224
✅ PASSED - Price in target range

Condition 3 - Post-ATH Price Check:
Lowest post-ATH price: 0.0006143489685756
Target Fib level price: 0.00041107053968966224
✅ PASSED - Price maintained above target fib level

Condition 4 - Check for Large Price Drops:
Maximum price drop in a single candle: 20.80%
Maximum allowed drop: 50%
✅ PASSED - No excessive price drops found

TOKEN QUALIFIED - Passed all conditions!

==================================================
Analyzing Token: DyT6mdhiAYbHPML2AVXviGVxMQbc6Z3VmPZ2MQG6pump
==================================================

Initial Values:
First Open: 7.317997351815066e-06
ATH Close: 0.0026197198363704
Current Price: 0.0007731486074895
ATH Multiple from First Open: 357.98x

Fibonacci Price Levels:
Fib 0.236: 0.0020014659549869858
Fib 0.382: 0.001618986858876907
Fib 0.5: 0.0013098599181852
Fib 0.618: 0.0010007329774934929
Fib 0.786: 0.0005606200449832653
Fib 0.886: 0.0002986480613462257

Condition 1 - 5x Multiple Check:
Required: ATH (0.0026197198363704) >= First Open * 5 (3.6589986759075334e-05)
Actual Multiple: 357.98x
✅ PASSED - 5x multiple condition

Condition 2 - Price in Fib Range Check:
Required: 0.0013098599181852 >= 0.0007731486074895 >= 0.0005606200449832653
✅ PASSED - Price in target range

Condition 3 - Post-ATH Price Check:
Lowest post-ATH price: 0.000167609206086
Target Fib level price: 0.0005606200449832653
❌ FAILED - Price went below target fib level after ATH

==================================================
Analyzing Token: 9XWUzTYsRdyWdcQsJ7qibwgaJSNAm8aMKLLe2zbapump
==================================================

Initial Values:
First Open: 8.160447483114853e-06
ATH Close: 0.0071124782531521
Current Price: 0.000917179727933
ATH Multiple from First Open: 871.58x

Fibonacci Price Levels:
Fib 0.236: 0.005433933385408205
Fib 0.382: 0.004395511560447998
Fib 0.5: 0.00355623912657605
Fib 0.618: 0.002716966692704102
Fib 0.786: 0.0015220703461745495
Fib 0.886: 0.0008108225208593393

Condition 1 - 5x Multiple Check:
Required: ATH (0.0071124782531521) >= First Open * 5 (4.080223741557427e-05)
Actual Multiple: 871.58x
✅ PASSED - 5x multiple condition

Condition 2 - Price in Fib Range Check:
Required: 0.00355623912657605 >= 0.000917179727933 >= 0.0015220703461745495
❌ FAILED - Price not in target range

==================================================
Analyzing Token: DTTLrCGbqn6fmNuKjGYqWFeQU5Hz153f5C3pNnxepump
==================================================

Initial Values:
First Open: 8.621375749494822e-06
ATH Close: 0.0030501691908318
Current Price: 0.001203611006015
ATH Multiple from First Open: 353.79x

Fibonacci Price Levels:
Fib 0.236: 0.0023303292617954953
Fib 0.382: 0.0018850045599340525
Fib 0.5: 0.0015250845954159
Fib 0.618: 0.0011651646308977477
Fib 0.786: 0.0006527362068380052
Fib 0.886: 0.000347719287754825

Condition 1 - 5x Multiple Check:
Required: ATH (0.0030501691908318) >= First Open * 5 (4.310687874747411e-05)
Actual Multiple: 353.79x
✅ PASSED - 5x multiple condition

Condition 2 - Price in Fib Range Check:
Required: 0.0015250845954159 >= 0.001203611006015 >= 0.0006527362068380052
✅ PASSED - Price in target range

Condition 3 - Post-ATH Price Check:
Lowest post-ATH price: 0.0002540590224867
Target Fib level price: 0.0006527362068380052
❌ FAILED - Price went below target fib level after ATH

==================================================
Analyzing Token: ABAGcLC6hoapG3xFcBkwaXzmdFzdH7nup2JD1feapump
==================================================

Initial Values:
First Open: 7.275687459097718e-06
ATH Close: 0.0012573067679457
Current Price: 0.0006817815953252
ATH Multiple from First Open: 172.81x

Fibonacci Price Levels:
Fib 0.236: 0.0009605823707105148
Fib 0.382: 0.0007770155825904426
Fib 0.5: 0.00062865338397285
Fib 0.618: 0.0004802911853552574
Fib 0.786: 0.0002690636483403798
Fib 0.886: 0.00014333297154580987

Condition 1 - 5x Multiple Check:
Required: ATH (0.0012573067679457) >= First Open * 5 (3.637843729548859e-05)
Actual Multiple: 172.81x
✅ PASSED - 5x multiple condition

Condition 2 - Price in Fib Range Check:
Required: 0.00062865338397285 >= 0.0006817815953252 >= 0.0002690636483403798
❌ FAILED - Price not in target range

==================================================
Analyzing Token: 5v62ivFK6pAERaZC8ysBD66dCJS83MbqyVAmXYddbM78
==================================================

Initial Values:
First Open: 0.0005491867015956
ATH Close: 0.0011213929712712
Current Price: 0.0008794262171852
ATH Multiple from First Open: 2.04x

Fibonacci Price Levels:
Fib 0.236: 0.0008567442300511968
Fib 0.382: 0.0006930208562456017
Fib 0.5: 0.0005606964856356
Fib 0.618: 0.0004283721150255984
Fib 0.786: 0.00023997809585203677
Fib 0.886: 0.00012783879872491685

Condition 1 - 5x Multiple Check:
Required: ATH (0.0011213929712712) >= First Open * 5 (0.002745933507978)
Actual Multiple: 2.04x
❌ FAILED - Less than 5x from first open to ATH

==================================================
Analyzing Token: 73rzMJ8uEqjAf5vE1YPGrXbg7Cb2Yv85EoxpJh2mpump
==================================================

Initial Values:
First Open: 8.960375329444191e-06
ATH Close: 0.0042389217915658
Current Price: 0.0008493731691162
ATH Multiple from First Open: 473.07x

Fibonacci Price Levels:
Fib 0.236: 0.003238536248756272
Fib 0.382: 0.002619653667187665
Fib 0.5: 0.0021194608957829
Fib 0.618: 0.001619268124378136
Fib 0.786: 0.0009071292633950814
Fib 0.886: 0.00048323708423850123

Condition 1 - 5x Multiple Check:
Required: ATH (0.0042389217915658) >= First Open * 5 (4.4801876647220955e-05)
Actual Multiple: 473.07x
✅ PASSED - 5x multiple condition

Condition 2 - Price in Fib Range Check:
Required: 0.0021194608957829 >= 0.0008493731691162 >= 0.0009071292633950814
❌ FAILED - Price not in target range

==================================================
Analyzing Token: 4WcCBEMXaf1pCdNKnJJMZE2cmQnb7AVtYVFQqeVkpump
==================================================

Initial Values:
First Open: 5.05568003553796e-05
ATH Close: 8.068289237366709e-05
Current Price: 2.585615269167443e-06
ATH Multiple from First Open: 1.60x

Fibonacci Price Levels:
Fib 0.236: 6.164172977348166e-05
Fib 0.382: 4.986202748692626e-05
Fib 0.5: 4.0341446186833546e-05
Fib 0.618: 3.082086488674083e-05
Fib 0.786: 1.726613896796476e-05
Fib 0.886: 9.197849730598046e-06

Condition 1 - 5x Multiple Check:
Required: ATH (8.068289237366709e-05) >= First Open * 5 (0.000252784001776898)
Actual Multiple: 1.60x
❌ FAILED - Less than 5x from first open to ATH

==================================================
Analyzing Token: KnrmAHo1wW2fGqVXcSZSpo6kmiKam5vNbDByrURpump
==================================================

Initial Values:
First Open: 1.2157778891957165e-05
ATH Close: 0.0022588592048784
Current Price: 0.0009370506755988
ATH Multiple from First Open: 185.80x

Fibonacci Price Levels:
Fib 0.236: 0.0017257684325270978
Fib 0.382: 0.0013959749886148514
Fib 0.5: 0.0011294296024392
Fib 0.618: 0.0008628842162635489
Fib 0.786: 0.0004833958698439776
Fib 0.886: 0.0002575099493561375

Condition 1 - 5x Multiple Check:
Required: ATH (0.0022588592048784) >= First Open * 5 (6.078889445978582e-05)
Actual Multiple: 185.80x
✅ PASSED - 5x multiple condition

Condition 2 - Price in Fib Range Check:
Required: 0.0011294296024392 >= 0.0009370506755988 >= 0.0004833958698439776
✅ PASSED - Price in target range

Condition 3 - Post-ATH Price Check:
Lowest post-ATH price: 0.0006527726613808
Target Fib level price: 0.0004833958698439776
✅ PASSED - Price maintained above target fib level

Condition 4 - Check for Large Price Drops:
Maximum price drop in a single candle: 16.73%
Maximum allowed drop: 50%
✅ PASSED - No excessive price drops found

TOKEN QUALIFIED - Passed all conditions!

==================================================
Analyzing Token: FhQjKRfcwPkBHuuJzdxbfgQcTnyxuiMi1kxvfTxkpump
==================================================

Initial Values:
First Open: 7.725913236382373e-06
ATH Close: 0.001760021227947
Current Price: 0.0007790489717241
ATH Multiple from First Open: 227.81x

Fibonacci Price Levels:
Fib 0.236: 0.0013446562181515082
Fib 0.382: 0.001087693118871246
Fib 0.5: 0.0008800106139735
Fib 0.618: 0.0006723281090757541
Fib 0.786: 0.0003766445427806581
Fib 0.886: 0.0002006424199859579

Condition 1 - 5x Multiple Check:
Required: ATH (0.001760021227947) >= First Open * 5 (3.8629566181911866e-05)
Actual Multiple: 227.81x
✅ PASSED - 5x multiple condition

Condition 2 - Price in Fib Range Check:
Required: 0.0008800106139735 >= 0.0007790489717241 >= 0.0003766445427806581
✅ PASSED - Price in target range

Condition 3 - Post-ATH Price Check:
Lowest post-ATH price: 0.0002436256100838
Target Fib level price: 0.0003766445427806581
❌ FAILED - Price went below target fib level after ATH

Found 3 tokens passing Fibonacci criteria
Found 3 new tokens for bubblemap analysis

Analyzing bubblemap for token: tqrRt3AsuGa3aYYSvABMDrPJEWVzpAnh3p6LxXGpump
Connecting to 91.108.56.131:443/TcpFull...
Connecting to 91.108.56.131:443/TcpFull...
Connecting to 91.108.56.131:443/TcpFull...
Connecting to 91.108.56.131:443/TcpFull...
Connection to 91.108.56.131:443/TcpFull complete!
Connection to 91.108.56.131:443/TcpFull complete!
Connection to 91.108.56.131:443/TcpFull complete!
Connection to 91.108.56.131:443/TcpFull complete!
Sending command: /s tqrRt3AsuGa3aYYSvABMDrPJEWVzpAnh3p6LxXGpump
Sending command: /s tqrRt3AsuGa3aYYSvABMDrPJEWVzpAnh3p6LxXGpump
Received bubble data:
Token Name: ponzi dot marke**
Largest individual cluster: 4.83%
Maximum allowed cluster: 6%
✅ PASSED - No clusters exceed maximum percentage
🎯 Token passed all bubblemap criteria!
Disconnecting from 91.108.56.131:443/TcpFull...
Disconnecting from 91.108.56.131:443/TcpFull...
Disconnecting from 91.108.56.131:443/TcpFull...
Disconnecting from 91.108.56.131:443/TcpFull...
Disconnection from 91.108.56.131:443/TcpFull complete!
Disconnection from 91.108.56.131:443/TcpFull complete!
Disconnection from 91.108.56.131:443/TcpFull complete!
Disconnection from 91.108.56.131:443/TcpFull complete!
Disconnected from Telegram
Disconnected from Telegram

Analyzing bubblemap for token: 68YY6KjfnmPuQubYkFTsmXGaF2FuwcxumWLFxb6cpump
Connecting to 91.108.56.131:443/TcpFull...
Connecting to 91.108.56.131:443/TcpFull...
Connecting to 91.108.56.131:443/TcpFull...
Connecting to 91.108.56.131:443/TcpFull...
Connection to 91.108.56.131:443/TcpFull complete!
Connection to 91.108.56.131:443/TcpFull complete!
Connection to 91.108.56.131:443/TcpFull complete!
Connection to 91.108.56.131:443/TcpFull complete!
Sending command: /s 68YY6KjfnmPuQubYkFTsmXGaF2FuwcxumWLFxb6cpump
Sending command: /s 68YY6KjfnmPuQubYkFTsmXGaF2FuwcxumWLFxb6cpump
Got difference for account updates
Got difference for account updates
Got difference for account updates
Got difference for account updates
Got difference for channel 1924865773 updates
Got difference for channel 1924865773 updates
Got difference for channel 1924865773 updates
Got difference for channel 1924865773 updates
Got difference for account updates
Got difference for account updates
Got difference for account updates
Got difference for account updates
Timeout waiting for initial response, retrying...
Timeout waiting for initial response, retrying...
Sending command: /s 68YY6KjfnmPuQubYkFTsmXGaF2FuwcxumWLFxb6cpump
Sending command: /s 68YY6KjfnmPuQubYkFTsmXGaF2FuwcxumWLFxb6cpump
Got difference for account updates
Got difference for account updates
Got difference for account updates
Got difference for account updates
Got difference for account updates
Got difference for account updates
Got difference for account updates
Got difference for account updates
Got difference for channel 1924865773 updates
Got difference for channel 1924865773 updates
Got difference for channel 1924865773 updates
Got difference for channel 1924865773 updates
Got difference for account updates
Got difference for account updates
Got difference for account updates
Got difference for account updates
Got difference for account updates
Got difference for account updates
Got difference for account updates
Got difference for account updates
Got difference for channel 1924865773 updates
Got difference for channel 1924865773 updates
Got difference for channel 1924865773 updates
Got difference for channel 1924865773 updates
Got difference for channel 1924865773 updates
Got difference for channel 1924865773 updates
Got difference for channel 1924865773 updates
Got difference for channel 1924865773 updates
Got difference for channel 1924865773 updates
Got difference for channel 1924865773 updates
Got difference for channel 1924865773 updates
Got difference for channel 1924865773 updates
Got difference for channel 1924865773 updates
Got difference for channel 1924865773 updates
Got difference for channel 1924865773 updates
Got difference for channel 1924865773 updates
Got difference for channel 1924865773 updates
Got difference for channel 1924865773 updates
Got difference for channel 1924865773 updates
Got difference for channel 1924865773 updates
Sending command: /s 68YY6KjfnmPuQubYkFTsmXGaF2FuwcxumWLFxb6cpump
Sending command: /s 68YY6KjfnmPuQubYkFTsmXGaF2FuwcxumWLFxb6cpump
Got difference for account updates
Got difference for account updates
Got difference for account updates
Got difference for account updates
No buttons found in response
No buttons found in response
Sending command: /s 68YY6KjfnmPuQubYkFTsmXGaF2FuwcxumWLFxb6cpump
Sending command: /s 68YY6KjfnmPuQubYkFTsmXGaF2FuwcxumWLFxb6cpump
Received bubble data:
Token Name: gemxbt**
Largest individual cluster: 8.03%
Maximum allowed cluster: 6%
❌ REJECTED - Individual cluster 8.03% exceeds maximum 6%

Analyzing bubblemap for token: KnrmAHo1wW2fGqVXcSZSpo6kmiKam5vNbDByrURpump
Connecting to 91.108.56.131:443/TcpFull...
Connecting to 91.108.56.131:443/TcpFull...
Connecting to 91.108.56.131:443/TcpFull...
Connecting to 91.108.56.131:443/TcpFull...
Connection to 91.108.56.131:443/TcpFull complete!
Connection to 91.108.56.131:443/TcpFull complete!
Connection to 91.108.56.131:443/TcpFull complete!
Connection to 91.108.56.131:443/TcpFull complete!
Sending command: /s KnrmAHo1wW2fGqVXcSZSpo6kmiKam5vNbDByrURpump
Sending command: /s KnrmAHo1wW2fGqVXcSZSpo6kmiKam5vNbDByrURpump
Received bubble data:
Token Name: Convo.wtf**
Largest individual cluster: 3.2%
Maximum allowed cluster: 6%
✅ PASSED - No clusters exceed maximum percentage
🎯 Token passed all bubblemap criteria!
Disconnecting from 91.108.56.131:443/TcpFull...
Disconnecting from 91.108.56.131:443/TcpFull...
Disconnecting from 91.108.56.131:443/TcpFull...
Disconnecting from 91.108.56.131:443/TcpFull...
Disconnection from 91.108.56.131:443/TcpFull complete!
Disconnection from 91.108.56.131:443/TcpFull complete!
Disconnection from 91.108.56.131:443/TcpFull complete!
Disconnection from 91.108.56.131:443/TcpFull complete!
Disconnected from Telegram
Disconnected from Telegram
Saved 2 new qualifying tokens to /Users/dhruvmudambi/Desktop/Coding/Birdeye_Dashboard/Bots/Fib/Data/New_Token_Data/2024_12_12/Results/2024_Dec_12_0755PM/qualified_tokens.csv

Analysis cycle completed
Waiting 10 seconds before next cycle...
