2024-11-22 04:55:16,210 - ERROR - Error processing token AcJTj14wb9VjVtVrR7E7eoxeK4HayqZ9bPdNvkiEpump: 'ATH_Price'
2024-11-22 04:55:16,210 - ERROR - Error processing token ESn52mvYR7Yo1XyUe1zJRqfe3VorGXwndFB14H93pump: 'ATH_Price'
2024-11-22 04:55:16,210 - ERROR - Error processing token CSr7HhUyBxatPMuTqAs3Z33fwQ4dx8cNAArMert1pump: 'ATH_Price'
2024-11-22 04:55:16,210 - ERROR - Error processing token 9eF4iX4BzeKnvJ7gSw5L725jk48zJw2m66NFxHHvpump: 'ATH_Price'
2024-11-22 04:55:16,210 - ERROR - Error processing token CEhFvMotKm3zucKUBEHVvTaxQ4e9QVPaAjSfkzFLpump: 'ATH_Price'
2024-11-22 04:55:16,210 - ERROR - Error processing token 7p2Rs9KkiWNKZkWNDFUCxG7EUBxbCByQC95fCNQ8pump: 'ATH_Price'
2024-11-22 04:55:16,210 - ERROR - Error processing token CQAjHrpdwSXkMAwwSf6XkKYi92LMXNAwzdvE3exhMKRx: 'ATH_Price'
2024-11-22 04:55:16,210 - ERROR - Error processing token AR93GKHVzGKsY5MVUur8S9yq2KucVL62job4qsdhpump: 'ATH_Price'
2024-11-22 04:55:16,210 - ERROR - Error processing token 9yfTr7qNbbHHHKsecmSMwPZHU5ixNVzK1XpZY2Npump: 'ATH_Price'
2024-11-22 04:55:16,210 - ERROR - Error processing token B5hfPmp6yziYuLw7VbeZ5mge359H3Y8KhqyjN9M4pump: 'ATH_Price'
2024-11-22 04:55:16,210 - ERROR - Error processing token AcJTj14wb9VjVtVrR7E7eoxeK4HayqZ9bPdNvkiEpump: 'ATH_Price'
2024-11-22 04:55:16,210 - ERROR - Error processing token ESn52mvYR7Yo1XyUe1zJRqfe3VorGXwndFB14H93pump: 'ATH_Price'
2024-11-22 04:55:16,210 - ERROR - Error processing token CSr7HhUyBxatPMuTqAs3Z33fwQ4dx8cNAArMert1pump: 'ATH_Price'
2024-11-22 04:55:16,210 - ERROR - Error processing token 9eF4iX4BzeKnvJ7gSw5L725jk48zJw2m66NFxHHvpump: 'ATH_Price'
2024-11-22 04:55:16,210 - ERROR - Error processing token CEhFvMotKm3zucKUBEHVvTaxQ4e9QVPaAjSfkzFLpump: 'ATH_Price'
2024-11-22 04:55:16,210 - ERROR - Error processing token 7p2Rs9KkiWNKZkWNDFUCxG7EUBxbCByQC95fCNQ8pump: 'ATH_Price'
2024-11-22 04:55:16,210 - ERROR - Error processing token CQAjHrpdwSXkMAwwSf6XkKYi92LMXNAwzdvE3exhMKRx: 'ATH_Price'
2024-11-22 04:55:16,211 - ERROR - Error processing token AR93GKHVzGKsY5MVUur8S9yq2KucVL62job4qsdhpump: 'ATH_Price'
2024-11-22 04:55:16,211 - ERROR - Error processing token 9yfTr7qNbbHHHKsecmSMwPZHU5ixNVzK1XpZY2Npump: 'ATH_Price'
2024-11-22 04:55:16,211 - ERROR - Error processing token B5hfPmp6yziYuLw7VbeZ5mge359H3Y8KhqyjN9M4pump: 'ATH_Price'
2024-11-22 04:55:16,211 - ERROR - Error processing token AcJTj14wb9VjVtVrR7E7eoxeK4HayqZ9bPdNvkiEpump: 'ATH_Price'
2024-11-22 04:55:16,211 - ERROR - Error processing token ESn52mvYR7Yo1XyUe1zJRqfe3VorGXwndFB14H93pump: 'ATH_Price'
2024-11-22 04:55:16,211 - ERROR - Error processing token CSr7HhUyBxatPMuTqAs3Z33fwQ4dx8cNAArMert1pump: 'ATH_Price'
2024-11-22 04:55:16,211 - ERROR - Error processing token 9eF4iX4BzeKnvJ7gSw5L725jk48zJw2m66NFxHHvpump: 'ATH_Price'
2024-11-22 04:55:16,211 - ERROR - Error processing token CEhFvMotKm3zucKUBEHVvTaxQ4e9QVPaAjSfkzFLpump: 'ATH_Price'
2024-11-22 04:55:16,211 - ERROR - Error processing token 7p2Rs9KkiWNKZkWNDFUCxG7EUBxbCByQC95fCNQ8pump: 'ATH_Price'
2024-11-22 04:55:16,211 - ERROR - Error processing token CQAjHrpdwSXkMAwwSf6XkKYi92LMXNAwzdvE3exhMKRx: 'ATH_Price'
2024-11-22 04:55:16,211 - ERROR - Error processing token AR93GKHVzGKsY5MVUur8S9yq2KucVL62job4qsdhpump: 'ATH_Price'
2024-11-22 04:55:16,211 - ERROR - Error processing token 9yfTr7qNbbHHHKsecmSMwPZHU5ixNVzK1XpZY2Npump: 'ATH_Price'
2024-11-22 04:55:16,211 - ERROR - Error processing token B5hfPmp6yziYuLw7VbeZ5mge359H3Y8KhqyjN9M4pump: 'ATH_Price'
2024-11-22 04:55:16,211 - ERROR - Error processing token AcJTj14wb9VjVtVrR7E7eoxeK4HayqZ9bPdNvkiEpump: 'ATH_Price'
2024-11-22 04:55:16,211 - ERROR - Error processing token ESn52mvYR7Yo1XyUe1zJRqfe3VorGXwndFB14H93pump: 'ATH_Price'
2024-11-22 04:55:16,211 - ERROR - Error processing token CSr7HhUyBxatPMuTqAs3Z33fwQ4dx8cNAArMert1pump: 'ATH_Price'
2024-11-22 04:55:16,211 - ERROR - Error processing token 9eF4iX4BzeKnvJ7gSw5L725jk48zJw2m66NFxHHvpump: 'ATH_Price'
2024-11-22 04:55:16,211 - ERROR - Error processing token CEhFvMotKm3zucKUBEHVvTaxQ4e9QVPaAjSfkzFLpump: 'ATH_Price'
2024-11-22 04:55:16,211 - ERROR - Error processing token 7p2Rs9KkiWNKZkWNDFUCxG7EUBxbCByQC95fCNQ8pump: 'ATH_Price'
2024-11-22 04:55:16,211 - ERROR - Error processing token CQAjHrpdwSXkMAwwSf6XkKYi92LMXNAwzdvE3exhMKRx: 'ATH_Price'
2024-11-22 04:55:16,211 - ERROR - Error processing token AR93GKHVzGKsY5MVUur8S9yq2KucVL62job4qsdhpump: 'ATH_Price'
2024-11-22 04:55:16,211 - ERROR - Error processing token 9yfTr7qNbbHHHKsecmSMwPZHU5ixNVzK1XpZY2Npump: 'ATH_Price'
2024-11-22 04:55:16,211 - ERROR - Error processing token B5hfPmp6yziYuLw7VbeZ5mge359H3Y8KhqyjN9M4pump: 'ATH_Price'
2024-11-22 04:55:16,212 - ERROR - Data for ATH_Price is not a DataFrame
2024-11-22 04:55:16,212 - ERROR - Invalid token data structure
