Logging to file: /Users/dhruvmudambi/Desktop/Coding/Birdeye_Dashboard/Bots/Fib/Data/New_Token_Data/2024_12_12/Logs/2024_Dec_12_0812PM/token_finder_log_2024_12_12_201214.log
Starting new analysis cycle
Running Token Generator...
Token Generator path: /Users/dhruvmudambi/Desktop/Coding/Birdeye_Dashboard/Bots/Fib/Execution_Algo/token_generator.py
File exists: True
PYTHONPATH set to: /Users/dhruvmudambi/Desktop/Coding/Birdeye_Dashboard:/Users/dhruvmudambi/Desktop/Coding/Birdeye_Dashboard/Bots/Fib
Changed directory to: /Users/dhruvmudambi/Desktop/Coding/Birdeye_Dashboard/Bots/Fib/Execution_Algo
2024-12-12 20:12:17,762 - INFO - Starting script execution...
2024-12-12 20:12:17,762 - INFO - Starting to fetch token list with parameters: sort_by=mc, sort_type=asc, min_liquidity=100000, min_volume_24h=1000000, min_market_cap=500000, max_market_cap=1000000, total_tokens=750, chain=solana
2024-12-12 20:12:17,762 - INFO - Fetching tokens with offset: 0
2024-12-12 20:12:21,188 - INFO - Fetched 0 tokens at offset 0 that meet the criteria.
2024-12-12 20:12:21,262 - INFO - Fetching tokens with offset: 50
2024-12-12 20:12:22,349 - INFO - Fetched 0 tokens at offset 50 that meet the criteria.
2024-12-12 20:12:22,420 - INFO - Fetching tokens with offset: 100
2024-12-12 20:12:23,501 - INFO - Fetched 0 tokens at offset 100 that meet the criteria.
2024-12-12 20:12:23,576 - INFO - Fetching tokens with offset: 150
2024-12-12 20:12:24,631 - INFO - Fetched 0 tokens at offset 150 that meet the criteria.
2024-12-12 20:12:24,708 - INFO - Fetching tokens with offset: 200
2024-12-12 20:12:26,217 - INFO - Fetched 0 tokens at offset 200 that meet the criteria.
2024-12-12 20:12:26,288 - INFO - Fetching tokens with offset: 250
2024-12-12 20:12:27,095 - INFO - Fetched 0 tokens at offset 250 that meet the criteria.
2024-12-12 20:12:27,166 - INFO - Fetching tokens with offset: 300
2024-12-12 20:12:28,187 - INFO - Fetched 0 tokens at offset 300 that meet the criteria.
2024-12-12 20:12:28,260 - INFO - Fetching tokens with offset: 350
2024-12-12 20:12:29,233 - INFO - Fetched 0 tokens at offset 350 that meet the criteria.
2024-12-12 20:12:29,304 - INFO - Fetching tokens with offset: 400
2024-12-12 20:12:30,742 - INFO - Fetched 0 tokens at offset 400 that meet the criteria.
2024-12-12 20:12:30,812 - INFO - Fetching tokens with offset: 450
2024-12-12 20:12:31,608 - INFO - Fetched 0 tokens at offset 450 that meet the criteria.
2024-12-12 20:12:31,681 - INFO - Fetching tokens with offset: 500
2024-12-12 20:12:32,561 - INFO - Fetched 0 tokens at offset 500 that meet the criteria.
2024-12-12 20:12:32,636 - INFO - Fetching tokens with offset: 550
2024-12-12 20:12:33,716 - INFO - Fetched 0 tokens at offset 550 that meet the criteria.
2024-12-12 20:12:33,789 - INFO - Fetching tokens with offset: 600
2024-12-12 20:12:34,810 - INFO - Fetched 0 tokens at offset 600 that meet the criteria.
2024-12-12 20:12:34,881 - INFO - Fetching tokens with offset: 650
2024-12-12 20:12:35,989 - INFO - Fetched 0 tokens at offset 650 that meet the criteria.
2024-12-12 20:12:36,060 - INFO - Fetching tokens with offset: 700
2024-12-12 20:12:37,217 - INFO - Fetched 0 tokens at offset 700 that meet the criteria.
2024-12-12 20:12:37,289 - INFO - Fetching tokens with offset: 750
2024-12-12 20:12:38,197 - INFO - Fetched 0 tokens at offset 750 that meet the criteria.
2024-12-12 20:12:38,274 - INFO - Fetching tokens with offset: 800
2024-12-12 20:12:39,383 - INFO - Fetched 0 tokens at offset 800 that meet the criteria.
2024-12-12 20:12:39,454 - INFO - Fetching tokens with offset: 850
2024-12-12 20:12:40,604 - INFO - Fetched 0 tokens at offset 850 that meet the criteria.
2024-12-12 20:12:40,676 - INFO - Fetching tokens with offset: 900
2024-12-12 20:12:41,495 - INFO - Fetched 0 tokens at offset 900 that meet the criteria.
2024-12-12 20:12:41,567 - INFO - Fetching tokens with offset: 950
2024-12-12 20:12:42,656 - INFO - Fetched 0 tokens at offset 950 that meet the criteria.
2024-12-12 20:12:42,730 - INFO - Fetching tokens with offset: 1000
2024-12-12 20:12:43,670 - INFO - Fetched 0 tokens at offset 1000 that meet the criteria.
2024-12-12 20:12:43,744 - INFO - Fetching tokens with offset: 1050
2024-12-12 20:12:45,534 - INFO - Fetched 0 tokens at offset 1050 that meet the criteria.
2024-12-12 20:12:45,606 - INFO - Fetching tokens with offset: 1100
2024-12-12 20:12:47,000 - INFO - Fetched 0 tokens at offset 1100 that meet the criteria.
2024-12-12 20:12:47,075 - INFO - Fetching tokens with offset: 1150
2024-12-12 20:12:48,270 - INFO - Fetched 0 tokens at offset 1150 that meet the criteria.
2024-12-12 20:12:48,342 - INFO - Fetching tokens with offset: 1200
2024-12-12 20:12:49,496 - INFO - Fetched 0 tokens at offset 1200 that meet the criteria.
2024-12-12 20:12:49,570 - INFO - Fetching tokens with offset: 1250
2024-12-12 20:12:50,643 - INFO - Fetched 0 tokens at offset 1250 that meet the criteria.
2024-12-12 20:12:50,718 - INFO - Fetching tokens with offset: 1300
2024-12-12 20:12:51,807 - INFO - Fetched 0 tokens at offset 1300 that meet the criteria.
2024-12-12 20:12:51,878 - INFO - Fetching tokens with offset: 1350
2024-12-12 20:12:52,794 - INFO - Fetched 0 tokens at offset 1350 that meet the criteria.
2024-12-12 20:12:52,866 - INFO - Fetching tokens with offset: 1400
2024-12-12 20:12:53,744 - INFO - Fetched 0 tokens at offset 1400 that meet the criteria.
2024-12-12 20:12:53,818 - INFO - Fetching tokens with offset: 1450
2024-12-12 20:12:54,807 - INFO - Fetched 0 tokens at offset 1450 that meet the criteria.
2024-12-12 20:12:54,881 - INFO - Fetching tokens with offset: 1500
2024-12-12 20:12:55,938 - INFO - Fetched 1 tokens at offset 1500 that meet the criteria.
2024-12-12 20:12:56,009 - INFO - Fetching tokens with offset: 1550
2024-12-12 20:12:56,884 - INFO - Fetched 2 tokens at offset 1550 that meet the criteria.
2024-12-12 20:12:56,954 - INFO - Fetching tokens with offset: 1600
2024-12-12 20:12:58,085 - INFO - Fetched 8 tokens at offset 1600 that meet the criteria.
2024-12-12 20:12:58,157 - INFO - Fetching tokens with offset: 1650
2024-12-12 20:12:59,860 - INFO - Fetched 5 tokens at offset 1650 that meet the criteria.
2024-12-12 20:12:59,936 - INFO - Fetching tokens with offset: 1700
2024-12-12 20:13:01,220 - INFO - Fetched 3 tokens at offset 1700 that meet the criteria.
2024-12-12 20:13:01,291 - INFO - Fetching tokens with offset: 1750
2024-12-12 20:13:02,133 - INFO - Fetched 6 tokens at offset 1750 that meet the criteria.
2024-12-12 20:13:02,205 - INFO - Fetching tokens with offset: 1800
2024-12-12 20:13:03,275 - INFO - Fetched 7 tokens at offset 1800 that meet the criteria.
2024-12-12 20:13:03,355 - INFO - Fetching tokens with offset: 1850
2024-12-12 20:13:04,541 - INFO - Fetched 2 tokens at offset 1850 that meet the criteria.
2024-12-12 20:13:04,614 - INFO - Fetching tokens with offset: 1900
2024-12-12 20:13:05,465 - INFO - Fetched 0 tokens at offset 1900 that meet the criteria.
2024-12-12 20:13:05,539 - INFO - Fetching tokens with offset: 1950
2024-12-12 20:13:06,681 - INFO - Fetched 0 tokens at offset 1950 that meet the criteria.
2024-12-12 20:13:06,754 - INFO - Fetching tokens with offset: 2000
2024-12-12 20:13:07,762 - INFO - Fetched 0 tokens at offset 2000 that meet the criteria.
2024-12-12 20:13:07,833 - INFO - Fetching tokens with offset: 2050
2024-12-12 20:13:08,845 - INFO - Fetched 0 tokens at offset 2050 that meet the criteria.
2024-12-12 20:13:08,915 - INFO - Fetching tokens with offset: 2100
2024-12-12 20:13:10,584 - INFO - Fetched 0 tokens at offset 2100 that meet the criteria.
2024-12-12 20:13:10,662 - INFO - Fetching tokens with offset: 2150
2024-12-12 20:13:11,630 - INFO - Fetched 0 tokens at offset 2150 that meet the criteria.
2024-12-12 20:13:11,704 - INFO - Fetching tokens with offset: 2200
2024-12-12 20:13:12,765 - INFO - Fetched 0 tokens at offset 2200 that meet the criteria.
2024-12-12 20:13:12,842 - INFO - Total tokens fetched and filtered: 34
2024-12-12 20:13:12,847 - INFO - Preparing to fetch overview data for filtered tokens...
2024-12-12 20:13:12,847 - INFO - Fetching token overview data for 34 tokens...
2024-12-12 20:13:14,365 - INFO - Successfully fetched overview data for token: 6kJhG826LGowg7zG6PLd6tg7mqvVSdq2WzHhsfc7pump
2024-12-12 20:13:15,280 - INFO - Successfully fetched overview data for token: 6AH9xWmRkjsKL3wnMTixhWrht6ZgCsngfUCwt8pDpump
2024-12-12 20:13:16,033 - INFO - Successfully fetched overview data for token: ATEWnH7CyLUyDAYVnUS4jxBi243SWUnBmmpRf3QRpump
2024-12-12 20:13:17,117 - INFO - Successfully fetched overview data for token: FuVVu23hbFcXiiEM7ASp1CKY38DA3M7E626kGf7Upump
2024-12-12 20:13:17,993 - INFO - Successfully fetched overview data for token: AU1rxhY276GepM4bm7VaYrgVPJW7tg4z2MtR2jfPpump
2024-12-12 20:13:18,749 - INFO - Successfully fetched overview data for token: 7VwxiPZeSYfQbQxqorGBctSyorPMJusrGDFkX5TFpump
2024-12-12 20:13:19,589 - INFO - Successfully fetched overview data for token: 2ru7VX6NnaZ78znCtgGmYs2PdcAQRCr3UaPfRkDUpump
2024-12-12 20:13:20,397 - INFO - Successfully fetched overview data for token: H3c9RZhvCzxQSmLULh4RsJC8GuK9rVNV2bcoLhMQmoon
2024-12-12 20:13:21,180 - INFO - Successfully fetched overview data for token: SWKT3Sksvtcepkn7MRn74WPUNH1Lo8H25MAogVepump
2024-12-12 20:13:22,387 - INFO - Successfully fetched overview data for token: FN9tn6JQzegrUuHx7CyXyNsiSBZkRyoaHZuKF1Smpump
2024-12-12 20:13:23,229 - INFO - Successfully fetched overview data for token: 5oDWr3xbRxJZ74VhDF5H4UnnSEstPJT7tJm4c5EFpump
2024-12-12 20:13:23,963 - INFO - Successfully fetched overview data for token: 4J5HoZWoKcbo2JQxEEVCKRBfUQtEroY1QdRrKtZFpump
2024-12-12 20:13:24,769 - INFO - Successfully fetched overview data for token: 5eNQJ87WnfMMfgNrc8qSJNTGmMyFqmQdnDYY9phApump
2024-12-12 20:13:26,096 - INFO - Successfully fetched overview data for token: AkukwSXUTkDSeh2c1ypyvN4unzyr4xb2T4SmKkix6bT8
2024-12-12 20:13:27,661 - INFO - Successfully fetched overview data for token: 98geVJZfj1JkzyRePEFRr2AHjLcs1TDwSptcVjMC2Eks
2024-12-12 20:13:28,520 - INFO - Successfully fetched overview data for token: H758qwhw8YHLbDYmJsdN6Jta2ioguZ53PY6Qcisupump
2024-12-12 20:13:29,311 - INFO - Successfully fetched overview data for token: tqrRt3AsuGa3aYYSvABMDrPJEWVzpAnh3p6LxXGpump
2024-12-12 20:13:30,052 - INFO - Successfully fetched overview data for token: uSy45a8ZvRCdnWriPaAuiRHygrRPChSvHM53Myapump
2024-12-12 20:13:31,048 - INFO - Successfully fetched overview data for token: Ho6wN4ff7RdTdXE1UsCZjrjuFVMHyRFTv1oBdbSECnJS
2024-12-12 20:13:32,174 - INFO - Successfully fetched overview data for token: FRpTyMBDavKsdYN1FQZcEeZ2iwGvHaZKFSkvr5izpump
2024-12-12 20:13:34,814 - INFO - Successfully fetched overview data for token: 53y7vfLWuU4qyNCZJFUzh3JrSZAeKr8aPoUmLh7wXaX6
2024-12-12 20:13:35,655 - INFO - Successfully fetched overview data for token: 68YY6KjfnmPuQubYkFTsmXGaF2FuwcxumWLFxb6cpump
2024-12-12 20:13:36,567 - INFO - Successfully fetched overview data for token: DyT6mdhiAYbHPML2AVXviGVxMQbc6Z3VmPZ2MQG6pump
2024-12-12 20:13:37,568 - INFO - Successfully fetched overview data for token: Lb3KuoAStXZdiS7JmhEQKZrU336NUdoWHMDx6A59TkP
2024-12-12 20:13:38,317 - INFO - Successfully fetched overview data for token: 2hZWncnmsSMdbkdwzSHJfrnDVkL66g63gncdRWqjTbBB
2024-12-12 20:13:39,214 - INFO - Successfully fetched overview data for token: ABAGcLC6hoapG3xFcBkwaXzmdFzdH7nup2JD1feapump
2024-12-12 20:13:40,058 - INFO - Successfully fetched overview data for token: Dn4noZ5jgGfkntzcQSUZ8czkreiZ1ForXYoV2H8Dm7S1
2024-12-12 20:13:41,023 - INFO - Successfully fetched overview data for token: WhZEoFj5uejcq392GeYEC7Fmwr5q49wyq9jD5U3pump
2024-12-12 20:13:41,779 - INFO - Successfully fetched overview data for token: 73rzMJ8uEqjAf5vE1YPGrXbg7Cb2Yv85EoxpJh2mpump
2024-12-12 20:13:42,657 - INFO - Successfully fetched overview data for token: 5v62ivFK6pAERaZC8ysBD66dCJS83MbqyVAmXYddbM78
2024-12-12 20:13:43,606 - INFO - Successfully fetched overview data for token: DTTLrCGbqn6fmNuKjGYqWFeQU5Hz153f5C3pNnxepump
2024-12-12 20:13:44,465 - INFO - Successfully fetched overview data for token: 9gP2kCy3wA1ctvYWQk75guqXuHfrEomqydHLtcTCqiLa
2024-12-12 20:13:45,298 - INFO - Successfully fetched overview data for token: HkVs1CuNJhTxniwL7tmgn9s8B3o5F9NXRywNa4dZDsCk
2024-12-12 20:13:46,285 - INFO - Successfully fetched overview data for token: KnrmAHo1wW2fGqVXcSZSpo6kmiKam5vNbDByrURpump
2024-12-12 20:13:46,360 - INFO - Finished fetching token overview data.
2024-12-12 20:13:46,433 - INFO - Token list fetching and processing complete.
2024-12-12 20:13:46,440 - INFO - Token data saved to token_data.csv
2024-12-12 20:13:46,440 - INFO - Script execution completed.
Token Generator completed successfully
Returned to directory: /Users/dhruvmudambi/Desktop/Coding/Birdeye_Dashboard/Bots/Fib/Execution_Algo
Importing token data from token_data.csv...
Found 34 token addresses in token_data.csv
Performing Rugcheck Analysis on token addresses...
Token: 6AH9xWmRkjsKL3wnMTixhWrht6ZgCsngfUCwt8pDpump, Score: 200
Token: 6AH9xWmRkjsKL3wnMTixhWrht6ZgCsngfUCwt8pDpump, Score: 200
Token: 6AH9xWmRkjsKL3wnMTixhWrht6ZgCsngfUCwt8pDpump, Score: 200
Token: 6kJhG826LGowg7zG6PLd6tg7mqvVSdq2WzHhsfc7pump, Score: 0
Token: 6kJhG826LGowg7zG6PLd6tg7mqvVSdq2WzHhsfc7pump, Score: 0
Token: 6kJhG826LGowg7zG6PLd6tg7mqvVSdq2WzHhsfc7pump, Score: 0
Token: 6kJhG826LGowg7zG6PLd6tg7mqvVSdq2WzHhsfc7pump, Score: 0
Token: 6AH9xWmRkjsKL3wnMTixhWrht6ZgCsngfUCwt8pDpump, Score: 200
Token: FuVVu23hbFcXiiEM7ASp1CKY38DA3M7E626kGf7Upump, Score: 300
Token: FuVVu23hbFcXiiEM7ASp1CKY38DA3M7E626kGf7Upump, Score: 300
Token: FuVVu23hbFcXiiEM7ASp1CKY38DA3M7E626kGf7Upump, Score: 300
Token: ATEWnH7CyLUyDAYVnUS4jxBi243SWUnBmmpRf3QRpump, Score: 2400
Token: ATEWnH7CyLUyDAYVnUS4jxBi243SWUnBmmpRf3QRpump, Score: 2400
Token: ATEWnH7CyLUyDAYVnUS4jxBi243SWUnBmmpRf3QRpump, Score: 2400
Token: ATEWnH7CyLUyDAYVnUS4jxBi243SWUnBmmpRf3QRpump, Score: 2400
Token: FuVVu23hbFcXiiEM7ASp1CKY38DA3M7E626kGf7Upump, Score: 300
Token: AU1rxhY276GepM4bm7VaYrgVPJW7tg4z2MtR2jfPpump, Score: 100
Token: AU1rxhY276GepM4bm7VaYrgVPJW7tg4z2MtR2jfPpump, Score: 100
Token: AU1rxhY276GepM4bm7VaYrgVPJW7tg4z2MtR2jfPpump, Score: 100
Token: 7VwxiPZeSYfQbQxqorGBctSyorPMJusrGDFkX5TFpump, Score: 400
Token: 7VwxiPZeSYfQbQxqorGBctSyorPMJusrGDFkX5TFpump, Score: 400
Token: 7VwxiPZeSYfQbQxqorGBctSyorPMJusrGDFkX5TFpump, Score: 400
Token: AU1rxhY276GepM4bm7VaYrgVPJW7tg4z2MtR2jfPpump, Score: 100
Token: 7VwxiPZeSYfQbQxqorGBctSyorPMJusrGDFkX5TFpump, Score: 400
Token: H3c9RZhvCzxQSmLULh4RsJC8GuK9rVNV2bcoLhMQmoon, Score: 500
Token: H3c9RZhvCzxQSmLULh4RsJC8GuK9rVNV2bcoLhMQmoon, Score: 500
Token: H3c9RZhvCzxQSmLULh4RsJC8GuK9rVNV2bcoLhMQmoon, Score: 500
Error fetching rugcheck data for 2ru7VX6NnaZ78znCtgGmYs2PdcAQRCr3UaPfRkDUpump: 400, message='Bad Request', url=URL('https://api.rugcheck.xyz/v1/tokens/2ru7VX6NnaZ78znCtgGmYs2PdcAQRCr3UaPfRkDUpump/report/summary')
Error fetching rugcheck data for 2ru7VX6NnaZ78znCtgGmYs2PdcAQRCr3UaPfRkDUpump: 400, message='Bad Request', url=URL('https://api.rugcheck.xyz/v1/tokens/2ru7VX6NnaZ78znCtgGmYs2PdcAQRCr3UaPfRkDUpump/report/summary')
Retry 1/5 for 2ru7VX6NnaZ78znCtgGmYs2PdcAQRCr3UaPfRkDUpump
Token: 2ru7VX6NnaZ78znCtgGmYs2PdcAQRCr3UaPfRkDUpump, Score: 200
Token: 2ru7VX6NnaZ78znCtgGmYs2PdcAQRCr3UaPfRkDUpump, Score: 200
Token: 2ru7VX6NnaZ78znCtgGmYs2PdcAQRCr3UaPfRkDUpump, Score: 200
Token: 2ru7VX6NnaZ78znCtgGmYs2PdcAQRCr3UaPfRkDUpump, Score: 200
Token: H3c9RZhvCzxQSmLULh4RsJC8GuK9rVNV2bcoLhMQmoon, Score: 500
Token: SWKT3Sksvtcepkn7MRn74WPUNH1Lo8H25MAogVepump, Score: 400
Token: SWKT3Sksvtcepkn7MRn74WPUNH1Lo8H25MAogVepump, Score: 400
Token: SWKT3Sksvtcepkn7MRn74WPUNH1Lo8H25MAogVepump, Score: 400
Token: FN9tn6JQzegrUuHx7CyXyNsiSBZkRyoaHZuKF1Smpump, Score: 400
Token: FN9tn6JQzegrUuHx7CyXyNsiSBZkRyoaHZuKF1Smpump, Score: 400
Token: FN9tn6JQzegrUuHx7CyXyNsiSBZkRyoaHZuKF1Smpump, Score: 400
Token: SWKT3Sksvtcepkn7MRn74WPUNH1Lo8H25MAogVepump, Score: 400
Token: FN9tn6JQzegrUuHx7CyXyNsiSBZkRyoaHZuKF1Smpump, Score: 400
Token: 5oDWr3xbRxJZ74VhDF5H4UnnSEstPJT7tJm4c5EFpump, Score: 400
Token: 5oDWr3xbRxJZ74VhDF5H4UnnSEstPJT7tJm4c5EFpump, Score: 400
Token: 5oDWr3xbRxJZ74VhDF5H4UnnSEstPJT7tJm4c5EFpump, Score: 400
Token: 4J5HoZWoKcbo2JQxEEVCKRBfUQtEroY1QdRrKtZFpump, Score: 0
Token: 4J5HoZWoKcbo2JQxEEVCKRBfUQtEroY1QdRrKtZFpump, Score: 0
Token: 4J5HoZWoKcbo2JQxEEVCKRBfUQtEroY1QdRrKtZFpump, Score: 0
Token: 5oDWr3xbRxJZ74VhDF5H4UnnSEstPJT7tJm4c5EFpump, Score: 400
Token: 4J5HoZWoKcbo2JQxEEVCKRBfUQtEroY1QdRrKtZFpump, Score: 0
Rate limited for AkukwSXUTkDSeh2c1ypyvN4unzyr4xb2T4SmKkix6bT8, retrying in 0 seconds
Rate limited for AkukwSXUTkDSeh2c1ypyvN4unzyr4xb2T4SmKkix6bT8, retrying in 0 seconds
Error fetching rugcheck data for AkukwSXUTkDSeh2c1ypyvN4unzyr4xb2T4SmKkix6bT8: 429, message='Too Many Requests', url=URL('https://api.rugcheck.xyz/v1/tokens/AkukwSXUTkDSeh2c1ypyvN4unzyr4xb2T4SmKkix6bT8/report/summary')
Error fetching rugcheck data for AkukwSXUTkDSeh2c1ypyvN4unzyr4xb2T4SmKkix6bT8: 429, message='Too Many Requests', url=URL('https://api.rugcheck.xyz/v1/tokens/AkukwSXUTkDSeh2c1ypyvN4unzyr4xb2T4SmKkix6bT8/report/summary')
Retry 1/5 for AkukwSXUTkDSeh2c1ypyvN4unzyr4xb2T4SmKkix6bT8
Token: 5eNQJ87WnfMMfgNrc8qSJNTGmMyFqmQdnDYY9phApump, Score: 400
Token: 5eNQJ87WnfMMfgNrc8qSJNTGmMyFqmQdnDYY9phApump, Score: 400
Token: 5eNQJ87WnfMMfgNrc8qSJNTGmMyFqmQdnDYY9phApump, Score: 400
Rate limited for AkukwSXUTkDSeh2c1ypyvN4unzyr4xb2T4SmKkix6bT8, retrying in 0 seconds
Rate limited for AkukwSXUTkDSeh2c1ypyvN4unzyr4xb2T4SmKkix6bT8, retrying in 0 seconds
Error fetching rugcheck data for AkukwSXUTkDSeh2c1ypyvN4unzyr4xb2T4SmKkix6bT8: 429, message='Too Many Requests', url=URL('https://api.rugcheck.xyz/v1/tokens/AkukwSXUTkDSeh2c1ypyvN4unzyr4xb2T4SmKkix6bT8/report/summary')
Error fetching rugcheck data for AkukwSXUTkDSeh2c1ypyvN4unzyr4xb2T4SmKkix6bT8: 429, message='Too Many Requests', url=URL('https://api.rugcheck.xyz/v1/tokens/AkukwSXUTkDSeh2c1ypyvN4unzyr4xb2T4SmKkix6bT8/report/summary')
Retry 2/5 for AkukwSXUTkDSeh2c1ypyvN4unzyr4xb2T4SmKkix6bT8
Token: AkukwSXUTkDSeh2c1ypyvN4unzyr4xb2T4SmKkix6bT8, Score: 0
Token: AkukwSXUTkDSeh2c1ypyvN4unzyr4xb2T4SmKkix6bT8, Score: 0
Token: AkukwSXUTkDSeh2c1ypyvN4unzyr4xb2T4SmKkix6bT8, Score: 0
Token: 5eNQJ87WnfMMfgNrc8qSJNTGmMyFqmQdnDYY9phApump, Score: 400
Token: AkukwSXUTkDSeh2c1ypyvN4unzyr4xb2T4SmKkix6bT8, Score: 0
Token: 98geVJZfj1JkzyRePEFRr2AHjLcs1TDwSptcVjMC2Eks, Score: 300
Token: 98geVJZfj1JkzyRePEFRr2AHjLcs1TDwSptcVjMC2Eks, Score: 300
Token: 98geVJZfj1JkzyRePEFRr2AHjLcs1TDwSptcVjMC2Eks, Score: 300
Token: H758qwhw8YHLbDYmJsdN6Jta2ioguZ53PY6Qcisupump, Score: 400
Token: H758qwhw8YHLbDYmJsdN6Jta2ioguZ53PY6Qcisupump, Score: 400
Token: H758qwhw8YHLbDYmJsdN6Jta2ioguZ53PY6Qcisupump, Score: 400
Token: 98geVJZfj1JkzyRePEFRr2AHjLcs1TDwSptcVjMC2Eks, Score: 300
Token: H758qwhw8YHLbDYmJsdN6Jta2ioguZ53PY6Qcisupump, Score: 400
Token: tqrRt3AsuGa3aYYSvABMDrPJEWVzpAnh3p6LxXGpump, Score: 400
Token: tqrRt3AsuGa3aYYSvABMDrPJEWVzpAnh3p6LxXGpump, Score: 400
Token: tqrRt3AsuGa3aYYSvABMDrPJEWVzpAnh3p6LxXGpump, Score: 400
Token: uSy45a8ZvRCdnWriPaAuiRHygrRPChSvHM53Myapump, Score: 400
Token: uSy45a8ZvRCdnWriPaAuiRHygrRPChSvHM53Myapump, Score: 400
Token: uSy45a8ZvRCdnWriPaAuiRHygrRPChSvHM53Myapump, Score: 400
Token: tqrRt3AsuGa3aYYSvABMDrPJEWVzpAnh3p6LxXGpump, Score: 400
Token: uSy45a8ZvRCdnWriPaAuiRHygrRPChSvHM53Myapump, Score: 400
Token: FRpTyMBDavKsdYN1FQZcEeZ2iwGvHaZKFSkvr5izpump, Score: 300
Token: FRpTyMBDavKsdYN1FQZcEeZ2iwGvHaZKFSkvr5izpump, Score: 300
Token: FRpTyMBDavKsdYN1FQZcEeZ2iwGvHaZKFSkvr5izpump, Score: 300
Token: Ho6wN4ff7RdTdXE1UsCZjrjuFVMHyRFTv1oBdbSECnJS, Score: 16988
Token: Ho6wN4ff7RdTdXE1UsCZjrjuFVMHyRFTv1oBdbSECnJS, Score: 16988
Token: Ho6wN4ff7RdTdXE1UsCZjrjuFVMHyRFTv1oBdbSECnJS, Score: 16988
Token: Ho6wN4ff7RdTdXE1UsCZjrjuFVMHyRFTv1oBdbSECnJS, Score: 16988
Token: FRpTyMBDavKsdYN1FQZcEeZ2iwGvHaZKFSkvr5izpump, Score: 300
Token: 68YY6KjfnmPuQubYkFTsmXGaF2FuwcxumWLFxb6cpump, Score: 300
Token: 68YY6KjfnmPuQubYkFTsmXGaF2FuwcxumWLFxb6cpump, Score: 300
Token: 68YY6KjfnmPuQubYkFTsmXGaF2FuwcxumWLFxb6cpump, Score: 300
Token: 53y7vfLWuU4qyNCZJFUzh3JrSZAeKr8aPoUmLh7wXaX6, Score: 77500
Token: 53y7vfLWuU4qyNCZJFUzh3JrSZAeKr8aPoUmLh7wXaX6, Score: 77500
Token: 53y7vfLWuU4qyNCZJFUzh3JrSZAeKr8aPoUmLh7wXaX6, Score: 77500
Token: 53y7vfLWuU4qyNCZJFUzh3JrSZAeKr8aPoUmLh7wXaX6, Score: 77500
Token: 68YY6KjfnmPuQubYkFTsmXGaF2FuwcxumWLFxb6cpump, Score: 300
Rate limited for Lb3KuoAStXZdiS7JmhEQKZrU336NUdoWHMDx6A59TkP, retrying in 0 seconds
Rate limited for Lb3KuoAStXZdiS7JmhEQKZrU336NUdoWHMDx6A59TkP, retrying in 0 seconds
Error fetching rugcheck data for Lb3KuoAStXZdiS7JmhEQKZrU336NUdoWHMDx6A59TkP: 429, message='Too Many Requests', url=URL('https://api.rugcheck.xyz/v1/tokens/Lb3KuoAStXZdiS7JmhEQKZrU336NUdoWHMDx6A59TkP/report/summary')
Error fetching rugcheck data for Lb3KuoAStXZdiS7JmhEQKZrU336NUdoWHMDx6A59TkP: 429, message='Too Many Requests', url=URL('https://api.rugcheck.xyz/v1/tokens/Lb3KuoAStXZdiS7JmhEQKZrU336NUdoWHMDx6A59TkP/report/summary')
Retry 1/5 for Lb3KuoAStXZdiS7JmhEQKZrU336NUdoWHMDx6A59TkP
Token: DyT6mdhiAYbHPML2AVXviGVxMQbc6Z3VmPZ2MQG6pump, Score: 400
Token: DyT6mdhiAYbHPML2AVXviGVxMQbc6Z3VmPZ2MQG6pump, Score: 400
Token: DyT6mdhiAYbHPML2AVXviGVxMQbc6Z3VmPZ2MQG6pump, Score: 400
Token: Lb3KuoAStXZdiS7JmhEQKZrU336NUdoWHMDx6A59TkP, Score: 12911
Token: Lb3KuoAStXZdiS7JmhEQKZrU336NUdoWHMDx6A59TkP, Score: 12911
Token: Lb3KuoAStXZdiS7JmhEQKZrU336NUdoWHMDx6A59TkP, Score: 12911
Token: DyT6mdhiAYbHPML2AVXviGVxMQbc6Z3VmPZ2MQG6pump, Score: 400
Token: Lb3KuoAStXZdiS7JmhEQKZrU336NUdoWHMDx6A59TkP, Score: 12911
Token: 2hZWncnmsSMdbkdwzSHJfrnDVkL66g63gncdRWqjTbBB, Score: 54123
Token: 2hZWncnmsSMdbkdwzSHJfrnDVkL66g63gncdRWqjTbBB, Score: 54123
Token: 2hZWncnmsSMdbkdwzSHJfrnDVkL66g63gncdRWqjTbBB, Score: 54123
Token: ABAGcLC6hoapG3xFcBkwaXzmdFzdH7nup2JD1feapump, Score: 400
Token: ABAGcLC6hoapG3xFcBkwaXzmdFzdH7nup2JD1feapump, Score: 400
Token: ABAGcLC6hoapG3xFcBkwaXzmdFzdH7nup2JD1feapump, Score: 400
Token: 2hZWncnmsSMdbkdwzSHJfrnDVkL66g63gncdRWqjTbBB, Score: 54123
Token: ABAGcLC6hoapG3xFcBkwaXzmdFzdH7nup2JD1feapump, Score: 400
Got difference for account updates
Got difference for account updates
Got difference for account updates
Got difference for account updates
Token: WhZEoFj5uejcq392GeYEC7Fmwr5q49wyq9jD5U3pump, Score: 400
Token: WhZEoFj5uejcq392GeYEC7Fmwr5q49wyq9jD5U3pump, Score: 400
Token: WhZEoFj5uejcq392GeYEC7Fmwr5q49wyq9jD5U3pump, Score: 400
Token: Dn4noZ5jgGfkntzcQSUZ8czkreiZ1ForXYoV2H8Dm7S1, Score: 62100
Token: Dn4noZ5jgGfkntzcQSUZ8czkreiZ1ForXYoV2H8Dm7S1, Score: 62100
Token: Dn4noZ5jgGfkntzcQSUZ8czkreiZ1ForXYoV2H8Dm7S1, Score: 62100
Token: Dn4noZ5jgGfkntzcQSUZ8czkreiZ1ForXYoV2H8Dm7S1, Score: 62100
Token: WhZEoFj5uejcq392GeYEC7Fmwr5q49wyq9jD5U3pump, Score: 400
Token: 73rzMJ8uEqjAf5vE1YPGrXbg7Cb2Yv85EoxpJh2mpump, Score: 400
Token: 73rzMJ8uEqjAf5vE1YPGrXbg7Cb2Yv85EoxpJh2mpump, Score: 400
Token: 73rzMJ8uEqjAf5vE1YPGrXbg7Cb2Yv85EoxpJh2mpump, Score: 400
Token: 5v62ivFK6pAERaZC8ysBD66dCJS83MbqyVAmXYddbM78, Score: 500
Token: 5v62ivFK6pAERaZC8ysBD66dCJS83MbqyVAmXYddbM78, Score: 500
Token: 5v62ivFK6pAERaZC8ysBD66dCJS83MbqyVAmXYddbM78, Score: 500
Token: 73rzMJ8uEqjAf5vE1YPGrXbg7Cb2Yv85EoxpJh2mpump, Score: 400
Token: 5v62ivFK6pAERaZC8ysBD66dCJS83MbqyVAmXYddbM78, Score: 500
Token: DTTLrCGbqn6fmNuKjGYqWFeQU5Hz153f5C3pNnxepump, Score: 0
Token: DTTLrCGbqn6fmNuKjGYqWFeQU5Hz153f5C3pNnxepump, Score: 0
Token: DTTLrCGbqn6fmNuKjGYqWFeQU5Hz153f5C3pNnxepump, Score: 0
Token: 9gP2kCy3wA1ctvYWQk75guqXuHfrEomqydHLtcTCqiLa, Score: 62651
Token: 9gP2kCy3wA1ctvYWQk75guqXuHfrEomqydHLtcTCqiLa, Score: 62651
Token: 9gP2kCy3wA1ctvYWQk75guqXuHfrEomqydHLtcTCqiLa, Score: 62651
Token: DTTLrCGbqn6fmNuKjGYqWFeQU5Hz153f5C3pNnxepump, Score: 0
Token: 9gP2kCy3wA1ctvYWQk75guqXuHfrEomqydHLtcTCqiLa, Score: 62651
Rate limited for KnrmAHo1wW2fGqVXcSZSpo6kmiKam5vNbDByrURpump, retrying in 0 seconds
Rate limited for KnrmAHo1wW2fGqVXcSZSpo6kmiKam5vNbDByrURpump, retrying in 0 seconds
Error fetching rugcheck data for KnrmAHo1wW2fGqVXcSZSpo6kmiKam5vNbDByrURpump: 429, message='Too Many Requests', url=URL('https://api.rugcheck.xyz/v1/tokens/KnrmAHo1wW2fGqVXcSZSpo6kmiKam5vNbDByrURpump/report/summary')
Error fetching rugcheck data for KnrmAHo1wW2fGqVXcSZSpo6kmiKam5vNbDByrURpump: 429, message='Too Many Requests', url=URL('https://api.rugcheck.xyz/v1/tokens/KnrmAHo1wW2fGqVXcSZSpo6kmiKam5vNbDByrURpump/report/summary')
Retry 1/5 for KnrmAHo1wW2fGqVXcSZSpo6kmiKam5vNbDByrURpump
Token: HkVs1CuNJhTxniwL7tmgn9s8B3o5F9NXRywNa4dZDsCk, Score: 11399
Token: HkVs1CuNJhTxniwL7tmgn9s8B3o5F9NXRywNa4dZDsCk, Score: 11399
Token: HkVs1CuNJhTxniwL7tmgn9s8B3o5F9NXRywNa4dZDsCk, Score: 11399
Rate limited for KnrmAHo1wW2fGqVXcSZSpo6kmiKam5vNbDByrURpump, retrying in 0 seconds
Rate limited for KnrmAHo1wW2fGqVXcSZSpo6kmiKam5vNbDByrURpump, retrying in 0 seconds
Error fetching rugcheck data for KnrmAHo1wW2fGqVXcSZSpo6kmiKam5vNbDByrURpump: 429, message='Too Many Requests', url=URL('https://api.rugcheck.xyz/v1/tokens/KnrmAHo1wW2fGqVXcSZSpo6kmiKam5vNbDByrURpump/report/summary')
Error fetching rugcheck data for KnrmAHo1wW2fGqVXcSZSpo6kmiKam5vNbDByrURpump: 429, message='Too Many Requests', url=URL('https://api.rugcheck.xyz/v1/tokens/KnrmAHo1wW2fGqVXcSZSpo6kmiKam5vNbDByrURpump/report/summary')
Retry 2/5 for KnrmAHo1wW2fGqVXcSZSpo6kmiKam5vNbDByrURpump
Token: KnrmAHo1wW2fGqVXcSZSpo6kmiKam5vNbDByrURpump, Score: 400
Token: KnrmAHo1wW2fGqVXcSZSpo6kmiKam5vNbDByrURpump, Score: 400
Token: KnrmAHo1wW2fGqVXcSZSpo6kmiKam5vNbDByrURpump, Score: 400
Token: HkVs1CuNJhTxniwL7tmgn9s8B3o5F9NXRywNa4dZDsCk, Score: 11399
Token: KnrmAHo1wW2fGqVXcSZSpo6kmiKam5vNbDByrURpump, Score: 400

Rugcheck Summary:
Total tokens checked: 34
Successful checks: 34 (100.0%)
Failed checks: 0 (0.0%)
Low risk tokens after rugcheck: 27

Setting up OHLCV data paths...
OHLCV Data Structure:
├── Base Path: /Users/dhruvmudambi/Desktop/Coding/Birdeye_Dashboard/Bots/Fib/Data/New_Token_Data
├── Date Folder: 2024_12_12
│   ├── OHLCV_Data
│   │   └── 2024_Dec_12_0817PM
│   └── Token_Summary
│       └── 2024_Dec_12_0817PM

Saved token data summary to:
── /Users/dhruvmudambi/Desktop/Coding/Birdeye_Dashboard/Bots/Fib/Data/New_Token_Data/2024_12_12/Token_Summary/2024_Dec_12_0817PM/token_data.csv

==================================================
Starting OHLCV Data Collection
==================================================
OHLCV data will be saved to:
└── /Users/dhruvmudambi/Desktop/Coding/Birdeye_Dashboard/Bots/Fib/Data/New_Token_Data/2024_12_12/OHLCV_Data/2024_Dec_12_0817PM

Processing OHLCV data for 27 tokens

Token 1/27: 6kJhG826LGowg7zG6PLd6tg7mqvVSdq2WzHhsfc7pump

==================================================
Processing token: 6kJhG826LGowg7zG6PLd6tg7mqvVSdq2WzHhsfc7pump
==================================================

Fetching 15m data...
Requesting OHLCV data for token 6kJhG826LGowg7zG6PLd6tg7mqvVSdq2WzHhsfc7pump on 15m timeframe...
Successfully retrieved OHLCV data for 6kJhG826LGowg7zG6PLd6tg7mqvVSdq2WzHhsfc7pump (15m) - 1000 rows
✅ 15m data saved:
   └── Path: /Users/dhruvmudambi/Desktop/Coding/Birdeye_Dashboard/Bots/Fib/Data/New_Token_Data/2024_12_12/OHLCV_Data/2024_Dec_12_0817PM/6kJhG826LGowg7zG6PLd6tg7mqvVSdq2WzHhsfc7pump/15m.csv
   └── Rows: 1000
   └── Size: 170.43 KB

Token 6kJhG826LGowg7zG6PLd6tg7mqvVSdq2WzHhsfc7pump processing complete:
└── Total timeframes saved: 1
└── Folder: /Users/dhruvmudambi/Desktop/Coding/Birdeye_Dashboard/Bots/Fib/Data/New_Token_Data/2024_12_12/OHLCV_Data/2024_Dec_12_0817PM/6kJhG826LGowg7zG6PLd6tg7mqvVSdq2WzHhsfc7pump

Token 2/27: 6AH9xWmRkjsKL3wnMTixhWrht6ZgCsngfUCwt8pDpump

==================================================
Processing token: 6AH9xWmRkjsKL3wnMTixhWrht6ZgCsngfUCwt8pDpump
==================================================

Fetching 15m data...
Requesting OHLCV data for token 6AH9xWmRkjsKL3wnMTixhWrht6ZgCsngfUCwt8pDpump on 15m timeframe...
Successfully retrieved OHLCV data for 6AH9xWmRkjsKL3wnMTixhWrht6ZgCsngfUCwt8pDpump (15m) - 951 rows
✅ 15m data saved:
   └── Path: /Users/dhruvmudambi/Desktop/Coding/Birdeye_Dashboard/Bots/Fib/Data/New_Token_Data/2024_12_12/OHLCV_Data/2024_Dec_12_0817PM/6AH9xWmRkjsKL3wnMTixhWrht6ZgCsngfUCwt8pDpump/15m.csv
   └── Rows: 951
   └── Size: 161.04 KB

Token 6AH9xWmRkjsKL3wnMTixhWrht6ZgCsngfUCwt8pDpump processing complete:
└── Total timeframes saved: 1
└── Folder: /Users/dhruvmudambi/Desktop/Coding/Birdeye_Dashboard/Bots/Fib/Data/New_Token_Data/2024_12_12/OHLCV_Data/2024_Dec_12_0817PM/6AH9xWmRkjsKL3wnMTixhWrht6ZgCsngfUCwt8pDpump

Token 3/27: ATEWnH7CyLUyDAYVnUS4jxBi243SWUnBmmpRf3QRpump

==================================================
Processing token: ATEWnH7CyLUyDAYVnUS4jxBi243SWUnBmmpRf3QRpump
==================================================

Fetching 15m data...
Requesting OHLCV data for token ATEWnH7CyLUyDAYVnUS4jxBi243SWUnBmmpRf3QRpump on 15m timeframe...
Successfully retrieved OHLCV data for ATEWnH7CyLUyDAYVnUS4jxBi243SWUnBmmpRf3QRpump (15m) - 61 rows
✅ 15m data saved:
   └── Path: /Users/dhruvmudambi/Desktop/Coding/Birdeye_Dashboard/Bots/Fib/Data/New_Token_Data/2024_12_12/OHLCV_Data/2024_Dec_12_0817PM/ATEWnH7CyLUyDAYVnUS4jxBi243SWUnBmmpRf3QRpump/15m.csv
   └── Rows: 61
   └── Size: 10.45 KB

Token ATEWnH7CyLUyDAYVnUS4jxBi243SWUnBmmpRf3QRpump processing complete:
└── Total timeframes saved: 1
└── Folder: /Users/dhruvmudambi/Desktop/Coding/Birdeye_Dashboard/Bots/Fib/Data/New_Token_Data/2024_12_12/OHLCV_Data/2024_Dec_12_0817PM/ATEWnH7CyLUyDAYVnUS4jxBi243SWUnBmmpRf3QRpump

Token 4/27: FuVVu23hbFcXiiEM7ASp1CKY38DA3M7E626kGf7Upump

==================================================
Processing token: FuVVu23hbFcXiiEM7ASp1CKY38DA3M7E626kGf7Upump
==================================================

Fetching 15m data...
Requesting OHLCV data for token FuVVu23hbFcXiiEM7ASp1CKY38DA3M7E626kGf7Upump on 15m timeframe...
Successfully retrieved OHLCV data for FuVVu23hbFcXiiEM7ASp1CKY38DA3M7E626kGf7Upump (15m) - 932 rows
✅ 15m data saved:
   └── Path: /Users/dhruvmudambi/Desktop/Coding/Birdeye_Dashboard/Bots/Fib/Data/New_Token_Data/2024_12_12/OHLCV_Data/2024_Dec_12_0817PM/FuVVu23hbFcXiiEM7ASp1CKY38DA3M7E626kGf7Upump/15m.csv
   └── Rows: 932
   └── Size: 152.47 KB

Token FuVVu23hbFcXiiEM7ASp1CKY38DA3M7E626kGf7Upump processing complete:
└── Total timeframes saved: 1
└── Folder: /Users/dhruvmudambi/Desktop/Coding/Birdeye_Dashboard/Bots/Fib/Data/New_Token_Data/2024_12_12/OHLCV_Data/2024_Dec_12_0817PM/FuVVu23hbFcXiiEM7ASp1CKY38DA3M7E626kGf7Upump

Token 5/27: AU1rxhY276GepM4bm7VaYrgVPJW7tg4z2MtR2jfPpump

==================================================
Processing token: AU1rxhY276GepM4bm7VaYrgVPJW7tg4z2MtR2jfPpump
==================================================

Fetching 15m data...
Requesting OHLCV data for token AU1rxhY276GepM4bm7VaYrgVPJW7tg4z2MtR2jfPpump on 15m timeframe...
Successfully retrieved OHLCV data for AU1rxhY276GepM4bm7VaYrgVPJW7tg4z2MtR2jfPpump (15m) - 1000 rows
✅ 15m data saved:
   └── Path: /Users/dhruvmudambi/Desktop/Coding/Birdeye_Dashboard/Bots/Fib/Data/New_Token_Data/2024_12_12/OHLCV_Data/2024_Dec_12_0817PM/AU1rxhY276GepM4bm7VaYrgVPJW7tg4z2MtR2jfPpump/15m.csv
   └── Rows: 1000
   └── Size: 169.27 KB

Token AU1rxhY276GepM4bm7VaYrgVPJW7tg4z2MtR2jfPpump processing complete:
└── Total timeframes saved: 1
└── Folder: /Users/dhruvmudambi/Desktop/Coding/Birdeye_Dashboard/Bots/Fib/Data/New_Token_Data/2024_12_12/OHLCV_Data/2024_Dec_12_0817PM/AU1rxhY276GepM4bm7VaYrgVPJW7tg4z2MtR2jfPpump

Token 6/27: 7VwxiPZeSYfQbQxqorGBctSyorPMJusrGDFkX5TFpump

==================================================
Processing token: 7VwxiPZeSYfQbQxqorGBctSyorPMJusrGDFkX5TFpump
==================================================

Fetching 15m data...
Requesting OHLCV data for token 7VwxiPZeSYfQbQxqorGBctSyorPMJusrGDFkX5TFpump on 15m timeframe...
Successfully retrieved OHLCV data for 7VwxiPZeSYfQbQxqorGBctSyorPMJusrGDFkX5TFpump (15m) - 535 rows
✅ 15m data saved:
   └── Path: /Users/dhruvmudambi/Desktop/Coding/Birdeye_Dashboard/Bots/Fib/Data/New_Token_Data/2024_12_12/OHLCV_Data/2024_Dec_12_0817PM/7VwxiPZeSYfQbQxqorGBctSyorPMJusrGDFkX5TFpump/15m.csv
   └── Rows: 535
   └── Size: 91.62 KB

Token 7VwxiPZeSYfQbQxqorGBctSyorPMJusrGDFkX5TFpump processing complete:
└── Total timeframes saved: 1
└── Folder: /Users/dhruvmudambi/Desktop/Coding/Birdeye_Dashboard/Bots/Fib/Data/New_Token_Data/2024_12_12/OHLCV_Data/2024_Dec_12_0817PM/7VwxiPZeSYfQbQxqorGBctSyorPMJusrGDFkX5TFpump

Token 7/27: 2ru7VX6NnaZ78znCtgGmYs2PdcAQRCr3UaPfRkDUpump

==================================================
Processing token: 2ru7VX6NnaZ78znCtgGmYs2PdcAQRCr3UaPfRkDUpump
==================================================

Fetching 15m data...
Requesting OHLCV data for token 2ru7VX6NnaZ78znCtgGmYs2PdcAQRCr3UaPfRkDUpump on 15m timeframe...
Successfully retrieved OHLCV data for 2ru7VX6NnaZ78znCtgGmYs2PdcAQRCr3UaPfRkDUpump (15m) - 55 rows
✅ 15m data saved:
   └── Path: /Users/dhruvmudambi/Desktop/Coding/Birdeye_Dashboard/Bots/Fib/Data/New_Token_Data/2024_12_12/OHLCV_Data/2024_Dec_12_0817PM/2ru7VX6NnaZ78znCtgGmYs2PdcAQRCr3UaPfRkDUpump/15m.csv
   └── Rows: 55
   └── Size: 9.50 KB

Token 2ru7VX6NnaZ78znCtgGmYs2PdcAQRCr3UaPfRkDUpump processing complete:
└── Total timeframes saved: 1
└── Folder: /Users/dhruvmudambi/Desktop/Coding/Birdeye_Dashboard/Bots/Fib/Data/New_Token_Data/2024_12_12/OHLCV_Data/2024_Dec_12_0817PM/2ru7VX6NnaZ78znCtgGmYs2PdcAQRCr3UaPfRkDUpump

Token 8/27: H3c9RZhvCzxQSmLULh4RsJC8GuK9rVNV2bcoLhMQmoon

==================================================
Processing token: H3c9RZhvCzxQSmLULh4RsJC8GuK9rVNV2bcoLhMQmoon
==================================================

Fetching 15m data...
Requesting OHLCV data for token H3c9RZhvCzxQSmLULh4RsJC8GuK9rVNV2bcoLhMQmoon on 15m timeframe...
Successfully retrieved OHLCV data for H3c9RZhvCzxQSmLULh4RsJC8GuK9rVNV2bcoLhMQmoon (15m) - 571 rows
✅ 15m data saved:
   └── Path: /Users/dhruvmudambi/Desktop/Coding/Birdeye_Dashboard/Bots/Fib/Data/New_Token_Data/2024_12_12/OHLCV_Data/2024_Dec_12_0817PM/H3c9RZhvCzxQSmLULh4RsJC8GuK9rVNV2bcoLhMQmoon/15m.csv
   └── Rows: 571
   └── Size: 97.44 KB

Token H3c9RZhvCzxQSmLULh4RsJC8GuK9rVNV2bcoLhMQmoon processing complete:
└── Total timeframes saved: 1
└── Folder: /Users/dhruvmudambi/Desktop/Coding/Birdeye_Dashboard/Bots/Fib/Data/New_Token_Data/2024_12_12/OHLCV_Data/2024_Dec_12_0817PM/H3c9RZhvCzxQSmLULh4RsJC8GuK9rVNV2bcoLhMQmoon

Token 9/27: SWKT3Sksvtcepkn7MRn74WPUNH1Lo8H25MAogVepump

==================================================
Processing token: SWKT3Sksvtcepkn7MRn74WPUNH1Lo8H25MAogVepump
==================================================

Fetching 15m data...
Requesting OHLCV data for token SWKT3Sksvtcepkn7MRn74WPUNH1Lo8H25MAogVepump on 15m timeframe...
Successfully retrieved OHLCV data for SWKT3Sksvtcepkn7MRn74WPUNH1Lo8H25MAogVepump (15m) - 198 rows
✅ 15m data saved:
   └── Path: /Users/dhruvmudambi/Desktop/Coding/Birdeye_Dashboard/Bots/Fib/Data/New_Token_Data/2024_12_12/OHLCV_Data/2024_Dec_12_0817PM/SWKT3Sksvtcepkn7MRn74WPUNH1Lo8H25MAogVepump/15m.csv
   └── Rows: 198
   └── Size: 33.47 KB

Token SWKT3Sksvtcepkn7MRn74WPUNH1Lo8H25MAogVepump processing complete:
└── Total timeframes saved: 1
└── Folder: /Users/dhruvmudambi/Desktop/Coding/Birdeye_Dashboard/Bots/Fib/Data/New_Token_Data/2024_12_12/OHLCV_Data/2024_Dec_12_0817PM/SWKT3Sksvtcepkn7MRn74WPUNH1Lo8H25MAogVepump

Token 10/27: FN9tn6JQzegrUuHx7CyXyNsiSBZkRyoaHZuKF1Smpump

==================================================
Processing token: FN9tn6JQzegrUuHx7CyXyNsiSBZkRyoaHZuKF1Smpump
==================================================

Fetching 15m data...
Requesting OHLCV data for token FN9tn6JQzegrUuHx7CyXyNsiSBZkRyoaHZuKF1Smpump on 15m timeframe...
Successfully retrieved OHLCV data for FN9tn6JQzegrUuHx7CyXyNsiSBZkRyoaHZuKF1Smpump (15m) - 80 rows
✅ 15m data saved:
   └── Path: /Users/dhruvmudambi/Desktop/Coding/Birdeye_Dashboard/Bots/Fib/Data/New_Token_Data/2024_12_12/OHLCV_Data/2024_Dec_12_0817PM/FN9tn6JQzegrUuHx7CyXyNsiSBZkRyoaHZuKF1Smpump/15m.csv
   └── Rows: 80
   └── Size: 13.81 KB

Token FN9tn6JQzegrUuHx7CyXyNsiSBZkRyoaHZuKF1Smpump processing complete:
└── Total timeframes saved: 1
└── Folder: /Users/dhruvmudambi/Desktop/Coding/Birdeye_Dashboard/Bots/Fib/Data/New_Token_Data/2024_12_12/OHLCV_Data/2024_Dec_12_0817PM/FN9tn6JQzegrUuHx7CyXyNsiSBZkRyoaHZuKF1Smpump

Token 11/27: 5oDWr3xbRxJZ74VhDF5H4UnnSEstPJT7tJm4c5EFpump

==================================================
Processing token: 5oDWr3xbRxJZ74VhDF5H4UnnSEstPJT7tJm4c5EFpump
==================================================

Fetching 15m data...
Requesting OHLCV data for token 5oDWr3xbRxJZ74VhDF5H4UnnSEstPJT7tJm4c5EFpump on 15m timeframe...
Successfully retrieved OHLCV data for 5oDWr3xbRxJZ74VhDF5H4UnnSEstPJT7tJm4c5EFpump (15m) - 73 rows
✅ 15m data saved:
   └── Path: /Users/dhruvmudambi/Desktop/Coding/Birdeye_Dashboard/Bots/Fib/Data/New_Token_Data/2024_12_12/OHLCV_Data/2024_Dec_12_0817PM/5oDWr3xbRxJZ74VhDF5H4UnnSEstPJT7tJm4c5EFpump/15m.csv
   └── Rows: 73
   └── Size: 12.57 KB

Token 5oDWr3xbRxJZ74VhDF5H4UnnSEstPJT7tJm4c5EFpump processing complete:
└── Total timeframes saved: 1
└── Folder: /Users/dhruvmudambi/Desktop/Coding/Birdeye_Dashboard/Bots/Fib/Data/New_Token_Data/2024_12_12/OHLCV_Data/2024_Dec_12_0817PM/5oDWr3xbRxJZ74VhDF5H4UnnSEstPJT7tJm4c5EFpump

Token 12/27: 4J5HoZWoKcbo2JQxEEVCKRBfUQtEroY1QdRrKtZFpump

==================================================
Processing token: 4J5HoZWoKcbo2JQxEEVCKRBfUQtEroY1QdRrKtZFpump
==================================================

Fetching 15m data...
Requesting OHLCV data for token 4J5HoZWoKcbo2JQxEEVCKRBfUQtEroY1QdRrKtZFpump on 15m timeframe...
Successfully retrieved OHLCV data for 4J5HoZWoKcbo2JQxEEVCKRBfUQtEroY1QdRrKtZFpump (15m) - 1000 rows
✅ 15m data saved:
   └── Path: /Users/dhruvmudambi/Desktop/Coding/Birdeye_Dashboard/Bots/Fib/Data/New_Token_Data/2024_12_12/OHLCV_Data/2024_Dec_12_0817PM/4J5HoZWoKcbo2JQxEEVCKRBfUQtEroY1QdRrKtZFpump/15m.csv
   └── Rows: 1000
   └── Size: 169.58 KB

Token 4J5HoZWoKcbo2JQxEEVCKRBfUQtEroY1QdRrKtZFpump processing complete:
└── Total timeframes saved: 1
└── Folder: /Users/dhruvmudambi/Desktop/Coding/Birdeye_Dashboard/Bots/Fib/Data/New_Token_Data/2024_12_12/OHLCV_Data/2024_Dec_12_0817PM/4J5HoZWoKcbo2JQxEEVCKRBfUQtEroY1QdRrKtZFpump

Token 13/27: 5eNQJ87WnfMMfgNrc8qSJNTGmMyFqmQdnDYY9phApump

==================================================
Processing token: 5eNQJ87WnfMMfgNrc8qSJNTGmMyFqmQdnDYY9phApump
==================================================

Fetching 15m data...
Requesting OHLCV data for token 5eNQJ87WnfMMfgNrc8qSJNTGmMyFqmQdnDYY9phApump on 15m timeframe...
Successfully retrieved OHLCV data for 5eNQJ87WnfMMfgNrc8qSJNTGmMyFqmQdnDYY9phApump (15m) - 1000 rows
✅ 15m data saved:
   └── Path: /Users/dhruvmudambi/Desktop/Coding/Birdeye_Dashboard/Bots/Fib/Data/New_Token_Data/2024_12_12/OHLCV_Data/2024_Dec_12_0817PM/5eNQJ87WnfMMfgNrc8qSJNTGmMyFqmQdnDYY9phApump/15m.csv
   └── Rows: 1000
   └── Size: 157.82 KB

Token 5eNQJ87WnfMMfgNrc8qSJNTGmMyFqmQdnDYY9phApump processing complete:
└── Total timeframes saved: 1
└── Folder: /Users/dhruvmudambi/Desktop/Coding/Birdeye_Dashboard/Bots/Fib/Data/New_Token_Data/2024_12_12/OHLCV_Data/2024_Dec_12_0817PM/5eNQJ87WnfMMfgNrc8qSJNTGmMyFqmQdnDYY9phApump

Token 14/27: AkukwSXUTkDSeh2c1ypyvN4unzyr4xb2T4SmKkix6bT8

==================================================
Processing token: AkukwSXUTkDSeh2c1ypyvN4unzyr4xb2T4SmKkix6bT8
==================================================

Fetching 15m data...
Requesting OHLCV data for token AkukwSXUTkDSeh2c1ypyvN4unzyr4xb2T4SmKkix6bT8 on 15m timeframe...
Successfully retrieved OHLCV data for AkukwSXUTkDSeh2c1ypyvN4unzyr4xb2T4SmKkix6bT8 (15m) - 738 rows
✅ 15m data saved:
   └── Path: /Users/dhruvmudambi/Desktop/Coding/Birdeye_Dashboard/Bots/Fib/Data/New_Token_Data/2024_12_12/OHLCV_Data/2024_Dec_12_0817PM/AkukwSXUTkDSeh2c1ypyvN4unzyr4xb2T4SmKkix6bT8/15m.csv
   └── Rows: 738
   └── Size: 125.03 KB

Token AkukwSXUTkDSeh2c1ypyvN4unzyr4xb2T4SmKkix6bT8 processing complete:
└── Total timeframes saved: 1
└── Folder: /Users/dhruvmudambi/Desktop/Coding/Birdeye_Dashboard/Bots/Fib/Data/New_Token_Data/2024_12_12/OHLCV_Data/2024_Dec_12_0817PM/AkukwSXUTkDSeh2c1ypyvN4unzyr4xb2T4SmKkix6bT8

Token 15/27: 98geVJZfj1JkzyRePEFRr2AHjLcs1TDwSptcVjMC2Eks

==================================================
Processing token: 98geVJZfj1JkzyRePEFRr2AHjLcs1TDwSptcVjMC2Eks
==================================================

Fetching 15m data...
Requesting OHLCV data for token 98geVJZfj1JkzyRePEFRr2AHjLcs1TDwSptcVjMC2Eks on 15m timeframe...
Successfully retrieved OHLCV data for 98geVJZfj1JkzyRePEFRr2AHjLcs1TDwSptcVjMC2Eks (15m) - 1000 rows
✅ 15m data saved:
   └── Path: /Users/dhruvmudambi/Desktop/Coding/Birdeye_Dashboard/Bots/Fib/Data/New_Token_Data/2024_12_12/OHLCV_Data/2024_Dec_12_0817PM/98geVJZfj1JkzyRePEFRr2AHjLcs1TDwSptcVjMC2Eks/15m.csv
   └── Rows: 1000
   └── Size: 166.61 KB

Token 98geVJZfj1JkzyRePEFRr2AHjLcs1TDwSptcVjMC2Eks processing complete:
└── Total timeframes saved: 1
└── Folder: /Users/dhruvmudambi/Desktop/Coding/Birdeye_Dashboard/Bots/Fib/Data/New_Token_Data/2024_12_12/OHLCV_Data/2024_Dec_12_0817PM/98geVJZfj1JkzyRePEFRr2AHjLcs1TDwSptcVjMC2Eks

Token 16/27: H758qwhw8YHLbDYmJsdN6Jta2ioguZ53PY6Qcisupump

==================================================
Processing token: H758qwhw8YHLbDYmJsdN6Jta2ioguZ53PY6Qcisupump
==================================================

Fetching 15m data...
Requesting OHLCV data for token H758qwhw8YHLbDYmJsdN6Jta2ioguZ53PY6Qcisupump on 15m timeframe...
Successfully retrieved OHLCV data for H758qwhw8YHLbDYmJsdN6Jta2ioguZ53PY6Qcisupump (15m) - 78 rows
✅ 15m data saved:
   └── Path: /Users/dhruvmudambi/Desktop/Coding/Birdeye_Dashboard/Bots/Fib/Data/New_Token_Data/2024_12_12/OHLCV_Data/2024_Dec_12_0817PM/H758qwhw8YHLbDYmJsdN6Jta2ioguZ53PY6Qcisupump/15m.csv
   └── Rows: 78
   └── Size: 13.46 KB

Token H758qwhw8YHLbDYmJsdN6Jta2ioguZ53PY6Qcisupump processing complete:
└── Total timeframes saved: 1
└── Folder: /Users/dhruvmudambi/Desktop/Coding/Birdeye_Dashboard/Bots/Fib/Data/New_Token_Data/2024_12_12/OHLCV_Data/2024_Dec_12_0817PM/H758qwhw8YHLbDYmJsdN6Jta2ioguZ53PY6Qcisupump

Token 17/27: tqrRt3AsuGa3aYYSvABMDrPJEWVzpAnh3p6LxXGpump

==================================================
Processing token: tqrRt3AsuGa3aYYSvABMDrPJEWVzpAnh3p6LxXGpump
==================================================

Fetching 15m data...
Requesting OHLCV data for token tqrRt3AsuGa3aYYSvABMDrPJEWVzpAnh3p6LxXGpump on 15m timeframe...
Successfully retrieved OHLCV data for tqrRt3AsuGa3aYYSvABMDrPJEWVzpAnh3p6LxXGpump (15m) - 1000 rows
✅ 15m data saved:
   └── Path: /Users/dhruvmudambi/Desktop/Coding/Birdeye_Dashboard/Bots/Fib/Data/New_Token_Data/2024_12_12/OHLCV_Data/2024_Dec_12_0817PM/tqrRt3AsuGa3aYYSvABMDrPJEWVzpAnh3p6LxXGpump/15m.csv
   └── Rows: 1000
   └── Size: 168.79 KB

Token tqrRt3AsuGa3aYYSvABMDrPJEWVzpAnh3p6LxXGpump processing complete:
└── Total timeframes saved: 1
└── Folder: /Users/dhruvmudambi/Desktop/Coding/Birdeye_Dashboard/Bots/Fib/Data/New_Token_Data/2024_12_12/OHLCV_Data/2024_Dec_12_0817PM/tqrRt3AsuGa3aYYSvABMDrPJEWVzpAnh3p6LxXGpump

Token 18/27: uSy45a8ZvRCdnWriPaAuiRHygrRPChSvHM53Myapump

==================================================
Processing token: uSy45a8ZvRCdnWriPaAuiRHygrRPChSvHM53Myapump
==================================================

Fetching 15m data...
Requesting OHLCV data for token uSy45a8ZvRCdnWriPaAuiRHygrRPChSvHM53Myapump on 15m timeframe...
Successfully retrieved OHLCV data for uSy45a8ZvRCdnWriPaAuiRHygrRPChSvHM53Myapump (15m) - 1000 rows
✅ 15m data saved:
   └── Path: /Users/dhruvmudambi/Desktop/Coding/Birdeye_Dashboard/Bots/Fib/Data/New_Token_Data/2024_12_12/OHLCV_Data/2024_Dec_12_0817PM/uSy45a8ZvRCdnWriPaAuiRHygrRPChSvHM53Myapump/15m.csv
   └── Rows: 1000
   └── Size: 169.93 KB

Token uSy45a8ZvRCdnWriPaAuiRHygrRPChSvHM53Myapump processing complete:
└── Total timeframes saved: 1
└── Folder: /Users/dhruvmudambi/Desktop/Coding/Birdeye_Dashboard/Bots/Fib/Data/New_Token_Data/2024_12_12/OHLCV_Data/2024_Dec_12_0817PM/uSy45a8ZvRCdnWriPaAuiRHygrRPChSvHM53Myapump

Token 19/27: FRpTyMBDavKsdYN1FQZcEeZ2iwGvHaZKFSkvr5izpump

==================================================
Processing token: FRpTyMBDavKsdYN1FQZcEeZ2iwGvHaZKFSkvr5izpump
==================================================

Fetching 15m data...
Requesting OHLCV data for token FRpTyMBDavKsdYN1FQZcEeZ2iwGvHaZKFSkvr5izpump on 15m timeframe...
Successfully retrieved OHLCV data for FRpTyMBDavKsdYN1FQZcEeZ2iwGvHaZKFSkvr5izpump (15m) - 354 rows
✅ 15m data saved:
   └── Path: /Users/dhruvmudambi/Desktop/Coding/Birdeye_Dashboard/Bots/Fib/Data/New_Token_Data/2024_12_12/OHLCV_Data/2024_Dec_12_0817PM/FRpTyMBDavKsdYN1FQZcEeZ2iwGvHaZKFSkvr5izpump/15m.csv
   └── Rows: 354
   └── Size: 58.93 KB

Token FRpTyMBDavKsdYN1FQZcEeZ2iwGvHaZKFSkvr5izpump processing complete:
└── Total timeframes saved: 1
└── Folder: /Users/dhruvmudambi/Desktop/Coding/Birdeye_Dashboard/Bots/Fib/Data/New_Token_Data/2024_12_12/OHLCV_Data/2024_Dec_12_0817PM/FRpTyMBDavKsdYN1FQZcEeZ2iwGvHaZKFSkvr5izpump

Token 20/27: 68YY6KjfnmPuQubYkFTsmXGaF2FuwcxumWLFxb6cpump

==================================================
Processing token: 68YY6KjfnmPuQubYkFTsmXGaF2FuwcxumWLFxb6cpump
==================================================

Fetching 15m data...
Requesting OHLCV data for token 68YY6KjfnmPuQubYkFTsmXGaF2FuwcxumWLFxb6cpump on 15m timeframe...
Successfully retrieved OHLCV data for 68YY6KjfnmPuQubYkFTsmXGaF2FuwcxumWLFxb6cpump (15m) - 265 rows
✅ 15m data saved:
   └── Path: /Users/dhruvmudambi/Desktop/Coding/Birdeye_Dashboard/Bots/Fib/Data/New_Token_Data/2024_12_12/OHLCV_Data/2024_Dec_12_0817PM/68YY6KjfnmPuQubYkFTsmXGaF2FuwcxumWLFxb6cpump/15m.csv
   └── Rows: 265
   └── Size: 44.62 KB

Token 68YY6KjfnmPuQubYkFTsmXGaF2FuwcxumWLFxb6cpump processing complete:
└── Total timeframes saved: 1
└── Folder: /Users/dhruvmudambi/Desktop/Coding/Birdeye_Dashboard/Bots/Fib/Data/New_Token_Data/2024_12_12/OHLCV_Data/2024_Dec_12_0817PM/68YY6KjfnmPuQubYkFTsmXGaF2FuwcxumWLFxb6cpump

Token 21/27: DyT6mdhiAYbHPML2AVXviGVxMQbc6Z3VmPZ2MQG6pump

==================================================
Processing token: DyT6mdhiAYbHPML2AVXviGVxMQbc6Z3VmPZ2MQG6pump
==================================================

Fetching 15m data...
Requesting OHLCV data for token DyT6mdhiAYbHPML2AVXviGVxMQbc6Z3VmPZ2MQG6pump on 15m timeframe...
Successfully retrieved OHLCV data for DyT6mdhiAYbHPML2AVXviGVxMQbc6Z3VmPZ2MQG6pump (15m) - 888 rows
✅ 15m data saved:
   └── Path: /Users/dhruvmudambi/Desktop/Coding/Birdeye_Dashboard/Bots/Fib/Data/New_Token_Data/2024_12_12/OHLCV_Data/2024_Dec_12_0817PM/DyT6mdhiAYbHPML2AVXviGVxMQbc6Z3VmPZ2MQG6pump/15m.csv
   └── Rows: 888
   └── Size: 151.20 KB

Token DyT6mdhiAYbHPML2AVXviGVxMQbc6Z3VmPZ2MQG6pump processing complete:
└── Total timeframes saved: 1
└── Folder: /Users/dhruvmudambi/Desktop/Coding/Birdeye_Dashboard/Bots/Fib/Data/New_Token_Data/2024_12_12/OHLCV_Data/2024_Dec_12_0817PM/DyT6mdhiAYbHPML2AVXviGVxMQbc6Z3VmPZ2MQG6pump

Token 22/27: ABAGcLC6hoapG3xFcBkwaXzmdFzdH7nup2JD1feapump

==================================================
Processing token: ABAGcLC6hoapG3xFcBkwaXzmdFzdH7nup2JD1feapump
==================================================

Fetching 15m data...
Requesting OHLCV data for token ABAGcLC6hoapG3xFcBkwaXzmdFzdH7nup2JD1feapump on 15m timeframe...
Successfully retrieved OHLCV data for ABAGcLC6hoapG3xFcBkwaXzmdFzdH7nup2JD1feapump (15m) - 72 rows
✅ 15m data saved:
   └── Path: /Users/dhruvmudambi/Desktop/Coding/Birdeye_Dashboard/Bots/Fib/Data/New_Token_Data/2024_12_12/OHLCV_Data/2024_Dec_12_0817PM/ABAGcLC6hoapG3xFcBkwaXzmdFzdH7nup2JD1feapump/15m.csv
   └── Rows: 72
   └── Size: 12.37 KB

Token ABAGcLC6hoapG3xFcBkwaXzmdFzdH7nup2JD1feapump processing complete:
└── Total timeframes saved: 1
└── Folder: /Users/dhruvmudambi/Desktop/Coding/Birdeye_Dashboard/Bots/Fib/Data/New_Token_Data/2024_12_12/OHLCV_Data/2024_Dec_12_0817PM/ABAGcLC6hoapG3xFcBkwaXzmdFzdH7nup2JD1feapump

Token 23/27: WhZEoFj5uejcq392GeYEC7Fmwr5q49wyq9jD5U3pump

==================================================
Processing token: WhZEoFj5uejcq392GeYEC7Fmwr5q49wyq9jD5U3pump
==================================================

Fetching 15m data...
Requesting OHLCV data for token WhZEoFj5uejcq392GeYEC7Fmwr5q49wyq9jD5U3pump on 15m timeframe...
Successfully retrieved OHLCV data for WhZEoFj5uejcq392GeYEC7Fmwr5q49wyq9jD5U3pump (15m) - 39 rows
✅ 15m data saved:
   └── Path: /Users/dhruvmudambi/Desktop/Coding/Birdeye_Dashboard/Bots/Fib/Data/New_Token_Data/2024_12_12/OHLCV_Data/2024_Dec_12_0817PM/WhZEoFj5uejcq392GeYEC7Fmwr5q49wyq9jD5U3pump/15m.csv
   └── Rows: 39
   └── Size: 6.72 KB

Token WhZEoFj5uejcq392GeYEC7Fmwr5q49wyq9jD5U3pump processing complete:
└── Total timeframes saved: 1
└── Folder: /Users/dhruvmudambi/Desktop/Coding/Birdeye_Dashboard/Bots/Fib/Data/New_Token_Data/2024_12_12/OHLCV_Data/2024_Dec_12_0817PM/WhZEoFj5uejcq392GeYEC7Fmwr5q49wyq9jD5U3pump

Token 24/27: 73rzMJ8uEqjAf5vE1YPGrXbg7Cb2Yv85EoxpJh2mpump

==================================================
Processing token: 73rzMJ8uEqjAf5vE1YPGrXbg7Cb2Yv85EoxpJh2mpump
==================================================

Fetching 15m data...
Requesting OHLCV data for token 73rzMJ8uEqjAf5vE1YPGrXbg7Cb2Yv85EoxpJh2mpump on 15m timeframe...
Successfully retrieved OHLCV data for 73rzMJ8uEqjAf5vE1YPGrXbg7Cb2Yv85EoxpJh2mpump (15m) - 812 rows
✅ 15m data saved:
   └── Path: /Users/dhruvmudambi/Desktop/Coding/Birdeye_Dashboard/Bots/Fib/Data/New_Token_Data/2024_12_12/OHLCV_Data/2024_Dec_12_0817PM/73rzMJ8uEqjAf5vE1YPGrXbg7Cb2Yv85EoxpJh2mpump/15m.csv
   └── Rows: 812
   └── Size: 138.08 KB

Token 73rzMJ8uEqjAf5vE1YPGrXbg7Cb2Yv85EoxpJh2mpump processing complete:
└── Total timeframes saved: 1
└── Folder: /Users/dhruvmudambi/Desktop/Coding/Birdeye_Dashboard/Bots/Fib/Data/New_Token_Data/2024_12_12/OHLCV_Data/2024_Dec_12_0817PM/73rzMJ8uEqjAf5vE1YPGrXbg7Cb2Yv85EoxpJh2mpump

Token 25/27: 5v62ivFK6pAERaZC8ysBD66dCJS83MbqyVAmXYddbM78

==================================================
Processing token: 5v62ivFK6pAERaZC8ysBD66dCJS83MbqyVAmXYddbM78
==================================================

Fetching 15m data...
Requesting OHLCV data for token 5v62ivFK6pAERaZC8ysBD66dCJS83MbqyVAmXYddbM78 on 15m timeframe...
Successfully retrieved OHLCV data for 5v62ivFK6pAERaZC8ysBD66dCJS83MbqyVAmXYddbM78 (15m) - 196 rows
✅ 15m data saved:
   └── Path: /Users/dhruvmudambi/Desktop/Coding/Birdeye_Dashboard/Bots/Fib/Data/New_Token_Data/2024_12_12/OHLCV_Data/2024_Dec_12_0817PM/5v62ivFK6pAERaZC8ysBD66dCJS83MbqyVAmXYddbM78/15m.csv
   └── Rows: 196
   └── Size: 33.19 KB

Token 5v62ivFK6pAERaZC8ysBD66dCJS83MbqyVAmXYddbM78 processing complete:
└── Total timeframes saved: 1
└── Folder: /Users/dhruvmudambi/Desktop/Coding/Birdeye_Dashboard/Bots/Fib/Data/New_Token_Data/2024_12_12/OHLCV_Data/2024_Dec_12_0817PM/5v62ivFK6pAERaZC8ysBD66dCJS83MbqyVAmXYddbM78

Token 26/27: DTTLrCGbqn6fmNuKjGYqWFeQU5Hz153f5C3pNnxepump

==================================================
Processing token: DTTLrCGbqn6fmNuKjGYqWFeQU5Hz153f5C3pNnxepump
==================================================

Fetching 15m data...
Requesting OHLCV data for token DTTLrCGbqn6fmNuKjGYqWFeQU5Hz153f5C3pNnxepump on 15m timeframe...
Successfully retrieved OHLCV data for DTTLrCGbqn6fmNuKjGYqWFeQU5Hz153f5C3pNnxepump (15m) - 1000 rows
✅ 15m data saved:
   └── Path: /Users/dhruvmudambi/Desktop/Coding/Birdeye_Dashboard/Bots/Fib/Data/New_Token_Data/2024_12_12/OHLCV_Data/2024_Dec_12_0817PM/DTTLrCGbqn6fmNuKjGYqWFeQU5Hz153f5C3pNnxepump/15m.csv
   └── Rows: 1000
   └── Size: 169.49 KB

Token DTTLrCGbqn6fmNuKjGYqWFeQU5Hz153f5C3pNnxepump processing complete:
└── Total timeframes saved: 1
└── Folder: /Users/dhruvmudambi/Desktop/Coding/Birdeye_Dashboard/Bots/Fib/Data/New_Token_Data/2024_12_12/OHLCV_Data/2024_Dec_12_0817PM/DTTLrCGbqn6fmNuKjGYqWFeQU5Hz153f5C3pNnxepump

Token 27/27: KnrmAHo1wW2fGqVXcSZSpo6kmiKam5vNbDByrURpump

==================================================
Processing token: KnrmAHo1wW2fGqVXcSZSpo6kmiKam5vNbDByrURpump
==================================================

Fetching 15m data...
Requesting OHLCV data for token KnrmAHo1wW2fGqVXcSZSpo6kmiKam5vNbDByrURpump on 15m timeframe...
Successfully retrieved OHLCV data for KnrmAHo1wW2fGqVXcSZSpo6kmiKam5vNbDByrURpump (15m) - 821 rows
✅ 15m data saved:
   └── Path: /Users/dhruvmudambi/Desktop/Coding/Birdeye_Dashboard/Bots/Fib/Data/New_Token_Data/2024_12_12/OHLCV_Data/2024_Dec_12_0817PM/KnrmAHo1wW2fGqVXcSZSpo6kmiKam5vNbDByrURpump/15m.csv
   └── Rows: 821
   └── Size: 138.51 KB

Token KnrmAHo1wW2fGqVXcSZSpo6kmiKam5vNbDByrURpump processing complete:
└── Total timeframes saved: 1
└── Folder: /Users/dhruvmudambi/Desktop/Coding/Birdeye_Dashboard/Bots/Fib/Data/New_Token_Data/2024_12_12/OHLCV_Data/2024_Dec_12_0817PM/KnrmAHo1wW2fGqVXcSZSpo6kmiKam5vNbDByrURpump

==================================================
OHLCV Processing Summary
==================================================
Total tokens processed: 27
✅ Successful: 27
❌ Failed: 0

Final OHLCV Data Structure:
└── Folder: /Users/dhruvmudambi/Desktop/Coding/Birdeye_Dashboard/Bots/Fib/Data/New_Token_Data/2024_12_12/OHLCV_Data/2024_Dec_12_0817PM
└── Total files: 27
└── Total size: 2.58 MB

==================================================
Importing OHLCV data for qualified tokens
==================================================
✅ Successfully imported OHLCV data for 6kJhG826LGowg7zG6PLd6tg7mqvVSdq2WzHhsfc7pump
   Available timeframes: ['15m']
✅ Successfully imported OHLCV data for 6AH9xWmRkjsKL3wnMTixhWrht6ZgCsngfUCwt8pDpump
   Available timeframes: ['15m']
✅ Successfully imported OHLCV data for ATEWnH7CyLUyDAYVnUS4jxBi243SWUnBmmpRf3QRpump
   Available timeframes: ['15m']
✅ Successfully imported OHLCV data for FuVVu23hbFcXiiEM7ASp1CKY38DA3M7E626kGf7Upump
   Available timeframes: ['15m']
✅ Successfully imported OHLCV data for AU1rxhY276GepM4bm7VaYrgVPJW7tg4z2MtR2jfPpump
   Available timeframes: ['15m']
✅ Successfully imported OHLCV data for 7VwxiPZeSYfQbQxqorGBctSyorPMJusrGDFkX5TFpump
   Available timeframes: ['15m']
✅ Successfully imported OHLCV data for 2ru7VX6NnaZ78znCtgGmYs2PdcAQRCr3UaPfRkDUpump
   Available timeframes: ['15m']
✅ Successfully imported OHLCV data for H3c9RZhvCzxQSmLULh4RsJC8GuK9rVNV2bcoLhMQmoon
   Available timeframes: ['15m']
✅ Successfully imported OHLCV data for SWKT3Sksvtcepkn7MRn74WPUNH1Lo8H25MAogVepump
   Available timeframes: ['15m']
✅ Successfully imported OHLCV data for FN9tn6JQzegrUuHx7CyXyNsiSBZkRyoaHZuKF1Smpump
   Available timeframes: ['15m']
✅ Successfully imported OHLCV data for 5oDWr3xbRxJZ74VhDF5H4UnnSEstPJT7tJm4c5EFpump
   Available timeframes: ['15m']
✅ Successfully imported OHLCV data for 4J5HoZWoKcbo2JQxEEVCKRBfUQtEroY1QdRrKtZFpump
   Available timeframes: ['15m']
✅ Successfully imported OHLCV data for 5eNQJ87WnfMMfgNrc8qSJNTGmMyFqmQdnDYY9phApump
   Available timeframes: ['15m']
✅ Successfully imported OHLCV data for AkukwSXUTkDSeh2c1ypyvN4unzyr4xb2T4SmKkix6bT8
   Available timeframes: ['15m']
✅ Successfully imported OHLCV data for 98geVJZfj1JkzyRePEFRr2AHjLcs1TDwSptcVjMC2Eks
   Available timeframes: ['15m']
✅ Successfully imported OHLCV data for H758qwhw8YHLbDYmJsdN6Jta2ioguZ53PY6Qcisupump
   Available timeframes: ['15m']
✅ Successfully imported OHLCV data for tqrRt3AsuGa3aYYSvABMDrPJEWVzpAnh3p6LxXGpump
   Available timeframes: ['15m']
✅ Successfully imported OHLCV data for uSy45a8ZvRCdnWriPaAuiRHygrRPChSvHM53Myapump
   Available timeframes: ['15m']
✅ Successfully imported OHLCV data for FRpTyMBDavKsdYN1FQZcEeZ2iwGvHaZKFSkvr5izpump
   Available timeframes: ['15m']
✅ Successfully imported OHLCV data for 68YY6KjfnmPuQubYkFTsmXGaF2FuwcxumWLFxb6cpump
   Available timeframes: ['15m']
✅ Successfully imported OHLCV data for DyT6mdhiAYbHPML2AVXviGVxMQbc6Z3VmPZ2MQG6pump
   Available timeframes: ['15m']
✅ Successfully imported OHLCV data for ABAGcLC6hoapG3xFcBkwaXzmdFzdH7nup2JD1feapump
   Available timeframes: ['15m']
✅ Successfully imported OHLCV data for WhZEoFj5uejcq392GeYEC7Fmwr5q49wyq9jD5U3pump
   Available timeframes: ['15m']
✅ Successfully imported OHLCV data for 73rzMJ8uEqjAf5vE1YPGrXbg7Cb2Yv85EoxpJh2mpump
   Available timeframes: ['15m']
✅ Successfully imported OHLCV data for 5v62ivFK6pAERaZC8ysBD66dCJS83MbqyVAmXYddbM78
   Available timeframes: ['15m']
✅ Successfully imported OHLCV data for DTTLrCGbqn6fmNuKjGYqWFeQU5Hz153f5C3pNnxepump
   Available timeframes: ['15m']
✅ Successfully imported OHLCV data for KnrmAHo1wW2fGqVXcSZSpo6kmiKam5vNbDByrURpump
   Available timeframes: ['15m']

Successfully imported OHLCV data for 27 tokens

==================================================
Starting Fibonacci Analysis
==================================================
Selected timeframe for analysis: 15m
Debug - Target Fib Level: 0.786
Debug - Higher Fib Level: 0.618

==================================================
Analyzing Token: 6kJhG826LGowg7zG6PLd6tg7mqvVSdq2WzHhsfc7pump
==================================================

Initial Values:
First Open: 0.0002654028415927
ATH Close: 0.0049922320307919
Current Price: 0.0019889116102073
ATH Multiple from First Open: 18.81x

Fibonacci Price Levels:
Fib 0.236: 0.003814065271525012
Fib 0.382: 0.0030851993950293945
Fib 0.5: 0.00249611601539595
Fib 0.618: 0.001907032635762506
Fib 0.786: 0.0010683376545894668
Fib 0.886: 0.000569114451510277

Condition 1 - 5x Multiple Check:
Required: ATH (0.0049922320307919) >= First Open * 5 (0.0013270142079635002)
Actual Multiple: 18.81x
✅ PASSED - 5x multiple condition

Condition 2 - Price in Fib Range Check:
Required: 0.00249611601539595 >= 0.0019889116102073 >= 0.0010683376545894668
✅ PASSED - Price in target range

Condition 3 - Post-ATH Price Check:
Lowest post-ATH price: 0.0007910178762977
Target Fib level price: 0.0010683376545894668
❌ FAILED - Price went below target fib level after ATH

==================================================
Analyzing Token: 6AH9xWmRkjsKL3wnMTixhWrht6ZgCsngfUCwt8pDpump
==================================================

Initial Values:
First Open: 7.532618231542542e-06
ATH Close: 0.0062671823618798
Current Price: 0.0004852604430547
ATH Multiple from First Open: 832.01x

Fibonacci Price Levels:
Fib 0.236: 0.004788127324476168
Fib 0.382: 0.0038731186996417166
Fib 0.5: 0.0031335911809399
Fib 0.618: 0.0023940636622380835
Fib 0.786: 0.0013411770254422766
Fib 0.886: 0.0007144587892542967

Condition 1 - 5x Multiple Check:
Required: ATH (0.0062671823618798) >= First Open * 5 (3.766309115771271e-05)
Actual Multiple: 832.01x
✅ PASSED - 5x multiple condition

Condition 2 - Price in Fib Range Check:
Required: 0.0031335911809399 >= 0.0004852604430547 >= 0.0013411770254422766
❌ FAILED - Price not in target range

==================================================
Analyzing Token: ATEWnH7CyLUyDAYVnUS4jxBi243SWUnBmmpRf3QRpump
==================================================

Initial Values:
First Open: 1.94726770277915e-05
ATH Close: 0.0011286768252454
Current Price: 0.0005791924361063
ATH Multiple from First Open: 57.96x

Fibonacci Price Levels:
Fib 0.236: 0.0008623090944874856
Fib 0.382: 0.0006975222780016572
Fib 0.5: 0.0005643384126227
Fib 0.618: 0.0004311545472437427
Fib 0.786: 0.00024153684060251553
Fib 0.886: 0.0001286691580779755

Condition 1 - 5x Multiple Check:
Required: ATH (0.0011286768252454) >= First Open * 5 (9.73633851389575e-05)
Actual Multiple: 57.96x
✅ PASSED - 5x multiple condition

Condition 2 - Price in Fib Range Check:
Required: 0.0005643384126227 >= 0.0005791924361063 >= 0.00024153684060251553
❌ FAILED - Price not in target range

==================================================
Analyzing Token: FuVVu23hbFcXiiEM7ASp1CKY38DA3M7E626kGf7Upump
==================================================

Initial Values:
First Open: 8.642993058918456e-06
ATH Close: 0.0025618412406594
Current Price: 0.0005310244844327
ATH Multiple from First Open: 296.41x

Fibonacci Price Levels:
Fib 0.236: 0.0019572467078637816
Fib 0.382: 0.0015832178867275092
Fib 0.5: 0.0012809206203297
Fib 0.618: 0.0009786233539318908
Fib 0.786: 0.0005482340255011115
Fib 0.886: 0.0002920499014351717

Condition 1 - 5x Multiple Check:
Required: ATH (0.0025618412406594) >= First Open * 5 (4.3214965294592275e-05)
Actual Multiple: 296.41x
✅ PASSED - 5x multiple condition

Condition 2 - Price in Fib Range Check:
Required: 0.0012809206203297 >= 0.0005310244844327 >= 0.0005482340255011115
❌ FAILED - Price not in target range

==================================================
Analyzing Token: AU1rxhY276GepM4bm7VaYrgVPJW7tg4z2MtR2jfPpump
==================================================

Initial Values:
First Open: 0.0001172018657767
ATH Close: 0.0059498239873513
Current Price: 0.0005678706941481
ATH Multiple from First Open: 50.77x

Fibonacci Price Levels:
Fib 0.236: 0.004545665526336393
Fib 0.382: 0.003676991224183103
Fib 0.5: 0.00297491199367565
Fib 0.618: 0.0022728327631681964
Fib 0.786: 0.0012732623332931776
Fib 0.886: 0.0006782799345580485

Condition 1 - 5x Multiple Check:
Required: ATH (0.0059498239873513) >= First Open * 5 (0.0005860093288835)
Actual Multiple: 50.77x
✅ PASSED - 5x multiple condition

Condition 2 - Price in Fib Range Check:
Required: 0.00297491199367565 >= 0.0005678706941481 >= 0.0012732623332931776
❌ FAILED - Price not in target range

==================================================
Analyzing Token: 7VwxiPZeSYfQbQxqorGBctSyorPMJusrGDFkX5TFpump
==================================================

Initial Values:
First Open: 9.172554347462014e-06
ATH Close: 0.0009891423179605
Current Price: 0.0005905175579969
ATH Multiple from First Open: 107.84x

Fibonacci Price Levels:
Fib 0.236: 0.000755704730921822
Fib 0.382: 0.0006112899524995891
Fib 0.5: 0.00049457115898025
Fib 0.618: 0.000377852365460911
Fib 0.786: 0.00021167645604354694
Fib 0.886: 0.00011276222424749696

Condition 1 - 5x Multiple Check:
Required: ATH (0.0009891423179605) >= First Open * 5 (4.586277173731007e-05)
Actual Multiple: 107.84x
✅ PASSED - 5x multiple condition

Condition 2 - Price in Fib Range Check:
Required: 0.00049457115898025 >= 0.0005905175579969 >= 0.00021167645604354694
❌ FAILED - Price not in target range

==================================================
Analyzing Token: 2ru7VX6NnaZ78znCtgGmYs2PdcAQRCr3UaPfRkDUpump
==================================================

Initial Values:
First Open: 1.3418763174157412e-05
ATH Close: 0.0009248278971455
Current Price: 0.0006020317594046
ATH Multiple from First Open: 68.92x

Fibonacci Price Levels:
Fib 0.236: 0.000706568513419162
Fib 0.382: 0.000571543640435919
Fib 0.5: 0.00046241394857275
Fib 0.618: 0.00035328425670958093
Fib 0.786: 0.000197913169989137
Fib 0.886: 0.00010543038027458699

Condition 1 - 5x Multiple Check:
Required: ATH (0.0009248278971455) >= First Open * 5 (6.709381587078706e-05)
Actual Multiple: 68.92x
✅ PASSED - 5x multiple condition

Condition 2 - Price in Fib Range Check:
Required: 0.00046241394857275 >= 0.0006020317594046 >= 0.000197913169989137
❌ FAILED - Price not in target range

==================================================
Analyzing Token: H3c9RZhvCzxQSmLULh4RsJC8GuK9rVNV2bcoLhMQmoon
==================================================

Initial Values:
First Open: 0.0001048992620777
ATH Close: 0.001459808567482
Current Price: 0.0005747156673085
ATH Multiple from First Open: 13.92x

Fibonacci Price Levels:
Fib 0.236: 0.001115293745556248
Fib 0.382: 0.000902161694703876
Fib 0.5: 0.000729904283741
Fib 0.618: 0.0005576468727781239
Fib 0.786: 0.00031239903344114795
Fib 0.886: 0.00016641817669294802

Condition 1 - 5x Multiple Check:
Required: ATH (0.001459808567482) >= First Open * 5 (0.0005244963103885)
Actual Multiple: 13.92x
✅ PASSED - 5x multiple condition

Condition 2 - Price in Fib Range Check:
Required: 0.000729904283741 >= 0.0005747156673085 >= 0.00031239903344114795
✅ PASSED - Price in target range

Condition 3 - Post-ATH Price Check:
Lowest post-ATH price: 0.000275639459719
Target Fib level price: 0.00031239903344114795
❌ FAILED - Price went below target fib level after ATH

==================================================
Analyzing Token: SWKT3Sksvtcepkn7MRn74WPUNH1Lo8H25MAogVepump
==================================================

Initial Values:
First Open: 6.621023198443102e-06
ATH Close: 0.0017584860763629
Current Price: 0.0004628834727288
ATH Multiple from First Open: 265.59x

Fibonacci Price Levels:
Fib 0.236: 0.0013434833623412557
Fib 0.382: 0.0010867443951922723
Fib 0.5: 0.00087924303818145
Fib 0.618: 0.0006717416811706277
Fib 0.786: 0.00037631602034166045
Fib 0.886: 0.0002004674127053705

Condition 1 - 5x Multiple Check:
Required: ATH (0.0017584860763629) >= First Open * 5 (3.310511599221551e-05)
Actual Multiple: 265.59x
✅ PASSED - 5x multiple condition

Condition 2 - Price in Fib Range Check:
Required: 0.00087924303818145 >= 0.0004628834727288 >= 0.00037631602034166045
✅ PASSED - Price in target range

Condition 3 - Post-ATH Price Check:
Lowest post-ATH price: 0.0001704163788602
Target Fib level price: 0.00037631602034166045
❌ FAILED - Price went below target fib level after ATH

==================================================
Analyzing Token: FN9tn6JQzegrUuHx7CyXyNsiSBZkRyoaHZuKF1Smpump
==================================================

Initial Values:
First Open: 6.648955074288473e-06
ATH Close: 0.0009477700957037
Current Price: 0.00063476173924
ATH Multiple from First Open: 142.54x

Fibonacci Price Levels:
Fib 0.236: 0.0007240963531176267
Fib 0.382: 0.0005857219191448866
Fib 0.5: 0.00047388504785185
Fib 0.618: 0.0003620481765588134
Fib 0.786: 0.00020282280048059171
Fib 0.886: 0.00010804579091022184

Condition 1 - 5x Multiple Check:
Required: ATH (0.0009477700957037) >= First Open * 5 (3.324477537144237e-05)
Actual Multiple: 142.54x
✅ PASSED - 5x multiple condition

Condition 2 - Price in Fib Range Check:
Required: 0.00047388504785185 >= 0.00063476173924 >= 0.00020282280048059171
❌ FAILED - Price not in target range

==================================================
Analyzing Token: 5oDWr3xbRxJZ74VhDF5H4UnnSEstPJT7tJm4c5EFpump
==================================================

Initial Values:
First Open: 7.084141109608586e-06
ATH Close: 0.000837470227956
Current Price: 0.0007788149891107
ATH Multiple from First Open: 118.22x

Fibonacci Price Levels:
Fib 0.236: 0.0006398272541583839
Fib 0.382: 0.0005175566008768079
Fib 0.5: 0.000418735113978
Fib 0.618: 0.00031991362707919197
Fib 0.786: 0.00017921862878258392
Fib 0.886: 9.547160598698398e-05

Condition 1 - 5x Multiple Check:
Required: ATH (0.000837470227956) >= First Open * 5 (3.542070554804293e-05)
Actual Multiple: 118.22x
✅ PASSED - 5x multiple condition

Condition 2 - Price in Fib Range Check:
Required: 0.000418735113978 >= 0.0007788149891107 >= 0.00017921862878258392
❌ FAILED - Price not in target range

==================================================
Analyzing Token: 4J5HoZWoKcbo2JQxEEVCKRBfUQtEroY1QdRrKtZFpump
==================================================

Initial Values:
First Open: 0.0001076163360926
ATH Close: 0.010503108450542
Current Price: 0.0014913653172504
ATH Multiple from First Open: 97.60x

Fibonacci Price Levels:
Fib 0.236: 0.008024374856214088
Fib 0.382: 0.006490921022434956
Fib 0.5: 0.005251554225271
Fib 0.618: 0.004012187428107044
Fib 0.786: 0.002247665208415987
Fib 0.886: 0.001197354363361788

Condition 1 - 5x Multiple Check:
Required: ATH (0.010503108450542) >= First Open * 5 (0.000538081680463)
Actual Multiple: 97.60x
✅ PASSED - 5x multiple condition

Condition 2 - Price in Fib Range Check:
Required: 0.005251554225271 >= 0.0014913653172504 >= 0.002247665208415987
❌ FAILED - Price not in target range

==================================================
Analyzing Token: 5eNQJ87WnfMMfgNrc8qSJNTGmMyFqmQdnDYY9phApump
==================================================

Initial Values:
First Open: 0.0007645578226475
ATH Close: 0.0013945454233109
Current Price: 4.772378563641397e-06
ATH Multiple from First Open: 1.82x

Fibonacci Price Levels:
Fib 0.236: 0.0010654327034095277
Fib 0.382: 0.0008618290716061362
Fib 0.5: 0.00069727271165545
Fib 0.618: 0.0005327163517047639
Fib 0.786: 0.0002984327205885326
Fib 0.886: 0.0001589781782574426

Condition 1 - 5x Multiple Check:
Required: ATH (0.0013945454233109) >= First Open * 5 (0.0038227891132375)
Actual Multiple: 1.82x
❌ FAILED - Less than 5x from first open to ATH

==================================================
Analyzing Token: AkukwSXUTkDSeh2c1ypyvN4unzyr4xb2T4SmKkix6bT8
==================================================

Initial Values:
First Open: 8.37236327034026e-06
ATH Close: 0.0182155188911123
Current Price: 0.0007399980536877
ATH Multiple from First Open: 2175.67x

Fibonacci Price Levels:
Fib 0.236: 0.013916656432809796
Fib 0.382: 0.011257190674707401
Fib 0.5: 0.00910775944555615
Fib 0.618: 0.006958328216404899
Fib 0.786: 0.003898121042698032
Fib 0.886: 0.0020765691535868033

Condition 1 - 5x Multiple Check:
Required: ATH (0.0182155188911123) >= First Open * 5 (4.1861816351701304e-05)
Actual Multiple: 2175.67x
✅ PASSED - 5x multiple condition

Condition 2 - Price in Fib Range Check:
Required: 0.00910775944555615 >= 0.0007399980536877 >= 0.003898121042698032
❌ FAILED - Price not in target range

==================================================
Analyzing Token: 98geVJZfj1JkzyRePEFRr2AHjLcs1TDwSptcVjMC2Eks
==================================================

Initial Values:
First Open: 0.0001053728543018
ATH Close: 0.0005640710984455
Current Price: 4.5753293330246886e-05
ATH Multiple from First Open: 5.35x

Fibonacci Price Levels:
Fib 0.236: 0.000430950319212362
Fib 0.382: 0.000348595938839319
Fib 0.5: 0.00028203554922275
Fib 0.618: 0.000215475159606181
Fib 0.786: 0.000120711215067337
Fib 0.886: 6.430410522278703e-05

Condition 1 - 5x Multiple Check:
Required: ATH (0.0005640710984455) >= First Open * 5 (0.000526864271509)
Actual Multiple: 5.35x
✅ PASSED - 5x multiple condition

Condition 2 - Price in Fib Range Check:
Required: 0.00028203554922275 >= 4.5753293330246886e-05 >= 0.000120711215067337
❌ FAILED - Price not in target range

==================================================
Analyzing Token: H758qwhw8YHLbDYmJsdN6Jta2ioguZ53PY6Qcisupump
==================================================

Initial Values:
First Open: 6.539115329724064e-06
ATH Close: 0.0009411946302472
Current Price: 0.0004540979289547
ATH Multiple from First Open: 143.93x

Fibonacci Price Levels:
Fib 0.236: 0.0007190726975088609
Fib 0.382: 0.0005816582814927696
Fib 0.5: 0.0004705973151236
Fib 0.618: 0.0003595363487544304
Fib 0.786: 0.00020141565087290075
Fib 0.886: 0.0001072961878481808

Condition 1 - 5x Multiple Check:
Required: ATH (0.0009411946302472) >= First Open * 5 (3.269557664862032e-05)
Actual Multiple: 143.93x
✅ PASSED - 5x multiple condition

Condition 2 - Price in Fib Range Check:
Required: 0.0004705973151236 >= 0.0004540979289547 >= 0.00020141565087290075
✅ PASSED - Price in target range

Condition 3 - Post-ATH Price Check:
Lowest post-ATH price: 0.0002651132918802
Target Fib level price: 0.00020141565087290075
✅ PASSED - Price maintained above target fib level

Condition 4 - Check for Large Price Drops:
Maximum price drop in a single candle: 34.60%
Maximum allowed drop: 50%
✅ PASSED - No excessive price drops found

TOKEN QUALIFIED - Passed all conditions!

==================================================
Analyzing Token: tqrRt3AsuGa3aYYSvABMDrPJEWVzpAnh3p6LxXGpump
==================================================

Initial Values:
First Open: 8.318369137235707e-06
ATH Close: 0.0015271169384947
Current Price: 0.0006761872341696
ATH Multiple from First Open: 183.58x

Fibonacci Price Levels:
Fib 0.236: 0.0011667173410099508
Fib 0.382: 0.0009437582679897245
Fib 0.5: 0.00076355846924735
Fib 0.618: 0.0005833586705049754
Fib 0.786: 0.0003268030248378658
Fib 0.886: 0.00017409133098839568

Condition 1 - 5x Multiple Check:
Required: ATH (0.0015271169384947) >= First Open * 5 (4.159184568617854e-05)
Actual Multiple: 183.58x
✅ PASSED - 5x multiple condition

Condition 2 - Price in Fib Range Check:
Required: 0.00076355846924735 >= 0.0006761872341696 >= 0.0003268030248378658
✅ PASSED - Price in target range

Condition 3 - Post-ATH Price Check:
Lowest post-ATH price: 0.0003686769968672
Target Fib level price: 0.0003268030248378658
✅ PASSED - Price maintained above target fib level

Condition 4 - Check for Large Price Drops:
Maximum price drop in a single candle: 38.71%
Maximum allowed drop: 50%
✅ PASSED - No excessive price drops found

TOKEN QUALIFIED - Passed all conditions!

==================================================
Analyzing Token: uSy45a8ZvRCdnWriPaAuiRHygrRPChSvHM53Myapump
==================================================

Initial Values:
First Open: 0.0001026599438448
ATH Close: 0.0017095636823469
Current Price: 0.0002498687328032
ATH Multiple from First Open: 16.65x

Fibonacci Price Levels:
Fib 0.236: 0.0013061066533130317
Fib 0.382: 0.0010565103556903844
Fib 0.5: 0.00085478184117345
Fib 0.618: 0.0006530533266565159
Fib 0.786: 0.0003658466280222366
Fib 0.886: 0.0001948902597875466

Condition 1 - 5x Multiple Check:
Required: ATH (0.0017095636823469) >= First Open * 5 (0.000513299719224)
Actual Multiple: 16.65x
✅ PASSED - 5x multiple condition

Condition 2 - Price in Fib Range Check:
Required: 0.00085478184117345 >= 0.0002498687328032 >= 0.0003658466280222366
❌ FAILED - Price not in target range

==================================================
Analyzing Token: FRpTyMBDavKsdYN1FQZcEeZ2iwGvHaZKFSkvr5izpump
==================================================

Initial Values:
First Open: 6.890769810538981e-06
ATH Close: 0.0069148734632149
Current Price: 0.0007220917108982
ATH Multiple from First Open: 1003.50x

Fibonacci Price Levels:
Fib 0.236: 0.005282963325896183
Fib 0.382: 0.004273391800266808
Fib 0.5: 0.00345743673160745
Fib 0.618: 0.0026414816629480916
Fib 0.786: 0.001479782921127988
Fib 0.886: 0.0007882955748064989

Condition 1 - 5x Multiple Check:
Required: ATH (0.0069148734632149) >= First Open * 5 (3.445384905269491e-05)
Actual Multiple: 1003.50x
✅ PASSED - 5x multiple condition

Condition 2 - Price in Fib Range Check:
Required: 0.00345743673160745 >= 0.0007220917108982 >= 0.001479782921127988
❌ FAILED - Price not in target range

==================================================
Analyzing Token: 68YY6KjfnmPuQubYkFTsmXGaF2FuwcxumWLFxb6cpump
==================================================

Initial Values:
First Open: 7.168175141356975e-06
ATH Close: 0.0019208903723816
Current Price: 0.0008690429821426
ATH Multiple from First Open: 267.97x

Fibonacci Price Levels:
Fib 0.236: 0.0014675602444995423
Fib 0.382: 0.0011871102501318288
Fib 0.5: 0.0009604451861908
Fib 0.618: 0.0007337801222497711
Fib 0.786: 0.00041107053968966224
Fib 0.886: 0.00021898150245150232

Condition 1 - 5x Multiple Check:
Required: ATH (0.0019208903723816) >= First Open * 5 (3.584087570678487e-05)
Actual Multiple: 267.97x
✅ PASSED - 5x multiple condition

Condition 2 - Price in Fib Range Check:
Required: 0.0009604451861908 >= 0.0008690429821426 >= 0.00041107053968966224
✅ PASSED - Price in target range

Condition 3 - Post-ATH Price Check:
Lowest post-ATH price: 0.0006143489685756
Target Fib level price: 0.00041107053968966224
✅ PASSED - Price maintained above target fib level

Condition 4 - Check for Large Price Drops:
Maximum price drop in a single candle: 20.80%
Maximum allowed drop: 50%
✅ PASSED - No excessive price drops found

TOKEN QUALIFIED - Passed all conditions!

==================================================
Analyzing Token: DyT6mdhiAYbHPML2AVXviGVxMQbc6Z3VmPZ2MQG6pump
==================================================

Initial Values:
First Open: 7.317997351815066e-06
ATH Close: 0.0026197198363704
Current Price: 0.0007487443150281
ATH Multiple from First Open: 357.98x

Fibonacci Price Levels:
Fib 0.236: 0.0020014659549869858
Fib 0.382: 0.001618986858876907
Fib 0.5: 0.0013098599181852
Fib 0.618: 0.0010007329774934929
Fib 0.786: 0.0005606200449832653
Fib 0.886: 0.0002986480613462257

Condition 1 - 5x Multiple Check:
Required: ATH (0.0026197198363704) >= First Open * 5 (3.6589986759075334e-05)
Actual Multiple: 357.98x
✅ PASSED - 5x multiple condition

Condition 2 - Price in Fib Range Check:
Required: 0.0013098599181852 >= 0.0007487443150281 >= 0.0005606200449832653
✅ PASSED - Price in target range

Condition 3 - Post-ATH Price Check:
Lowest post-ATH price: 0.000167609206086
Target Fib level price: 0.0005606200449832653
❌ FAILED - Price went below target fib level after ATH

==================================================
Analyzing Token: ABAGcLC6hoapG3xFcBkwaXzmdFzdH7nup2JD1feapump
==================================================

Initial Values:
First Open: 7.275687459097718e-06
ATH Close: 0.0012573067679457
Current Price: 0.0007510841691772
ATH Multiple from First Open: 172.81x

Fibonacci Price Levels:
Fib 0.236: 0.0009605823707105148
Fib 0.382: 0.0007770155825904426
Fib 0.5: 0.00062865338397285
Fib 0.618: 0.0004802911853552574
Fib 0.786: 0.0002690636483403798
Fib 0.886: 0.00014333297154580987

Condition 1 - 5x Multiple Check:
Required: ATH (0.0012573067679457) >= First Open * 5 (3.637843729548859e-05)
Actual Multiple: 172.81x
✅ PASSED - 5x multiple condition

Condition 2 - Price in Fib Range Check:
Required: 0.00062865338397285 >= 0.0007510841691772 >= 0.0002690636483403798
❌ FAILED - Price not in target range

==================================================
Analyzing Token: WhZEoFj5uejcq392GeYEC7Fmwr5q49wyq9jD5U3pump
==================================================

Initial Values:
First Open: 8.966429191498088e-06
ATH Close: 0.000901473947474
Current Price: 0.0009001635278895
ATH Multiple from First Open: 100.54x

Fibonacci Price Levels:
Fib 0.236: 0.000688726095870136
Fib 0.382: 0.000557110899538932
Fib 0.5: 0.000450736973737
Fib 0.618: 0.000344363047935068
Fib 0.786: 0.00019291542475943595
Fib 0.886: 0.00010276803001203598

Condition 1 - 5x Multiple Check:
Required: ATH (0.000901473947474) >= First Open * 5 (4.4832145957490445e-05)
Actual Multiple: 100.54x
✅ PASSED - 5x multiple condition

Condition 2 - Price in Fib Range Check:
Required: 0.000450736973737 >= 0.0009001635278895 >= 0.00019291542475943595
❌ FAILED - Price not in target range

==================================================
Analyzing Token: 73rzMJ8uEqjAf5vE1YPGrXbg7Cb2Yv85EoxpJh2mpump
==================================================

Initial Values:
First Open: 8.960375329444191e-06
ATH Close: 0.0042389217915658
Current Price: 0.0008673781230786
ATH Multiple from First Open: 473.07x

Fibonacci Price Levels:
Fib 0.236: 0.003238536248756272
Fib 0.382: 0.002619653667187665
Fib 0.5: 0.0021194608957829
Fib 0.618: 0.001619268124378136
Fib 0.786: 0.0009071292633950814
Fib 0.886: 0.00048323708423850123

Condition 1 - 5x Multiple Check:
Required: ATH (0.0042389217915658) >= First Open * 5 (4.4801876647220955e-05)
Actual Multiple: 473.07x
✅ PASSED - 5x multiple condition

Condition 2 - Price in Fib Range Check:
Required: 0.0021194608957829 >= 0.0008673781230786 >= 0.0009071292633950814
❌ FAILED - Price not in target range

==================================================
Analyzing Token: 5v62ivFK6pAERaZC8ysBD66dCJS83MbqyVAmXYddbM78
==================================================

Initial Values:
First Open: 0.0005491867015956
ATH Close: 0.0011213929712712
Current Price: 0.0008753502071851
ATH Multiple from First Open: 2.04x

Fibonacci Price Levels:
Fib 0.236: 0.0008567442300511968
Fib 0.382: 0.0006930208562456017
Fib 0.5: 0.0005606964856356
Fib 0.618: 0.0004283721150255984
Fib 0.786: 0.00023997809585203677
Fib 0.886: 0.00012783879872491685

Condition 1 - 5x Multiple Check:
Required: ATH (0.0011213929712712) >= First Open * 5 (0.002745933507978)
Actual Multiple: 2.04x
❌ FAILED - Less than 5x from first open to ATH

==================================================
Analyzing Token: DTTLrCGbqn6fmNuKjGYqWFeQU5Hz153f5C3pNnxepump
==================================================

Initial Values:
First Open: 8.621375749494822e-06
ATH Close: 0.0030501691908318
Current Price: 0.001203611006015
ATH Multiple from First Open: 353.79x

Fibonacci Price Levels:
Fib 0.236: 0.0023303292617954953
Fib 0.382: 0.0018850045599340525
Fib 0.5: 0.0015250845954159
Fib 0.618: 0.0011651646308977477
Fib 0.786: 0.0006527362068380052
Fib 0.886: 0.000347719287754825

Condition 1 - 5x Multiple Check:
Required: ATH (0.0030501691908318) >= First Open * 5 (4.310687874747411e-05)
Actual Multiple: 353.79x
✅ PASSED - 5x multiple condition

Condition 2 - Price in Fib Range Check:
Required: 0.0015250845954159 >= 0.001203611006015 >= 0.0006527362068380052
✅ PASSED - Price in target range

Condition 3 - Post-ATH Price Check:
Lowest post-ATH price: 0.0002540590224867
Target Fib level price: 0.0006527362068380052
❌ FAILED - Price went below target fib level after ATH

==================================================
Analyzing Token: KnrmAHo1wW2fGqVXcSZSpo6kmiKam5vNbDByrURpump
==================================================

Initial Values:
First Open: 1.2157778891957165e-05
ATH Close: 0.0022588592048784
Current Price: 0.0009065973404293
ATH Multiple from First Open: 185.80x

Fibonacci Price Levels:
Fib 0.236: 0.0017257684325270978
Fib 0.382: 0.0013959749886148514
Fib 0.5: 0.0011294296024392
Fib 0.618: 0.0008628842162635489
Fib 0.786: 0.0004833958698439776
Fib 0.886: 0.0002575099493561375

Condition 1 - 5x Multiple Check:
Required: ATH (0.0022588592048784) >= First Open * 5 (6.078889445978582e-05)
Actual Multiple: 185.80x
✅ PASSED - 5x multiple condition

Condition 2 - Price in Fib Range Check:
Required: 0.0011294296024392 >= 0.0009065973404293 >= 0.0004833958698439776
✅ PASSED - Price in target range

Condition 3 - Post-ATH Price Check:
Lowest post-ATH price: 0.0006527726613808
Target Fib level price: 0.0004833958698439776
✅ PASSED - Price maintained above target fib level

Condition 4 - Check for Large Price Drops:
Maximum price drop in a single candle: 16.73%
Maximum allowed drop: 50%
✅ PASSED - No excessive price drops found

TOKEN QUALIFIED - Passed all conditions!

Found 4 tokens passing Fibonacci criteria
Found 4 new tokens for bubblemap analysis

Analyzing bubblemap for token: H758qwhw8YHLbDYmJsdN6Jta2ioguZ53PY6Qcisupump
Connecting to 91.108.56.131:443/TcpFull...
Connecting to 91.108.56.131:443/TcpFull...
Connecting to 91.108.56.131:443/TcpFull...
Connecting to 91.108.56.131:443/TcpFull...
Connection to 91.108.56.131:443/TcpFull complete!
Connection to 91.108.56.131:443/TcpFull complete!
Connection to 91.108.56.131:443/TcpFull complete!
Connection to 91.108.56.131:443/TcpFull complete!
Sending command: /s H758qwhw8YHLbDYmJsdN6Jta2ioguZ53PY6Qcisupump
Sending command: /s H758qwhw8YHLbDYmJsdN6Jta2ioguZ53PY6Qcisupump
Got difference for account updates
Got difference for account updates
Got difference for account updates
Got difference for account updates
Got difference for channel 1924865773 updates
Got difference for channel 1924865773 updates
Got difference for channel 1924865773 updates
Got difference for channel 1924865773 updates
Got difference for account updates
Got difference for account updates
Got difference for account updates
Got difference for account updates
Got difference for account updates
Got difference for account updates
Got difference for account updates
Got difference for account updates
Got difference for account updates
Got difference for account updates
Got difference for account updates
Got difference for account updates
Got difference for account updates
Got difference for account updates
Got difference for account updates
Got difference for account updates
Timeout waiting for initial response, retrying...
Timeout waiting for initial response, retrying...
Sending command: /s H758qwhw8YHLbDYmJsdN6Jta2ioguZ53PY6Qcisupump
Sending command: /s H758qwhw8YHLbDYmJsdN6Jta2ioguZ53PY6Qcisupump
Got difference for account updates
Got difference for account updates
Got difference for account updates
Got difference for account updates
Received bubble data:
Token Name: KAFKA ai**
Largest individual cluster: 3.81%
Maximum allowed cluster: 6%
✅ PASSED - No clusters exceed maximum percentage
🎯 Token passed all bubblemap criteria!
Disconnecting from 91.108.56.131:443/TcpFull...
Disconnecting from 91.108.56.131:443/TcpFull...
Disconnecting from 91.108.56.131:443/TcpFull...
Disconnecting from 91.108.56.131:443/TcpFull...
Disconnection from 91.108.56.131:443/TcpFull complete!
Disconnection from 91.108.56.131:443/TcpFull complete!
Disconnection from 91.108.56.131:443/TcpFull complete!
Disconnection from 91.108.56.131:443/TcpFull complete!
Disconnected from Telegram
Disconnected from Telegram

Analyzing bubblemap for token: tqrRt3AsuGa3aYYSvABMDrPJEWVzpAnh3p6LxXGpump
Connecting to 91.108.56.131:443/TcpFull...
Connecting to 91.108.56.131:443/TcpFull...
Connecting to 91.108.56.131:443/TcpFull...
Connecting to 91.108.56.131:443/TcpFull...
Connection to 91.108.56.131:443/TcpFull complete!
Connection to 91.108.56.131:443/TcpFull complete!
Connection to 91.108.56.131:443/TcpFull complete!
Connection to 91.108.56.131:443/TcpFull complete!
Sending command: /s tqrRt3AsuGa3aYYSvABMDrPJEWVzpAnh3p6LxXGpump
Sending command: /s tqrRt3AsuGa3aYYSvABMDrPJEWVzpAnh3p6LxXGpump
Received bubble data:
Token Name: KAFKA ai**
Largest individual cluster: 3.81%
Maximum allowed cluster: 6%
✅ PASSED - No clusters exceed maximum percentage
🎯 Token passed all bubblemap criteria!
Disconnecting from 91.108.56.131:443/TcpFull...
Disconnecting from 91.108.56.131:443/TcpFull...
Disconnecting from 91.108.56.131:443/TcpFull...
Disconnecting from 91.108.56.131:443/TcpFull...
Disconnection from 91.108.56.131:443/TcpFull complete!
Disconnection from 91.108.56.131:443/TcpFull complete!
Disconnection from 91.108.56.131:443/TcpFull complete!
Disconnection from 91.108.56.131:443/TcpFull complete!
Disconnected from Telegram
Disconnected from Telegram

Analyzing bubblemap for token: 68YY6KjfnmPuQubYkFTsmXGaF2FuwcxumWLFxb6cpump
Connecting to 91.108.56.131:443/TcpFull...
Connecting to 91.108.56.131:443/TcpFull...
Connecting to 91.108.56.131:443/TcpFull...
Connecting to 91.108.56.131:443/TcpFull...
Connection to 91.108.56.131:443/TcpFull complete!
Connection to 91.108.56.131:443/TcpFull complete!
Connection to 91.108.56.131:443/TcpFull complete!
Connection to 91.108.56.131:443/TcpFull complete!
Sending command: /s 68YY6KjfnmPuQubYkFTsmXGaF2FuwcxumWLFxb6cpump
Sending command: /s 68YY6KjfnmPuQubYkFTsmXGaF2FuwcxumWLFxb6cpump
Received bubble data:
Token Name: ponzi dot marke**
Largest individual cluster: 4.83%
Maximum allowed cluster: 6%
✅ PASSED - No clusters exceed maximum percentage
🎯 Token passed all bubblemap criteria!
Disconnecting from 91.108.56.131:443/TcpFull...
Disconnecting from 91.108.56.131:443/TcpFull...
Disconnecting from 91.108.56.131:443/TcpFull...
Disconnecting from 91.108.56.131:443/TcpFull...
Disconnection from 91.108.56.131:443/TcpFull complete!
Disconnection from 91.108.56.131:443/TcpFull complete!
Disconnection from 91.108.56.131:443/TcpFull complete!
Disconnection from 91.108.56.131:443/TcpFull complete!
Disconnected from Telegram
Disconnected from Telegram

Analyzing bubblemap for token: KnrmAHo1wW2fGqVXcSZSpo6kmiKam5vNbDByrURpump
Connecting to 91.108.56.131:443/TcpFull...
Connecting to 91.108.56.131:443/TcpFull...
Connecting to 91.108.56.131:443/TcpFull...
Connecting to 91.108.56.131:443/TcpFull...
Connection to 91.108.56.131:443/TcpFull complete!
Connection to 91.108.56.131:443/TcpFull complete!
Connection to 91.108.56.131:443/TcpFull complete!
Connection to 91.108.56.131:443/TcpFull complete!
Sending command: /s KnrmAHo1wW2fGqVXcSZSpo6kmiKam5vNbDByrURpump
Sending command: /s KnrmAHo1wW2fGqVXcSZSpo6kmiKam5vNbDByrURpump
Received bubble data:
Token Name: gemxbt**
Largest individual cluster: 8.03%
Maximum allowed cluster: 6%
❌ REJECTED - Individual cluster 8.03% exceeds maximum 6%
Saved 3 new qualifying tokens to /Users/dhruvmudambi/Desktop/Coding/Birdeye_Dashboard/Bots/Fib/Data/New_Token_Data/2024_12_12/Results/2024_Dec_12_0812PM/qualified_tokens.csv

Analysis cycle completed
Waiting 10 seconds before next cycle...
