2024-11-16 05:45:15,858 - TelegramMonitor - INFO - Monitoring system initialized successfully
2024-11-16 05:45:15,858 - TelegramMonitor - INFO - Starting Telegram monitoring system...
2024-11-16 05:45:16,598 - TelegramMonitor - INFO - Topic: Solana_FDV_Surge - Filtered: 5 - Passed: 5
2024-11-16 05:45:16,629 - TelegramMonitor - INFO - Topic: PUMP_FDV_Surge - Filtered: 5 - Passed: 4
2024-11-16 05:45:16,663 - TelegramMonitor - INFO - Topic: ATH_Price - Filtered: 5 - Passed: 4
2024-11-16 05:45:34,336 - TelegramMonitor - INFO - Topic: PUMP_FDV_Surge - Filtered: 5 - Passed: 1
2024-11-16 05:45:40,127 - TelegramMonitor - INFO - Topic: PUMP_FDV_Surge - Filtered: 5 - Passed: 1
2024-11-16 05:46:54,971 - TelegramMonitor - INFO - Topic: Solana_FDV_Surge - Filtered: 5 - Passed: 1
2024-11-16 05:47:29,598 - TelegramMonitor - INFO - Topic: Solana_FDV_Surge - Filtered: 5 - Passed: 1
2024-11-16 05:48:33,578 - TelegramMonitor - INFO - Topic: PUMP_FDV_Surge - Filtered: 5 - Passed: 1
2024-11-16 05:48:39,605 - TelegramMonitor - INFO - Topic: ATH_Price - Filtered: 5 - Passed: 1
2024-11-16 05:49:53,492 - TelegramMonitor - INFO - Topic: Solana_FDV_Surge - Filtered: 5 - Passed: 1
2024-11-16 05:52:11,432 - TelegramMonitor - INFO - Topic: Solana_FDV_Surge - Filtered: 5 - Passed: 1
2024-11-16 05:52:28,606 - TelegramMonitor - INFO - Topic: Solana_FDV_Surge - Filtered: 5 - Passed: 1
2024-11-16 05:53:38,556 - TelegramMonitor - INFO - Topic: PUMP_FDV_Surge - Filtered: 5 - Passed: 1
2024-11-16 05:53:50,047 - TelegramMonitor - INFO - Topic: PUMP_FDV_Surge - Filtered: 5 - Passed: 1
2024-11-16 05:55:16,371 - TelegramMonitor - INFO - Topic: ATH_Price - Filtered: 5 - Passed: 1
2024-11-16 05:55:45,082 - TelegramMonitor - INFO - Topic: PUMP_FDV_Surge - Filtered: 5 - Passed: 1
2024-11-16 05:56:08,079 - TelegramMonitor - INFO - Topic: PUMP_FDV_Surge - Filtered: 5 - Passed: 1
2024-11-16 05:56:18,648 - TelegramMonitor - INFO - Topic: Solana_FDV_Surge - Filtered: 5 - Passed: 1
2024-11-16 05:56:42,554 - TelegramMonitor - INFO - Topic: PUMP_FDV_Surge - Filtered: 5 - Passed: 1
2024-11-16 05:57:44,931 - TelegramMonitor - INFO - Topic: Solana_FDV_Surge - Filtered: 5 - Passed: 1
2024-11-16 05:58:08,813 - TelegramMonitor - INFO - Topic: PUMP_FDV_Surge - Filtered: 5 - Passed: 1
2024-11-16 05:58:14,551 - TelegramMonitor - INFO - Topic: PUMP_FDV_Surge - Filtered: 5 - Passed: 1
2024-11-16 05:59:17,917 - TelegramMonitor - INFO - Topic: ATH_Price - Filtered: 5 - Passed: 1
2024-11-16 05:59:58,425 - TelegramMonitor - INFO - Topic: ATH_Price - Filtered: 5 - Passed: 1
2024-11-16 06:00:37,968 - TelegramMonitor - INFO - Topic: Solana_FDV_Surge - Filtered: 5 - Passed: 1
2024-11-16 06:02:22,474 - TelegramMonitor - INFO - Topic: PUMP_FDV_Surge - Filtered: 5 - Passed: 1
2024-11-16 06:03:14,573 - TelegramMonitor - INFO - Topic: PUMP_FDV_Surge - Filtered: 5 - Passed: 1
2024-11-16 06:03:31,726 - TelegramMonitor - INFO - Topic: PUMP_FDV_Surge - Filtered: 5 - Passed: 1
2024-11-16 06:04:00,399 - TelegramMonitor - INFO - Topic: PUMP_FDV_Surge - Filtered: 5 - Passed: 1
2024-11-16 06:04:05,790 - TelegramMonitor - INFO - Topic: ATH_Price - Filtered: 5 - Passed: 1
2024-11-16 06:04:11,502 - TelegramMonitor - INFO - Topic: ATH_Price - Filtered: 5 - Passed: 1
2024-11-16 06:04:28,420 - TelegramMonitor - INFO - Topic: Solana_FDV_Surge - Filtered: 5 - Passed: 1
2024-11-16 06:07:22,367 - TelegramMonitor - INFO - Topic: PUMP_FDV_Surge - Filtered: 5 - Passed: 1
2024-11-16 06:09:57,844 - TelegramMonitor - INFO - Topic: PUMP_FDV_Surge - Filtered: 5 - Passed: 1
2024-11-16 06:10:03,117 - TelegramMonitor - INFO - Topic: ATH_Price - Filtered: 5 - Passed: 1
2024-11-16 06:10:03,574 - TelegramMonitor - INFO - Topic: PUMP_FDV_Surge - Filtered: 5 - Passed: 1
2024-11-16 06:10:26,514 - TelegramMonitor - INFO - Topic: PUMP_FDV_Surge - Filtered: 5 - Passed: 1
2024-11-16 06:11:23,537 - TelegramMonitor - INFO - Topic: Solana_FDV_Surge - Filtered: 5 - Passed: 1
2024-11-16 06:12:27,814 - TelegramMonitor - INFO - Topic: PUMP_FDV_Surge - Filtered: 5 - Passed: 1
2024-11-16 06:14:57,239 - TelegramMonitor - INFO - Topic: ATH_Price - Filtered: 5 - Passed: 1
2024-11-16 06:15:03,866 - TelegramMonitor - INFO - Topic: PUMP_FDV_Surge - Filtered: 5 - Passed: 1
2024-11-16 06:16:23,564 - TelegramMonitor - INFO - Topic: Solana_FDV_Surge - Filtered: 5 - Passed: 1
2024-11-16 06:17:10,860 - TelegramMonitor - INFO - Topic: PUMP_FDV_Surge - Filtered: 5 - Passed: 1
2024-11-16 06:17:16,590 - TelegramMonitor - INFO - Topic: PUMP_FDV_Surge - Filtered: 5 - Passed: 1
2024-11-16 06:17:51,382 - TelegramMonitor - INFO - Topic: PUMP_FDV_Surge - Filtered: 5 - Passed: 1
2024-11-16 06:18:14,619 - TelegramMonitor - INFO - Topic: PUMP_FDV_Surge - Filtered: 5 - Passed: 1
2024-11-16 06:18:30,531 - TelegramMonitor - INFO - Topic: Solana_FDV_Surge - Filtered: 5 - Passed: 1
2024-11-16 06:20:03,346 - TelegramMonitor - INFO - Topic: ATH_Price - Filtered: 5 - Passed: 1
2024-11-16 06:20:37,971 - TelegramMonitor - INFO - Topic: ATH_Price - Filtered: 5 - Passed: 1
2024-11-16 06:20:50,046 - TelegramMonitor - INFO - Topic: PUMP_FDV_Surge - Filtered: 5 - Passed: 1
2024-11-16 06:21:46,420 - TelegramMonitor - INFO - Topic: Solana_FDV_Surge - Filtered: 5 - Passed: 1
2024-11-16 06:21:57,923 - TelegramMonitor - INFO - Topic: Solana_FDV_Surge - Filtered: 5 - Passed: 1
2024-11-16 06:25:02,676 - TelegramMonitor - INFO - Topic: PUMP_FDV_Surge - Filtered: 5 - Passed: 1
2024-11-16 06:25:08,411 - TelegramMonitor - INFO - Topic: PUMP_FDV_Surge - Filtered: 5 - Passed: 1
2024-11-16 06:25:13,530 - TelegramMonitor - INFO - Topic: Solana_FDV_Surge - Filtered: 5 - Passed: 1
2024-11-16 06:25:30,666 - TelegramMonitor - INFO - Topic: Solana_FDV_Surge - Filtered: 5 - Passed: 1
2024-11-16 06:25:48,420 - TelegramMonitor - INFO - Topic: ATH_Price - Filtered: 5 - Passed: 1
2024-11-16 06:26:17,065 - TelegramMonitor - INFO - Topic: ATH_Price - Filtered: 5 - Passed: 1
2024-11-16 06:26:56,837 - TelegramMonitor - INFO - Topic: Solana_FDV_Surge - Filtered: 5 - Passed: 1
2024-11-16 06:27:20,365 - TelegramMonitor - INFO - Topic: ATH_Price - Filtered: 5 - Passed: 1
2024-11-16 06:27:25,796 - TelegramMonitor - INFO - Topic: Solana_FDV_Surge - Filtered: 5 - Passed: 1
2024-11-16 06:27:26,719 - TelegramMonitor - INFO - Topic: PUMP_FDV_Surge - Filtered: 5 - Passed: 1
2024-11-16 06:27:43,891 - TelegramMonitor - INFO - Topic: PUMP_FDV_Surge - Filtered: 5 - Passed: 1
2024-11-16 06:27:49,610 - TelegramMonitor - INFO - Topic: PUMP_FDV_Surge - Filtered: 5 - Passed: 1
2024-11-16 06:28:40,348 - TelegramMonitor - INFO - Topic: Solana_FDV_Surge - Filtered: 5 - Passed: 1
2024-11-16 06:28:46,839 - TelegramMonitor - INFO - Topic: PUMP_FDV_Surge - Filtered: 5 - Passed: 1
2024-11-16 06:29:38,932 - TelegramMonitor - INFO - Topic: PUMP_FDV_Surge - Filtered: 5 - Passed: 1
2024-11-16 06:30:47,437 - TelegramMonitor - INFO - Topic: Solana_FDV_Surge - Filtered: 5 - Passed: 1
2024-11-16 06:30:48,128 - TelegramMonitor - INFO - Topic: PUMP_FDV_Surge - Filtered: 5 - Passed: 1
2024-11-16 06:31:21,748 - TelegramMonitor - INFO - Topic: Solana_FDV_Surge - Filtered: 5 - Passed: 1
2024-11-16 06:31:39,907 - TelegramMonitor - INFO - Topic: PUMP_FDV_Surge - Filtered: 5 - Passed: 1
2024-11-16 06:31:56,273 - TelegramMonitor - INFO - Topic: Solana_FDV_Surge - Filtered: 5 - Passed: 1
2024-11-16 06:33:28,735 - TelegramMonitor - INFO - Topic: ATH_Price - Filtered: 5 - Passed: 1
2024-11-16 06:33:34,113 - TelegramMonitor - INFO - Topic: Solana_FDV_Surge - Filtered: 5 - Passed: 1
2024-11-16 06:34:08,736 - TelegramMonitor - INFO - Topic: Solana_FDV_Surge - Filtered: 5 - Passed: 1
2024-11-16 06:36:27,405 - TelegramMonitor - INFO - Topic: Solana_FDV_Surge - Filtered: 5 - Passed: 1
2024-11-16 06:36:55,903 - TelegramMonitor - INFO - Topic: ATH_Price - Filtered: 5 - Passed: 1
2024-11-16 06:36:56,585 - TelegramMonitor - INFO - Topic: PUMP_FDV_Surge - Filtered: 5 - Passed: 1
2024-11-16 06:38:10,802 - TelegramMonitor - INFO - Topic: PUMP_FDV_Surge - Filtered: 5 - Passed: 1
2024-11-16 06:38:28,130 - TelegramMonitor - INFO - Topic: Solana_FDV_Surge - Filtered: 5 - Passed: 1
2024-11-16 06:39:02,558 - TelegramMonitor - INFO - Topic: PUMP_FDV_Surge - Filtered: 5 - Passed: 1
2024-11-16 06:39:54,103 - TelegramMonitor - INFO - Topic: PUMP_FDV_Surge - Filtered: 5 - Passed: 1
2024-11-16 06:41:02,762 - TelegramMonitor - INFO - Topic: PUMP_FDV_Surge - Filtered: 5 - Passed: 1
2024-11-16 06:41:08,482 - TelegramMonitor - INFO - Topic: PUMP_FDV_Surge - Filtered: 5 - Passed: 1
2024-11-16 06:43:48,915 - TelegramMonitor - INFO - Topic: PUMP_FDV_Surge - Filtered: 5 - Passed: 1
2024-11-16 06:44:52,178 - TelegramMonitor - INFO - Topic: Solana_FDV_Surge - Filtered: 5 - Passed: 1
2024-11-16 06:45:03,056 - TelegramMonitor - INFO - Topic: ATH_Price - Filtered: 5 - Passed: 1
2024-11-16 06:46:29,705 - TelegramMonitor - INFO - Topic: PUMP_FDV_Surge - Filtered: 5 - Passed: 1
2024-11-16 06:48:53,297 - TelegramMonitor - INFO - Topic: PUMP_FDV_Surge - Filtered: 5 - Passed: 1
2024-11-16 06:49:15,088 - TelegramMonitor - INFO - Topic: ATH_Price - Filtered: 5 - Passed: 1
2024-11-16 06:49:45,551 - TelegramMonitor - INFO - Topic: Solana_FDV_Surge - Filtered: 5 - Passed: 1
2024-11-16 06:52:01,879 - TelegramMonitor - INFO - Topic: ATH_Price - Filtered: 5 - Passed: 1
2024-11-16 06:52:13,297 - TelegramMonitor - INFO - Topic: ATH_Price - Filtered: 5 - Passed: 1
2024-11-16 06:53:23,501 - TelegramMonitor - INFO - Topic: PUMP_FDV_Surge - Filtered: 5 - Passed: 1
2024-11-16 06:53:52,126 - TelegramMonitor - INFO - Topic: PUMP_FDV_Surge - Filtered: 5 - Passed: 1
2024-11-16 06:53:56,111 - TelegramMonitor - INFO - Topic: ATH_Price - Filtered: 5 - Passed: 1
2024-11-16 06:54:47,715 - TelegramMonitor - INFO - Topic: ATH_Price - Filtered: 5 - Passed: 1
2024-11-16 06:55:33,381 - TelegramMonitor - INFO - Topic: ATH_Price - Filtered: 5 - Passed: 1
2024-11-16 06:55:52,679 - TelegramMonitor - INFO - Topic: Solana_FDV_Surge - Filtered: 5 - Passed: 1
2024-11-16 06:56:19,084 - TelegramMonitor - INFO - Topic: ATH_Price - Filtered: 5 - Passed: 1
2024-11-16 06:56:21,470 - TelegramMonitor - INFO - Topic: PUMP_FDV_Surge - Filtered: 5 - Passed: 1
2024-11-16 06:56:27,182 - TelegramMonitor - INFO - Topic: PUMP_FDV_Surge - Filtered: 5 - Passed: 1
2024-11-16 06:58:42,497 - TelegramMonitor - INFO - Topic: ATH_Price - Filtered: 5 - Passed: 1
2024-11-16 06:58:45,548 - TelegramMonitor - INFO - Topic: Solana_FDV_Surge - Filtered: 5 - Passed: 1
2024-11-16 07:00:14,566 - TelegramMonitor - INFO - Topic: ATH_Price - Filtered: 5 - Passed: 1
2024-11-16 07:01:23,214 - TelegramMonitor - INFO - Topic: ATH_Price - Filtered: 5 - Passed: 1
2024-11-16 07:02:58,396 - TelegramMonitor - INFO - Topic: PUMP_FDV_Surge - Filtered: 5 - Passed: 1
2024-11-16 07:04:59,715 - TelegramMonitor - INFO - Topic: Solana_FDV_Surge - Filtered: 5 - Passed: 1
2024-11-16 07:05:06,711 - TelegramMonitor - INFO - Topic: ATH_Price - Filtered: 5 - Passed: 1
2024-11-16 07:05:34,506 - TelegramMonitor - INFO - Topic: Solana_FDV_Surge - Filtered: 5 - Passed: 1
2024-11-16 07:05:44,519 - TelegramMonitor - INFO - Topic: PUMP_FDV_Surge - Filtered: 5 - Passed: 1
2024-11-16 07:07:12,452 - TelegramMonitor - INFO - Topic: ATH_Price - Filtered: 5 - Passed: 1
2024-11-16 07:07:29,129 - TelegramMonitor - INFO - Topic: Solana_FDV_Surge - Filtered: 5 - Passed: 1
2024-11-16 07:08:33,425 - TelegramMonitor - INFO - Topic: Solana_FDV_Surge - Filtered: 5 - Passed: 1
2024-11-16 07:09:00,847 - TelegramMonitor - INFO - Topic: PUMP_FDV_Surge - Filtered: 5 - Passed: 1
2024-11-16 07:10:55,509 - TelegramMonitor - INFO - Topic: PUMP_FDV_Surge - Filtered: 5 - Passed: 1
2024-11-16 07:12:49,761 - TelegramMonitor - INFO - Topic: PUMP_FDV_Surge - Filtered: 5 - Passed: 1
2024-11-16 07:13:01,163 - TelegramMonitor - INFO - Topic: PUMP_FDV_Surge - Filtered: 5 - Passed: 1
2024-11-16 07:14:00,345 - TelegramMonitor - INFO - Topic: Solana_FDV_Surge - Filtered: 5 - Passed: 1
2024-11-16 07:14:15,530 - TelegramMonitor - INFO - Topic: PUMP_FDV_Surge - Filtered: 5 - Passed: 1
2024-11-16 07:14:29,046 - TelegramMonitor - INFO - Topic: ATH_Price - Filtered: 5 - Passed: 2
2024-11-16 07:14:34,641 - TelegramMonitor - INFO - Topic: Solana_FDV_Surge - Filtered: 5 - Passed: 1
2024-11-16 07:15:26,401 - TelegramMonitor - INFO - Topic: ATH_Price - Filtered: 5 - Passed: 1
2024-11-16 07:15:43,480 - TelegramMonitor - INFO - Topic: ATH_Price - Filtered: 5 - Passed: 1
2024-11-16 07:17:18,536 - TelegramMonitor - INFO - Topic: PUMP_FDV_Surge - Filtered: 5 - Passed: 1
2024-11-16 07:18:46,661 - TelegramMonitor - INFO - Topic: Solana_FDV_Surge - Filtered: 5 - Passed: 2
2024-11-16 07:20:04,657 - TelegramMonitor - INFO - Topic: PUMP_FDV_Surge - Filtered: 5 - Passed: 1
2024-11-16 07:20:50,426 - TelegramMonitor - INFO - Topic: PUMP_FDV_Surge - Filtered: 5 - Passed: 1
2024-11-16 07:20:56,261 - TelegramMonitor - INFO - Topic: PUMP_FDV_Surge - Filtered: 5 - Passed: 1
2024-11-16 07:21:41,939 - TelegramMonitor - INFO - Topic: PUMP_FDV_Surge - Filtered: 5 - Passed: 1
2024-11-16 07:21:47,642 - TelegramMonitor - INFO - Topic: PUMP_FDV_Surge - Filtered: 5 - Passed: 1
